Feb 14, 2016 8:01:23 PM org.apache.catalina.core.AprLifecycleListener init
INFO: The APR based Apache Tomcat Native library which allows optimal performance in production environments was not found on the java.library.path: C:\Program Files (x86)\Java\jdk1.7.0_79\bin;C:\WINDOWS\Sun\Java\bin;C:\WINDOWS\system32;C:\WINDOWS;C:\ProgramData\Oracle\Java\javapath;C:\WINDOWS\system32;C:\WINDOWS;C:\WINDOWS\System32\Wbem;C:\WINDOWS\System32\WindowsPowerShell\v1.0\;D:\Anaconda2;D:\Anaconda2\Scripts;D:\Anaconda2\Library\bin;C:\Program Files (x86)\Windows Kits\8.1\Windows Performance Toolkit\;C:\Program Files\Microsoft SQL Server\110\Tools\Binn\;C:\Program Files\Microsoft SQL Server\Client SDK\ODBC\110\Tools\Binn\;C:\Program Files (x86)\Microsoft SQL Server\120\Tools\Binn\ManagementStudio\;C:\Program Files (x86)\Microsoft SQL Server\120\Tools\Binn\;C:\Program Files\Microsoft SQL Server\120\Tools\Binn\;C:\Program Files (x86)\Microsoft SQL Server\120\DTS\Binn\;C:\Program Files\Microsoft SQL Server\120\DTS\Binn\;C:\Program Files (x86)\Java\jdk1.8.0_71;C:\Program Files\MySQL\MySQL Server 5.5\bin;.
Feb 14, 2016 8:01:24 PM org.apache.coyote.AbstractProtocol init
INFO: Initializing ProtocolHandler ["http-bio-8080"]
Feb 14, 2016 8:01:24 PM org.apache.coyote.AbstractProtocol init
INFO: Initializing ProtocolHandler ["ajp-bio-8009"]
Feb 14, 2016 8:01:24 PM org.apache.openejb.util.OptionsLog info
INFO: Using 'openejb.jdbc.datasource-creator=org.apache.tomee.jdbc.TomEEDataSourceCreator'
Feb 14, 2016 8:01:24 PM org.apache.openejb.OpenEJB$Instance <init>
INFO: ********************************************************************************
Feb 14, 2016 8:01:24 PM org.apache.openejb.OpenEJB$Instance <init>
INFO: OpenEJB http://openejb.apache.org/
Feb 14, 2016 8:01:24 PM org.apache.openejb.OpenEJB$Instance <init>
INFO: Startup: Sun Feb 14 20:01:24 CET 2016
Feb 14, 2016 8:01:24 PM org.apache.openejb.OpenEJB$Instance <init>
INFO: Copyright 1999-2012 (C) Apache OpenEJB Project, All Rights Reserved.
Feb 14, 2016 8:01:24 PM org.apache.openejb.OpenEJB$Instance <init>
INFO: Version: 4.5.0
Feb 14, 2016 8:01:24 PM org.apache.openejb.OpenEJB$Instance <init>
INFO: Build date: 20120928
Feb 14, 2016 8:01:24 PM org.apache.openejb.OpenEJB$Instance <init>
INFO: Build time: 08:12
Feb 14, 2016 8:01:24 PM org.apache.openejb.OpenEJB$Instance <init>
INFO: ********************************************************************************
Feb 14, 2016 8:01:24 PM org.apache.openejb.OpenEJB$Instance <init>
INFO: openejb.home = C:\Users\Home\Desktop\ProjekatISA\apache-tomee-plus-1.5.0
Feb 14, 2016 8:01:24 PM org.apache.openejb.OpenEJB$Instance <init>
INFO: openejb.base = C:\Users\Home\Desktop\ProjekatISA\apache-tomee-plus-1.5.0
Feb 14, 2016 8:01:24 PM org.apache.openejb.cdi.CdiBuilder initializeOWB
INFO: Created new singletonService org.apache.openejb.cdi.ThreadSingletonServiceImpl@1381842
Feb 14, 2016 8:01:24 PM org.apache.openejb.cdi.CdiBuilder initializeOWB
INFO: Succeeded in installing singleton service
Feb 14, 2016 8:01:24 PM org.apache.openejb.config.ConfigurationFactory init
INFO: openejb configuration file is 'C:\Users\Home\Desktop\ProjekatISA\apache-tomee-plus-1.5.0\conf\tomee.xml'
Feb 14, 2016 8:01:24 PM org.apache.openejb.util.OptionsLog info
INFO: Using 'openejb.provider.default=org.apache.tomee'
Feb 14, 2016 8:01:24 PM org.apache.openejb.config.ConfigurationFactory configureService
INFO: Configuring Service(id=Tomcat Security Service, type=SecurityService, provider-id=Tomcat Security Service)
Feb 14, 2016 8:01:24 PM org.apache.openejb.config.ConfigurationFactory configureService
INFO: Configuring Service(id=Default Transaction Manager, type=TransactionManager, provider-id=Default Transaction Manager)
Feb 14, 2016 8:01:24 PM org.apache.openejb.config.ConfigurationFactory configureService
INFO: Configuring Service(id=My Unmanaged DataSource, type=Resource, provider-id=Default JDBC Database)
Feb 14, 2016 8:01:24 PM org.apache.openejb.config.ConfigurationFactory configureService
INFO: Configuring Service(id=My DataSource, type=Resource, provider-id=Default JDBC Database)
Feb 14, 2016 8:01:24 PM org.apache.openejb.config.ConfigurationFactory configureService
INFO: Configuring Service(id=My Singleton Container, type=Container, provider-id=Default Singleton Container)
Feb 14, 2016 8:01:24 PM org.apache.openejb.config.ConfigurationFactory configureService
INFO: Configuring Service(id=My Stateful Container, type=Container, provider-id=Default Stateful Container)
Feb 14, 2016 8:01:24 PM org.apache.openejb.config.ConfigurationFactory configureService
INFO: Configuring Service(id=My Stateless Container, type=Container, provider-id=Default Stateless Container)
Feb 14, 2016 8:01:24 PM org.apache.openejb.util.OptionsLog info
INFO: Using 'openejb.system.apps=true'
Feb 14, 2016 8:01:24 PM org.apache.openejb.config.ConfigurationFactory configureApplication
INFO: Configuring enterprise application: null
Feb 14, 2016 8:01:25 PM org.apache.openejb.config.InitEjbDeployments deploy
INFO: Using openejb.deploymentId.format '{ejbName}'
Feb 14, 2016 8:01:25 PM org.apache.openejb.config.InitEjbDeployments deploy
INFO: Auto-deploying ejb openejb/Deployer: EjbDeployment(deployment-id=openejb/Deployer)
Feb 14, 2016 8:01:25 PM org.apache.openejb.config.InitEjbDeployments deploy
INFO: Auto-deploying ejb openejb/ConfigurationInfo: EjbDeployment(deployment-id=openejb/ConfigurationInfo)
Feb 14, 2016 8:01:25 PM org.apache.openejb.config.InitEjbDeployments deploy
INFO: Auto-deploying ejb MEJB: EjbDeployment(deployment-id=MEJB)
Feb 14, 2016 8:01:25 PM org.apache.openejb.config.AppInfoBuilder build
INFO: Enterprise application "openejb" loaded.
Feb 14, 2016 8:01:25 PM org.apache.openejb.assembler.classic.Assembler createRecipe
INFO: Creating TransactionManager(id=Default Transaction Manager)
Feb 14, 2016 8:01:25 PM org.apache.openejb.assembler.classic.Assembler createRecipe
INFO: Creating SecurityService(id=Tomcat Security Service)
Feb 14, 2016 8:01:25 PM org.apache.openejb.assembler.classic.Assembler createRecipe
INFO: Creating Resource(id=My Unmanaged DataSource)
Feb 14, 2016 8:01:25 PM org.apache.openejb.util.OpenEJBErrorHandler handleUnknownError
SEVERE: FATAL ERROR: Unknown error in Assembler.  Please send the following stack trace and this message to users@openejb.apache.org :
 org.apache.xbean.propertyeditor.PropertyEditorException: Unable to resolve class com.mysql.jdbc.Driver
	at org.apache.xbean.propertyeditor.ClassEditor.toObjectImpl(ClassEditor.java:43)
	at org.apache.xbean.propertyeditor.AbstractConverter.toObject(AbstractConverter.java:86)
	at org.apache.xbean.propertyeditor.PropertyEditors.getValue(PropertyEditors.java:284)
	at org.apache.xbean.recipe.RecipeHelper.convert(RecipeHelper.java:172)
	at org.apache.xbean.recipe.ObjectRecipe.extractConstructorArgs(ObjectRecipe.java:592)
	at org.apache.xbean.recipe.ObjectRecipe.internalCreate(ObjectRecipe.java:275)
	at org.apache.xbean.recipe.AbstractRecipe.create(AbstractRecipe.java:96)
	at org.apache.xbean.recipe.AbstractRecipe.create(AbstractRecipe.java:61)
	at org.apache.xbean.recipe.AbstractRecipe.create(AbstractRecipe.java:49)
	at org.apache.openejb.assembler.classic.Assembler.createResource(Assembler.java:1660)
	at org.apache.openejb.assembler.classic.Assembler.buildContainerSystem(Assembler.java:422)
	at org.apache.openejb.assembler.classic.Assembler.build(Assembler.java:341)
	at org.apache.openejb.OpenEJB$Instance.<init>(OpenEJB.java:144)
	at org.apache.openejb.OpenEJB.init(OpenEJB.java:290)
	at org.apache.tomee.catalina.TomcatLoader.initialize(TomcatLoader.java:231)
	at org.apache.tomee.catalina.TomcatLoader.init(TomcatLoader.java:131)
	at org.apache.tomee.catalina.ServerListener.lifecycleEvent(ServerListener.java:113)
	at org.apache.catalina.util.LifecycleSupport.fireLifecycleEvent(LifecycleSupport.java:119)
	at org.apache.catalina.util.LifecycleBase.fireLifecycleEvent(LifecycleBase.java:90)
	at org.apache.catalina.util.LifecycleBase.setStateInternal(LifecycleBase.java:401)
	at org.apache.catalina.util.LifecycleBase.init(LifecycleBase.java:110)
	at org.apache.catalina.startup.Catalina.load(Catalina.java:633)
	at org.apache.catalina.startup.Catalina.load(Catalina.java:658)
	at sun.reflect.NativeMethodAccessorImpl.invoke0(Native Method)
	at sun.reflect.NativeMethodAccessorImpl.invoke(NativeMethodAccessorImpl.java:57)
	at sun.reflect.DelegatingMethodAccessorImpl.invoke(DelegatingMethodAccessorImpl.java:43)
	at java.lang.reflect.Method.invoke(Method.java:606)
	at org.apache.catalina.startup.Bootstrap.load(Bootstrap.java:281)
	at org.apache.catalina.startup.Bootstrap.main(Bootstrap.java:450)
Caused by: java.lang.ClassNotFoundException: com.mysql.jdbc.Driver
	at java.net.URLClassLoader$1.run(URLClassLoader.java:366)
	at java.net.URLClassLoader$1.run(URLClassLoader.java:355)
	at java.security.AccessController.doPrivileged(Native Method)
	at java.net.URLClassLoader.findClass(URLClassLoader.java:354)
	at java.lang.ClassLoader.loadClass(ClassLoader.java:425)
	at java.lang.ClassLoader.loadClass(ClassLoader.java:358)
	at java.lang.Class.forName0(Native Method)
	at java.lang.Class.forName(Class.java:274)
	at org.apache.xbean.propertyeditor.ClassEditor.toObjectImpl(ClassEditor.java:40)
	... 28 more

Feb 14, 2016 8:01:25 PM org.apache.openejb.OpenEJB$Instance <init>
SEVERE: OpenEJB has encountered a fatal error and cannot be started: Assembler failed to build the container system.
org.apache.openejb.OpenEJBException: org.apache.xbean.propertyeditor.PropertyEditorException: Unable to resolve class com.mysql.jdbc.Driver: Unable to resolve class com.mysql.jdbc.Driver
	at org.apache.openejb.assembler.classic.Assembler.build(Assembler.java:354)
	at org.apache.openejb.OpenEJB$Instance.<init>(OpenEJB.java:144)
	at org.apache.openejb.OpenEJB.init(OpenEJB.java:290)
	at org.apache.tomee.catalina.TomcatLoader.initialize(TomcatLoader.java:231)
	at org.apache.tomee.catalina.TomcatLoader.init(TomcatLoader.java:131)
	at org.apache.tomee.catalina.ServerListener.lifecycleEvent(ServerListener.java:113)
	at org.apache.catalina.util.LifecycleSupport.fireLifecycleEvent(LifecycleSupport.java:119)
	at org.apache.catalina.util.LifecycleBase.fireLifecycleEvent(LifecycleBase.java:90)
	at org.apache.catalina.util.LifecycleBase.setStateInternal(LifecycleBase.java:401)
	at org.apache.catalina.util.LifecycleBase.init(LifecycleBase.java:110)
	at org.apache.catalina.startup.Catalina.load(Catalina.java:633)
	at org.apache.catalina.startup.Catalina.load(Catalina.java:658)
	at sun.reflect.NativeMethodAccessorImpl.invoke0(Native Method)
	at sun.reflect.NativeMethodAccessorImpl.invoke(NativeMethodAccessorImpl.java:57)
	at sun.reflect.DelegatingMethodAccessorImpl.invoke(DelegatingMethodAccessorImpl.java:43)
	at java.lang.reflect.Method.invoke(Method.java:606)
	at org.apache.catalina.startup.Bootstrap.load(Bootstrap.java:281)
	at org.apache.catalina.startup.Bootstrap.main(Bootstrap.java:450)
Caused by: org.apache.xbean.propertyeditor.PropertyEditorException: Unable to resolve class com.mysql.jdbc.Driver
	at org.apache.xbean.propertyeditor.ClassEditor.toObjectImpl(ClassEditor.java:43)
	at org.apache.xbean.propertyeditor.AbstractConverter.toObject(AbstractConverter.java:86)
	at org.apache.xbean.propertyeditor.PropertyEditors.getValue(PropertyEditors.java:284)
	at org.apache.xbean.recipe.RecipeHelper.convert(RecipeHelper.java:172)
	at org.apache.xbean.recipe.ObjectRecipe.extractConstructorArgs(ObjectRecipe.java:592)
	at org.apache.xbean.recipe.ObjectRecipe.internalCreate(ObjectRecipe.java:275)
	at org.apache.xbean.recipe.AbstractRecipe.create(AbstractRecipe.java:96)
	at org.apache.xbean.recipe.AbstractRecipe.create(AbstractRecipe.java:61)
	at org.apache.xbean.recipe.AbstractRecipe.create(AbstractRecipe.java:49)
	at org.apache.openejb.assembler.classic.Assembler.createResource(Assembler.java:1660)
	at org.apache.openejb.assembler.classic.Assembler.buildContainerSystem(Assembler.java:422)
	at org.apache.openejb.assembler.classic.Assembler.build(Assembler.java:341)
	... 17 more
Caused by: java.lang.ClassNotFoundException: com.mysql.jdbc.Driver
	at java.net.URLClassLoader$1.run(URLClassLoader.java:366)
	at java.net.URLClassLoader$1.run(URLClassLoader.java:355)
	at java.security.AccessController.doPrivileged(Native Method)
	at java.net.URLClassLoader.findClass(URLClassLoader.java:354)
	at java.lang.ClassLoader.loadClass(ClassLoader.java:425)
	at java.lang.ClassLoader.loadClass(ClassLoader.java:358)
	at java.lang.Class.forName0(Native Method)
	at java.lang.Class.forName(Class.java:274)
	at org.apache.xbean.propertyeditor.ClassEditor.toObjectImpl(ClassEditor.java:40)
	... 28 more

Feb 14, 2016 8:01:25 PM org.apache.tomee.catalina.ServerListener lifecycleEvent
SEVERE: TomEE Listener can't start OpenEJB
org.apache.openejb.OpenEJBException: org.apache.xbean.propertyeditor.PropertyEditorException: Unable to resolve class com.mysql.jdbc.Driver: Unable to resolve class com.mysql.jdbc.Driver
	at org.apache.openejb.assembler.classic.Assembler.build(Assembler.java:354)
	at org.apache.openejb.OpenEJB$Instance.<init>(OpenEJB.java:144)
	at org.apache.openejb.OpenEJB.init(OpenEJB.java:290)
	at org.apache.tomee.catalina.TomcatLoader.initialize(TomcatLoader.java:231)
	at org.apache.tomee.catalina.TomcatLoader.init(TomcatLoader.java:131)
	at org.apache.tomee.catalina.ServerListener.lifecycleEvent(ServerListener.java:113)
	at org.apache.catalina.util.LifecycleSupport.fireLifecycleEvent(LifecycleSupport.java:119)
	at org.apache.catalina.util.LifecycleBase.fireLifecycleEvent(LifecycleBase.java:90)
	at org.apache.catalina.util.LifecycleBase.setStateInternal(LifecycleBase.java:401)
	at org.apache.catalina.util.LifecycleBase.init(LifecycleBase.java:110)
	at org.apache.catalina.startup.Catalina.load(Catalina.java:633)
	at org.apache.catalina.startup.Catalina.load(Catalina.java:658)
	at sun.reflect.NativeMethodAccessorImpl.invoke0(Native Method)
	at sun.reflect.NativeMethodAccessorImpl.invoke(NativeMethodAccessorImpl.java:57)
	at sun.reflect.DelegatingMethodAccessorImpl.invoke(DelegatingMethodAccessorImpl.java:43)
	at java.lang.reflect.Method.invoke(Method.java:606)
	at org.apache.catalina.startup.Bootstrap.load(Bootstrap.java:281)
	at org.apache.catalina.startup.Bootstrap.main(Bootstrap.java:450)
Caused by: org.apache.xbean.propertyeditor.PropertyEditorException: Unable to resolve class com.mysql.jdbc.Driver
	at org.apache.xbean.propertyeditor.ClassEditor.toObjectImpl(ClassEditor.java:43)
	at org.apache.xbean.propertyeditor.AbstractConverter.toObject(AbstractConverter.java:86)
	at org.apache.xbean.propertyeditor.PropertyEditors.getValue(PropertyEditors.java:284)
	at org.apache.xbean.recipe.RecipeHelper.convert(RecipeHelper.java:172)
	at org.apache.xbean.recipe.ObjectRecipe.extractConstructorArgs(ObjectRecipe.java:592)
	at org.apache.xbean.recipe.ObjectRecipe.internalCreate(ObjectRecipe.java:275)
	at org.apache.xbean.recipe.AbstractRecipe.create(AbstractRecipe.java:96)
	at org.apache.xbean.recipe.AbstractRecipe.create(AbstractRecipe.java:61)
	at org.apache.xbean.recipe.AbstractRecipe.create(AbstractRecipe.java:49)
	at org.apache.openejb.assembler.classic.Assembler.createResource(Assembler.java:1660)
	at org.apache.openejb.assembler.classic.Assembler.buildContainerSystem(Assembler.java:422)
	at org.apache.openejb.assembler.classic.Assembler.build(Assembler.java:341)
	... 17 more
Caused by: java.lang.ClassNotFoundException: com.mysql.jdbc.Driver
	at java.net.URLClassLoader$1.run(URLClassLoader.java:366)
	at java.net.URLClassLoader$1.run(URLClassLoader.java:355)
	at java.security.AccessController.doPrivileged(Native Method)
	at java.net.URLClassLoader.findClass(URLClassLoader.java:354)
	at java.lang.ClassLoader.loadClass(ClassLoader.java:425)
	at java.lang.ClassLoader.loadClass(ClassLoader.java:358)
	at java.lang.Class.forName0(Native Method)
	at java.lang.Class.forName(Class.java:274)
	at org.apache.xbean.propertyeditor.ClassEditor.toObjectImpl(ClassEditor.java:40)
	... 28 more

Feb 14, 2016 8:01:25 PM org.apache.catalina.startup.Catalina load
INFO: Initialization processed in 1555 ms
Feb 14, 2016 8:01:25 PM org.apache.catalina.core.StandardService startInternal
INFO: Starting service Catalina
Feb 14, 2016 8:01:25 PM org.apache.catalina.core.StandardEngine startInternal
INFO: Starting Servlet Engine: Apache Tomcat/7.0.30
Feb 14, 2016 8:01:25 PM org.apache.catalina.startup.HostConfig deployDirectory
INFO: Deploying web application directory C:\Users\Home\Desktop\ProjekatISA\apache-tomee-plus-1.5.0\webapps\docs
Feb 14, 2016 8:01:25 PM org.apache.tomee.catalina.TomcatWebAppBuilder init
INFO: -------------------------
TomcatWebAppBuilder.init /docs
Feb 14, 2016 8:01:25 PM org.apache.openejb.config.ConfigurationFactory configureApplication
INFO: Configuring enterprise application: C:\Users\Home\Desktop\ProjekatISA\apache-tomee-plus-1.5.0\webapps\docs
Feb 14, 2016 8:01:25 PM org.apache.openejb.config.AppInfoBuilder build
INFO: Enterprise application "C:\Users\Home\Desktop\ProjekatISA\apache-tomee-plus-1.5.0\webapps\docs" loaded.
Feb 14, 2016 8:01:25 PM org.apache.openejb.assembler.classic.Assembler createApplication
INFO: Assembling app: C:\Users\Home\Desktop\ProjekatISA\apache-tomee-plus-1.5.0\webapps\docs
Feb 14, 2016 8:01:25 PM org.apache.openejb.cdi.CdiBuilder initSingleton
INFO: Existing thread singleton service in SystemInstance() org.apache.openejb.cdi.ThreadSingletonServiceImpl@1381842
Feb 14, 2016 8:01:25 PM org.apache.openejb.cdi.OpenEJBLifecycle startApplication
INFO: OpenWebBeans Container is starting...
Feb 14, 2016 8:01:25 PM org.apache.webbeans.plugins.PluginLoader startUp
INFO: Adding OpenWebBeansPlugin : [CdiPlugin]
Feb 14, 2016 8:01:25 PM org.apache.webbeans.plugins.PluginLoader startUp
INFO: Adding OpenWebBeansPlugin : [OpenWebBeansJsfPlugin]
Feb 14, 2016 8:01:25 PM org.apache.openejb.cdi.BeansDeployer validateInjectionPoints
INFO: All injection points are validated successfully.
Feb 14, 2016 8:01:25 PM org.apache.openejb.cdi.OpenEJBLifecycle startApplication
INFO: OpenWebBeans Container has started, it took 41 ms.
Feb 14, 2016 8:01:25 PM org.apache.openejb.assembler.classic.Assembler createApplication
INFO: Deployed Application(path=C:\Users\Home\Desktop\ProjekatISA\apache-tomee-plus-1.5.0\webapps\docs)
Feb 14, 2016 8:01:25 PM org.apache.catalina.startup.HostConfig deployDirectory
INFO: Deploying web application directory C:\Users\Home\Desktop\ProjekatISA\apache-tomee-plus-1.5.0\webapps\host-manager
Feb 14, 2016 8:01:25 PM org.apache.tomee.catalina.TomcatWebAppBuilder init
INFO: -------------------------
TomcatWebAppBuilder.init /host-manager
Feb 14, 2016 8:01:25 PM org.apache.openejb.config.ConfigurationFactory configureApplication
INFO: Configuring enterprise application: C:\Users\Home\Desktop\ProjekatISA\apache-tomee-plus-1.5.0\webapps\host-manager
Feb 14, 2016 8:01:25 PM org.apache.openejb.config.AppInfoBuilder build
INFO: Enterprise application "C:\Users\Home\Desktop\ProjekatISA\apache-tomee-plus-1.5.0\webapps\host-manager" loaded.
Feb 14, 2016 8:01:25 PM org.apache.openejb.assembler.classic.Assembler createApplication
INFO: Assembling app: C:\Users\Home\Desktop\ProjekatISA\apache-tomee-plus-1.5.0\webapps\host-manager
Feb 14, 2016 8:01:25 PM org.apache.openejb.cdi.CdiBuilder initSingleton
INFO: Existing thread singleton service in SystemInstance() org.apache.openejb.cdi.ThreadSingletonServiceImpl@1381842
Feb 14, 2016 8:01:25 PM org.apache.openejb.cdi.OpenEJBLifecycle startApplication
INFO: OpenWebBeans Container is starting...
Feb 14, 2016 8:01:25 PM org.apache.webbeans.plugins.PluginLoader startUp
INFO: Adding OpenWebBeansPlugin : [CdiPlugin]
Feb 14, 2016 8:01:25 PM org.apache.webbeans.plugins.PluginLoader startUp
INFO: Adding OpenWebBeansPlugin : [OpenWebBeansJsfPlugin]
Feb 14, 2016 8:01:25 PM org.apache.openejb.cdi.BeansDeployer validateInjectionPoints
INFO: All injection points are validated successfully.
Feb 14, 2016 8:01:25 PM org.apache.openejb.cdi.OpenEJBLifecycle startApplication
INFO: OpenWebBeans Container has started, it took 8 ms.
Feb 14, 2016 8:01:25 PM org.apache.tomee.catalina.TomcatWebAppBuilder deployWebApps
INFO: using context file C:\Users\Home\Desktop\ProjekatISA\apache-tomee-plus-1.5.0\webapps\host-manager\META-INF\context.xml
Feb 14, 2016 8:01:25 PM org.apache.openejb.assembler.classic.Assembler createApplication
INFO: Deployed Application(path=C:\Users\Home\Desktop\ProjekatISA\apache-tomee-plus-1.5.0\webapps\host-manager)
Feb 14, 2016 8:01:26 PM org.apache.catalina.startup.HostConfig deployDirectory
INFO: Deploying web application directory C:\Users\Home\Desktop\ProjekatISA\apache-tomee-plus-1.5.0\webapps\manager
Feb 14, 2016 8:01:26 PM org.apache.tomee.catalina.TomcatWebAppBuilder init
INFO: -------------------------
TomcatWebAppBuilder.init /manager
Feb 14, 2016 8:01:26 PM org.apache.openejb.config.ConfigurationFactory configureApplication
INFO: Configuring enterprise application: C:\Users\Home\Desktop\ProjekatISA\apache-tomee-plus-1.5.0\webapps\manager
Feb 14, 2016 8:01:26 PM org.apache.openejb.config.AppInfoBuilder build
INFO: Enterprise application "C:\Users\Home\Desktop\ProjekatISA\apache-tomee-plus-1.5.0\webapps\manager" loaded.
Feb 14, 2016 8:01:26 PM org.apache.openejb.assembler.classic.Assembler createApplication
INFO: Assembling app: C:\Users\Home\Desktop\ProjekatISA\apache-tomee-plus-1.5.0\webapps\manager
Feb 14, 2016 8:01:26 PM org.apache.openejb.cdi.CdiBuilder initSingleton
INFO: Existing thread singleton service in SystemInstance() org.apache.openejb.cdi.ThreadSingletonServiceImpl@1381842
Feb 14, 2016 8:01:26 PM org.apache.openejb.cdi.OpenEJBLifecycle startApplication
INFO: OpenWebBeans Container is starting...
Feb 14, 2016 8:01:26 PM org.apache.webbeans.plugins.PluginLoader startUp
INFO: Adding OpenWebBeansPlugin : [CdiPlugin]
Feb 14, 2016 8:01:26 PM org.apache.webbeans.plugins.PluginLoader startUp
INFO: Adding OpenWebBeansPlugin : [OpenWebBeansJsfPlugin]
Feb 14, 2016 8:01:26 PM org.apache.openejb.cdi.BeansDeployer validateInjectionPoints
INFO: All injection points are validated successfully.
Feb 14, 2016 8:01:26 PM org.apache.openejb.cdi.OpenEJBLifecycle startApplication
INFO: OpenWebBeans Container has started, it took 18 ms.
Feb 14, 2016 8:01:26 PM org.apache.tomee.catalina.TomcatWebAppBuilder deployWebApps
INFO: using context file C:\Users\Home\Desktop\ProjekatISA\apache-tomee-plus-1.5.0\webapps\manager\META-INF\context.xml
Feb 14, 2016 8:01:26 PM org.apache.openejb.assembler.classic.Assembler createApplication
INFO: Deployed Application(path=C:\Users\Home\Desktop\ProjekatISA\apache-tomee-plus-1.5.0\webapps\manager)
Feb 14, 2016 8:01:26 PM org.apache.catalina.startup.HostConfig deployDirectory
INFO: Deploying web application directory C:\Users\Home\Desktop\ProjekatISA\apache-tomee-plus-1.5.0\webapps\ROOT
Feb 14, 2016 8:01:26 PM org.apache.tomee.catalina.TomcatWebAppBuilder init
INFO: -------------------------
TomcatWebAppBuilder.init 
Feb 14, 2016 8:01:26 PM org.apache.openejb.config.ConfigurationFactory configureApplication
INFO: Configuring enterprise application: C:\Users\Home\Desktop\ProjekatISA\apache-tomee-plus-1.5.0\webapps\ROOT
Feb 14, 2016 8:01:26 PM org.apache.openejb.config.AppInfoBuilder build
INFO: Enterprise application "C:\Users\Home\Desktop\ProjekatISA\apache-tomee-plus-1.5.0\webapps\ROOT" loaded.
Feb 14, 2016 8:01:26 PM org.apache.openejb.assembler.classic.Assembler createApplication
INFO: Assembling app: C:\Users\Home\Desktop\ProjekatISA\apache-tomee-plus-1.5.0\webapps\ROOT
Feb 14, 2016 8:01:26 PM org.apache.openejb.cdi.CdiBuilder initSingleton
INFO: Existing thread singleton service in SystemInstance() org.apache.openejb.cdi.ThreadSingletonServiceImpl@1381842
Feb 14, 2016 8:01:26 PM org.apache.openejb.cdi.OpenEJBLifecycle startApplication
INFO: OpenWebBeans Container is starting...
Feb 14, 2016 8:01:26 PM org.apache.webbeans.plugins.PluginLoader startUp
INFO: Adding OpenWebBeansPlugin : [CdiPlugin]
Feb 14, 2016 8:01:26 PM org.apache.webbeans.plugins.PluginLoader startUp
INFO: Adding OpenWebBeansPlugin : [OpenWebBeansJsfPlugin]
Feb 14, 2016 8:01:26 PM org.apache.openejb.cdi.BeansDeployer validateInjectionPoints
INFO: All injection points are validated successfully.
Feb 14, 2016 8:01:26 PM org.apache.openejb.cdi.OpenEJBLifecycle startApplication
INFO: OpenWebBeans Container has started, it took 8 ms.
Feb 14, 2016 8:01:26 PM org.apache.openejb.assembler.classic.Assembler createApplication
INFO: Deployed Application(path=C:\Users\Home\Desktop\ProjekatISA\apache-tomee-plus-1.5.0\webapps\ROOT)
Feb 14, 2016 8:01:26 PM org.apache.catalina.startup.HostConfig deployDirectory
INFO: Deploying web application directory C:\Users\Home\Desktop\ProjekatISA\apache-tomee-plus-1.5.0\webapps\tomee
Feb 14, 2016 8:01:26 PM org.apache.tomee.catalina.TomcatWebAppBuilder init
INFO: -------------------------
TomcatWebAppBuilder.init /tomee
Feb 14, 2016 8:01:26 PM org.apache.openejb.config.ConfigurationFactory configureApplication
INFO: Configuring enterprise application: C:\Users\Home\Desktop\ProjekatISA\apache-tomee-plus-1.5.0\webapps\tomee
Feb 14, 2016 8:01:26 PM org.apache.openejb.config.AppInfoBuilder build
INFO: Enterprise application "C:\Users\Home\Desktop\ProjekatISA\apache-tomee-plus-1.5.0\webapps\tomee" loaded.
Feb 14, 2016 8:01:26 PM org.apache.openejb.assembler.classic.Assembler createApplication
INFO: Assembling app: C:\Users\Home\Desktop\ProjekatISA\apache-tomee-plus-1.5.0\webapps\tomee
Feb 14, 2016 8:01:26 PM org.apache.openejb.cdi.CdiBuilder initSingleton
INFO: Existing thread singleton service in SystemInstance() org.apache.openejb.cdi.ThreadSingletonServiceImpl@1381842
Feb 14, 2016 8:01:26 PM org.apache.openejb.cdi.OpenEJBLifecycle startApplication
INFO: OpenWebBeans Container is starting...
Feb 14, 2016 8:01:26 PM org.apache.webbeans.plugins.PluginLoader startUp
INFO: Adding OpenWebBeansPlugin : [CdiPlugin]
Feb 14, 2016 8:01:26 PM org.apache.webbeans.plugins.PluginLoader startUp
INFO: Adding OpenWebBeansPlugin : [OpenWebBeansJsfPlugin]
Feb 14, 2016 8:01:26 PM org.apache.openejb.cdi.BeansDeployer validateInjectionPoints
INFO: All injection points are validated successfully.
Feb 14, 2016 8:01:26 PM org.apache.openejb.cdi.OpenEJBLifecycle startApplication
INFO: OpenWebBeans Container has started, it took 8 ms.
Feb 14, 2016 8:01:26 PM org.apache.openejb.assembler.classic.Assembler createApplication
INFO: Deployed Application(path=C:\Users\Home\Desktop\ProjekatISA\apache-tomee-plus-1.5.0\webapps\tomee)
Feb 14, 2016 8:01:26 PM org.apache.coyote.AbstractProtocol start
INFO: Starting ProtocolHandler ["http-bio-8080"]
Feb 14, 2016 8:01:26 PM org.apache.coyote.AbstractProtocol start
INFO: Starting ProtocolHandler ["ajp-bio-8009"]
Feb 14, 2016 8:01:26 PM org.apache.catalina.startup.Catalina start
INFO: Server startup in 1334 ms
Feb 14, 2016 8:04:39 PM org.apache.coyote.AbstractProtocol pause
INFO: Pausing ProtocolHandler ["http-bio-8080"]
Feb 14, 2016 8:04:39 PM org.apache.coyote.AbstractProtocol pause
INFO: Pausing ProtocolHandler ["ajp-bio-8009"]
Feb 14, 2016 8:04:39 PM org.apache.catalina.core.StandardService stopInternal
INFO: Stopping service Catalina
Feb 14, 2016 8:04:39 PM org.apache.openejb.assembler.classic.Assembler destroyApplication
INFO: Undeploying app: C:\Users\Home\Desktop\ProjekatISA\apache-tomee-plus-1.5.0\webapps\ROOT
Feb 14, 2016 8:07:32 PM org.apache.catalina.core.AprLifecycleListener init
INFO: The APR based Apache Tomcat Native library which allows optimal performance in production environments was not found on the java.library.path: C:\Program Files (x86)\Java\jdk1.7.0_79\bin;C:\WINDOWS\Sun\Java\bin;C:\WINDOWS\system32;C:\WINDOWS;C:\ProgramData\Oracle\Java\javapath;C:\WINDOWS\system32;C:\WINDOWS;C:\WINDOWS\System32\Wbem;C:\WINDOWS\System32\WindowsPowerShell\v1.0\;D:\Anaconda2;D:\Anaconda2\Scripts;D:\Anaconda2\Library\bin;C:\Program Files (x86)\Windows Kits\8.1\Windows Performance Toolkit\;C:\Program Files\Microsoft SQL Server\110\Tools\Binn\;C:\Program Files\Microsoft SQL Server\Client SDK\ODBC\110\Tools\Binn\;C:\Program Files (x86)\Microsoft SQL Server\120\Tools\Binn\ManagementStudio\;C:\Program Files (x86)\Microsoft SQL Server\120\Tools\Binn\;C:\Program Files\Microsoft SQL Server\120\Tools\Binn\;C:\Program Files (x86)\Microsoft SQL Server\120\DTS\Binn\;C:\Program Files\Microsoft SQL Server\120\DTS\Binn\;C:\Program Files (x86)\Java\jdk1.8.0_71;C:\Program Files\MySQL\MySQL Server 5.5\bin;.
Feb 14, 2016 8:07:32 PM org.apache.coyote.AbstractProtocol init
INFO: Initializing ProtocolHandler ["http-bio-8080"]
Feb 14, 2016 8:07:32 PM org.apache.coyote.AbstractProtocol init
INFO: Initializing ProtocolHandler ["ajp-bio-8009"]
Feb 14, 2016 8:07:33 PM org.apache.openejb.util.OptionsLog info
INFO: Using 'openejb.jdbc.datasource-creator=org.apache.tomee.jdbc.TomEEDataSourceCreator'
Feb 14, 2016 8:07:33 PM org.apache.openejb.OpenEJB$Instance <init>
INFO: ********************************************************************************
Feb 14, 2016 8:07:33 PM org.apache.openejb.OpenEJB$Instance <init>
INFO: OpenEJB http://openejb.apache.org/
Feb 14, 2016 8:07:33 PM org.apache.openejb.OpenEJB$Instance <init>
INFO: Startup: Sun Feb 14 20:07:33 CET 2016
Feb 14, 2016 8:07:33 PM org.apache.openejb.OpenEJB$Instance <init>
INFO: Copyright 1999-2012 (C) Apache OpenEJB Project, All Rights Reserved.
Feb 14, 2016 8:07:33 PM org.apache.openejb.OpenEJB$Instance <init>
INFO: Version: 4.5.0
Feb 14, 2016 8:07:33 PM org.apache.openejb.OpenEJB$Instance <init>
INFO: Build date: 20120928
Feb 14, 2016 8:07:33 PM org.apache.openejb.OpenEJB$Instance <init>
INFO: Build time: 08:12
Feb 14, 2016 8:07:33 PM org.apache.openejb.OpenEJB$Instance <init>
INFO: ********************************************************************************
Feb 14, 2016 8:07:33 PM org.apache.openejb.OpenEJB$Instance <init>
INFO: openejb.home = C:\Users\Home\Desktop\ProjekatISA\apache-tomee-plus-1.5.0
Feb 14, 2016 8:07:33 PM org.apache.openejb.OpenEJB$Instance <init>
INFO: openejb.base = C:\Users\Home\Desktop\ProjekatISA\apache-tomee-plus-1.5.0
Feb 14, 2016 8:07:33 PM org.apache.openejb.cdi.CdiBuilder initializeOWB
INFO: Created new singletonService org.apache.openejb.cdi.ThreadSingletonServiceImpl@1aebe35
Feb 14, 2016 8:07:33 PM org.apache.openejb.cdi.CdiBuilder initializeOWB
INFO: Succeeded in installing singleton service
Feb 14, 2016 8:07:33 PM org.apache.openejb.config.ConfigurationFactory init
INFO: openejb configuration file is 'C:\Users\Home\Desktop\ProjekatISA\apache-tomee-plus-1.5.0\conf\tomee.xml'
Feb 14, 2016 8:07:33 PM org.apache.openejb.util.OptionsLog info
INFO: Using 'openejb.provider.default=org.apache.tomee'
Feb 14, 2016 8:07:33 PM org.apache.openejb.config.ConfigurationFactory configureService
INFO: Configuring Service(id=Tomcat Security Service, type=SecurityService, provider-id=Tomcat Security Service)
Feb 14, 2016 8:07:33 PM org.apache.openejb.config.ConfigurationFactory configureService
INFO: Configuring Service(id=Default Transaction Manager, type=TransactionManager, provider-id=Default Transaction Manager)
Feb 14, 2016 8:07:33 PM org.apache.openejb.config.ConfigurationFactory configureService
INFO: Configuring Service(id=My Unmanaged DataSource, type=Resource, provider-id=Default JDBC Database)
Feb 14, 2016 8:07:33 PM org.apache.openejb.config.ConfigurationFactory configureService
INFO: Configuring Service(id=My DataSource, type=Resource, provider-id=Default JDBC Database)
Feb 14, 2016 8:07:33 PM org.apache.openejb.config.ConfigurationFactory configureService
INFO: Configuring Service(id=My Singleton Container, type=Container, provider-id=Default Singleton Container)
Feb 14, 2016 8:07:33 PM org.apache.openejb.config.ConfigurationFactory configureService
INFO: Configuring Service(id=My Stateful Container, type=Container, provider-id=Default Stateful Container)
Feb 14, 2016 8:07:33 PM org.apache.openejb.config.ConfigurationFactory configureService
INFO: Configuring Service(id=My Stateless Container, type=Container, provider-id=Default Stateless Container)
Feb 14, 2016 8:07:33 PM org.apache.openejb.util.OptionsLog info
INFO: Using 'openejb.system.apps=true'
Feb 14, 2016 8:07:33 PM org.apache.openejb.config.ConfigurationFactory configureApplication
INFO: Configuring enterprise application: null
Feb 14, 2016 8:07:33 PM org.apache.openejb.config.InitEjbDeployments deploy
INFO: Using openejb.deploymentId.format '{ejbName}'
Feb 14, 2016 8:07:33 PM org.apache.openejb.config.InitEjbDeployments deploy
INFO: Auto-deploying ejb openejb/Deployer: EjbDeployment(deployment-id=openejb/Deployer)
Feb 14, 2016 8:07:33 PM org.apache.openejb.config.InitEjbDeployments deploy
INFO: Auto-deploying ejb openejb/ConfigurationInfo: EjbDeployment(deployment-id=openejb/ConfigurationInfo)
Feb 14, 2016 8:07:33 PM org.apache.openejb.config.InitEjbDeployments deploy
INFO: Auto-deploying ejb MEJB: EjbDeployment(deployment-id=MEJB)
Feb 14, 2016 8:07:33 PM org.apache.openejb.config.AppInfoBuilder build
INFO: Enterprise application "openejb" loaded.
Feb 14, 2016 8:07:33 PM org.apache.openejb.assembler.classic.Assembler createRecipe
INFO: Creating TransactionManager(id=Default Transaction Manager)
Feb 14, 2016 8:07:33 PM org.apache.openejb.assembler.classic.Assembler createRecipe
INFO: Creating SecurityService(id=Tomcat Security Service)
Feb 14, 2016 8:07:33 PM org.apache.openejb.assembler.classic.Assembler createRecipe
INFO: Creating Resource(id=My Unmanaged DataSource)
Feb 14, 2016 8:07:33 PM org.apache.openejb.util.OpenEJBErrorHandler handleUnknownError
SEVERE: FATAL ERROR: Unknown error in Assembler.  Please send the following stack trace and this message to users@openejb.apache.org :
 org.apache.xbean.propertyeditor.PropertyEditorException: Unable to resolve class com.mysql.jdbc.Driver
	at org.apache.xbean.propertyeditor.ClassEditor.toObjectImpl(ClassEditor.java:43)
	at org.apache.xbean.propertyeditor.AbstractConverter.toObject(AbstractConverter.java:86)
	at org.apache.xbean.propertyeditor.PropertyEditors.getValue(PropertyEditors.java:284)
	at org.apache.xbean.recipe.RecipeHelper.convert(RecipeHelper.java:172)
	at org.apache.xbean.recipe.ObjectRecipe.extractConstructorArgs(ObjectRecipe.java:592)
	at org.apache.xbean.recipe.ObjectRecipe.internalCreate(ObjectRecipe.java:275)
	at org.apache.xbean.recipe.AbstractRecipe.create(AbstractRecipe.java:96)
	at org.apache.xbean.recipe.AbstractRecipe.create(AbstractRecipe.java:61)
	at org.apache.xbean.recipe.AbstractRecipe.create(AbstractRecipe.java:49)
	at org.apache.openejb.assembler.classic.Assembler.createResource(Assembler.java:1660)
	at org.apache.openejb.assembler.classic.Assembler.buildContainerSystem(Assembler.java:422)
	at org.apache.openejb.assembler.classic.Assembler.build(Assembler.java:341)
	at org.apache.openejb.OpenEJB$Instance.<init>(OpenEJB.java:144)
	at org.apache.openejb.OpenEJB.init(OpenEJB.java:290)
	at org.apache.tomee.catalina.TomcatLoader.initialize(TomcatLoader.java:231)
	at org.apache.tomee.catalina.TomcatLoader.init(TomcatLoader.java:131)
	at org.apache.tomee.catalina.ServerListener.lifecycleEvent(ServerListener.java:113)
	at org.apache.catalina.util.LifecycleSupport.fireLifecycleEvent(LifecycleSupport.java:119)
	at org.apache.catalina.util.LifecycleBase.fireLifecycleEvent(LifecycleBase.java:90)
	at org.apache.catalina.util.LifecycleBase.setStateInternal(LifecycleBase.java:401)
	at org.apache.catalina.util.LifecycleBase.init(LifecycleBase.java:110)
	at org.apache.catalina.startup.Catalina.load(Catalina.java:633)
	at org.apache.catalina.startup.Catalina.load(Catalina.java:658)
	at sun.reflect.NativeMethodAccessorImpl.invoke0(Native Method)
	at sun.reflect.NativeMethodAccessorImpl.invoke(NativeMethodAccessorImpl.java:57)
	at sun.reflect.DelegatingMethodAccessorImpl.invoke(DelegatingMethodAccessorImpl.java:43)
	at java.lang.reflect.Method.invoke(Method.java:606)
	at org.apache.catalina.startup.Bootstrap.load(Bootstrap.java:281)
	at org.apache.catalina.startup.Bootstrap.main(Bootstrap.java:450)
Caused by: java.lang.ClassNotFoundException: com.mysql.jdbc.Driver
	at java.net.URLClassLoader$1.run(URLClassLoader.java:366)
	at java.net.URLClassLoader$1.run(URLClassLoader.java:355)
	at java.security.AccessController.doPrivileged(Native Method)
	at java.net.URLClassLoader.findClass(URLClassLoader.java:354)
	at java.lang.ClassLoader.loadClass(ClassLoader.java:425)
	at java.lang.ClassLoader.loadClass(ClassLoader.java:358)
	at java.lang.Class.forName0(Native Method)
	at java.lang.Class.forName(Class.java:274)
	at org.apache.xbean.propertyeditor.ClassEditor.toObjectImpl(ClassEditor.java:40)
	... 28 more

Feb 14, 2016 8:07:33 PM org.apache.openejb.OpenEJB$Instance <init>
SEVERE: OpenEJB has encountered a fatal error and cannot be started: Assembler failed to build the container system.
org.apache.openejb.OpenEJBException: org.apache.xbean.propertyeditor.PropertyEditorException: Unable to resolve class com.mysql.jdbc.Driver: Unable to resolve class com.mysql.jdbc.Driver
	at org.apache.openejb.assembler.classic.Assembler.build(Assembler.java:354)
	at org.apache.openejb.OpenEJB$Instance.<init>(OpenEJB.java:144)
	at org.apache.openejb.OpenEJB.init(OpenEJB.java:290)
	at org.apache.tomee.catalina.TomcatLoader.initialize(TomcatLoader.java:231)
	at org.apache.tomee.catalina.TomcatLoader.init(TomcatLoader.java:131)
	at org.apache.tomee.catalina.ServerListener.lifecycleEvent(ServerListener.java:113)
	at org.apache.catalina.util.LifecycleSupport.fireLifecycleEvent(LifecycleSupport.java:119)
	at org.apache.catalina.util.LifecycleBase.fireLifecycleEvent(LifecycleBase.java:90)
	at org.apache.catalina.util.LifecycleBase.setStateInternal(LifecycleBase.java:401)
	at org.apache.catalina.util.LifecycleBase.init(LifecycleBase.java:110)
	at org.apache.catalina.startup.Catalina.load(Catalina.java:633)
	at org.apache.catalina.startup.Catalina.load(Catalina.java:658)
	at sun.reflect.NativeMethodAccessorImpl.invoke0(Native Method)
	at sun.reflect.NativeMethodAccessorImpl.invoke(NativeMethodAccessorImpl.java:57)
	at sun.reflect.DelegatingMethodAccessorImpl.invoke(DelegatingMethodAccessorImpl.java:43)
	at java.lang.reflect.Method.invoke(Method.java:606)
	at org.apache.catalina.startup.Bootstrap.load(Bootstrap.java:281)
	at org.apache.catalina.startup.Bootstrap.main(Bootstrap.java:450)
Caused by: org.apache.xbean.propertyeditor.PropertyEditorException: Unable to resolve class com.mysql.jdbc.Driver
	at org.apache.xbean.propertyeditor.ClassEditor.toObjectImpl(ClassEditor.java:43)
	at org.apache.xbean.propertyeditor.AbstractConverter.toObject(AbstractConverter.java:86)
	at org.apache.xbean.propertyeditor.PropertyEditors.getValue(PropertyEditors.java:284)
	at org.apache.xbean.recipe.RecipeHelper.convert(RecipeHelper.java:172)
	at org.apache.xbean.recipe.ObjectRecipe.extractConstructorArgs(ObjectRecipe.java:592)
	at org.apache.xbean.recipe.ObjectRecipe.internalCreate(ObjectRecipe.java:275)
	at org.apache.xbean.recipe.AbstractRecipe.create(AbstractRecipe.java:96)
	at org.apache.xbean.recipe.AbstractRecipe.create(AbstractRecipe.java:61)
	at org.apache.xbean.recipe.AbstractRecipe.create(AbstractRecipe.java:49)
	at org.apache.openejb.assembler.classic.Assembler.createResource(Assembler.java:1660)
	at org.apache.openejb.assembler.classic.Assembler.buildContainerSystem(Assembler.java:422)
	at org.apache.openejb.assembler.classic.Assembler.build(Assembler.java:341)
	... 17 more
Caused by: java.lang.ClassNotFoundException: com.mysql.jdbc.Driver
	at java.net.URLClassLoader$1.run(URLClassLoader.java:366)
	at java.net.URLClassLoader$1.run(URLClassLoader.java:355)
	at java.security.AccessController.doPrivileged(Native Method)
	at java.net.URLClassLoader.findClass(URLClassLoader.java:354)
	at java.lang.ClassLoader.loadClass(ClassLoader.java:425)
	at java.lang.ClassLoader.loadClass(ClassLoader.java:358)
	at java.lang.Class.forName0(Native Method)
	at java.lang.Class.forName(Class.java:274)
	at org.apache.xbean.propertyeditor.ClassEditor.toObjectImpl(ClassEditor.java:40)
	... 28 more

Feb 14, 2016 8:07:33 PM org.apache.tomee.catalina.ServerListener lifecycleEvent
SEVERE: TomEE Listener can't start OpenEJB
org.apache.openejb.OpenEJBException: org.apache.xbean.propertyeditor.PropertyEditorException: Unable to resolve class com.mysql.jdbc.Driver: Unable to resolve class com.mysql.jdbc.Driver
	at org.apache.openejb.assembler.classic.Assembler.build(Assembler.java:354)
	at org.apache.openejb.OpenEJB$Instance.<init>(OpenEJB.java:144)
	at org.apache.openejb.OpenEJB.init(OpenEJB.java:290)
	at org.apache.tomee.catalina.TomcatLoader.initialize(TomcatLoader.java:231)
	at org.apache.tomee.catalina.TomcatLoader.init(TomcatLoader.java:131)
	at org.apache.tomee.catalina.ServerListener.lifecycleEvent(ServerListener.java:113)
	at org.apache.catalina.util.LifecycleSupport.fireLifecycleEvent(LifecycleSupport.java:119)
	at org.apache.catalina.util.LifecycleBase.fireLifecycleEvent(LifecycleBase.java:90)
	at org.apache.catalina.util.LifecycleBase.setStateInternal(LifecycleBase.java:401)
	at org.apache.catalina.util.LifecycleBase.init(LifecycleBase.java:110)
	at org.apache.catalina.startup.Catalina.load(Catalina.java:633)
	at org.apache.catalina.startup.Catalina.load(Catalina.java:658)
	at sun.reflect.NativeMethodAccessorImpl.invoke0(Native Method)
	at sun.reflect.NativeMethodAccessorImpl.invoke(NativeMethodAccessorImpl.java:57)
	at sun.reflect.DelegatingMethodAccessorImpl.invoke(DelegatingMethodAccessorImpl.java:43)
	at java.lang.reflect.Method.invoke(Method.java:606)
	at org.apache.catalina.startup.Bootstrap.load(Bootstrap.java:281)
	at org.apache.catalina.startup.Bootstrap.main(Bootstrap.java:450)
Caused by: org.apache.xbean.propertyeditor.PropertyEditorException: Unable to resolve class com.mysql.jdbc.Driver
	at org.apache.xbean.propertyeditor.ClassEditor.toObjectImpl(ClassEditor.java:43)
	at org.apache.xbean.propertyeditor.AbstractConverter.toObject(AbstractConverter.java:86)
	at org.apache.xbean.propertyeditor.PropertyEditors.getValue(PropertyEditors.java:284)
	at org.apache.xbean.recipe.RecipeHelper.convert(RecipeHelper.java:172)
	at org.apache.xbean.recipe.ObjectRecipe.extractConstructorArgs(ObjectRecipe.java:592)
	at org.apache.xbean.recipe.ObjectRecipe.internalCreate(ObjectRecipe.java:275)
	at org.apache.xbean.recipe.AbstractRecipe.create(AbstractRecipe.java:96)
	at org.apache.xbean.recipe.AbstractRecipe.create(AbstractRecipe.java:61)
	at org.apache.xbean.recipe.AbstractRecipe.create(AbstractRecipe.java:49)
	at org.apache.openejb.assembler.classic.Assembler.createResource(Assembler.java:1660)
	at org.apache.openejb.assembler.classic.Assembler.buildContainerSystem(Assembler.java:422)
	at org.apache.openejb.assembler.classic.Assembler.build(Assembler.java:341)
	... 17 more
Caused by: java.lang.ClassNotFoundException: com.mysql.jdbc.Driver
	at java.net.URLClassLoader$1.run(URLClassLoader.java:366)
	at java.net.URLClassLoader$1.run(URLClassLoader.java:355)
	at java.security.AccessController.doPrivileged(Native Method)
	at java.net.URLClassLoader.findClass(URLClassLoader.java:354)
	at java.lang.ClassLoader.loadClass(ClassLoader.java:425)
	at java.lang.ClassLoader.loadClass(ClassLoader.java:358)
	at java.lang.Class.forName0(Native Method)
	at java.lang.Class.forName(Class.java:274)
	at org.apache.xbean.propertyeditor.ClassEditor.toObjectImpl(ClassEditor.java:40)
	... 28 more

Feb 14, 2016 8:07:33 PM org.apache.catalina.startup.Catalina load
INFO: Initialization processed in 1592 ms
Feb 14, 2016 8:07:34 PM org.apache.catalina.core.StandardService startInternal
INFO: Starting service Catalina
Feb 14, 2016 8:07:34 PM org.apache.catalina.core.StandardEngine startInternal
INFO: Starting Servlet Engine: Apache Tomcat/7.0.30
Feb 14, 2016 8:07:34 PM org.apache.catalina.startup.HostConfig deployDirectory
INFO: Deploying web application directory C:\Users\Home\Desktop\ProjekatISA\apache-tomee-plus-1.5.0\webapps\docs
Feb 14, 2016 8:07:34 PM org.apache.tomee.catalina.TomcatWebAppBuilder init
INFO: -------------------------
TomcatWebAppBuilder.init /docs
Feb 14, 2016 8:07:34 PM org.apache.openejb.config.ConfigurationFactory configureApplication
INFO: Configuring enterprise application: C:\Users\Home\Desktop\ProjekatISA\apache-tomee-plus-1.5.0\webapps\docs
Feb 14, 2016 8:07:34 PM org.apache.openejb.config.AppInfoBuilder build
INFO: Enterprise application "C:\Users\Home\Desktop\ProjekatISA\apache-tomee-plus-1.5.0\webapps\docs" loaded.
Feb 14, 2016 8:07:34 PM org.apache.openejb.assembler.classic.Assembler createApplication
INFO: Assembling app: C:\Users\Home\Desktop\ProjekatISA\apache-tomee-plus-1.5.0\webapps\docs
Feb 14, 2016 8:07:34 PM org.apache.openejb.cdi.CdiBuilder initSingleton
INFO: Existing thread singleton service in SystemInstance() org.apache.openejb.cdi.ThreadSingletonServiceImpl@1aebe35
Feb 14, 2016 8:07:34 PM org.apache.openejb.cdi.OpenEJBLifecycle startApplication
INFO: OpenWebBeans Container is starting...
Feb 14, 2016 8:07:34 PM org.apache.webbeans.plugins.PluginLoader startUp
INFO: Adding OpenWebBeansPlugin : [CdiPlugin]
Feb 14, 2016 8:07:34 PM org.apache.webbeans.plugins.PluginLoader startUp
INFO: Adding OpenWebBeansPlugin : [OpenWebBeansJsfPlugin]
Feb 14, 2016 8:07:34 PM org.apache.openejb.cdi.BeansDeployer validateInjectionPoints
INFO: All injection points are validated successfully.
Feb 14, 2016 8:07:34 PM org.apache.openejb.cdi.OpenEJBLifecycle startApplication
INFO: OpenWebBeans Container has started, it took 41 ms.
Feb 14, 2016 8:07:34 PM org.apache.openejb.assembler.classic.Assembler createApplication
INFO: Deployed Application(path=C:\Users\Home\Desktop\ProjekatISA\apache-tomee-plus-1.5.0\webapps\docs)
Feb 14, 2016 8:07:34 PM org.apache.catalina.startup.HostConfig deployDirectory
INFO: Deploying web application directory C:\Users\Home\Desktop\ProjekatISA\apache-tomee-plus-1.5.0\webapps\host-manager
Feb 14, 2016 8:07:34 PM org.apache.tomee.catalina.TomcatWebAppBuilder init
INFO: -------------------------
TomcatWebAppBuilder.init /host-manager
Feb 14, 2016 8:07:34 PM org.apache.openejb.config.ConfigurationFactory configureApplication
INFO: Configuring enterprise application: C:\Users\Home\Desktop\ProjekatISA\apache-tomee-plus-1.5.0\webapps\host-manager
Feb 14, 2016 8:07:34 PM org.apache.openejb.config.AppInfoBuilder build
INFO: Enterprise application "C:\Users\Home\Desktop\ProjekatISA\apache-tomee-plus-1.5.0\webapps\host-manager" loaded.
Feb 14, 2016 8:07:34 PM org.apache.openejb.assembler.classic.Assembler createApplication
INFO: Assembling app: C:\Users\Home\Desktop\ProjekatISA\apache-tomee-plus-1.5.0\webapps\host-manager
Feb 14, 2016 8:07:34 PM org.apache.openejb.cdi.CdiBuilder initSingleton
INFO: Existing thread singleton service in SystemInstance() org.apache.openejb.cdi.ThreadSingletonServiceImpl@1aebe35
Feb 14, 2016 8:07:34 PM org.apache.openejb.cdi.OpenEJBLifecycle startApplication
INFO: OpenWebBeans Container is starting...
Feb 14, 2016 8:07:34 PM org.apache.webbeans.plugins.PluginLoader startUp
INFO: Adding OpenWebBeansPlugin : [CdiPlugin]
Feb 14, 2016 8:07:34 PM org.apache.webbeans.plugins.PluginLoader startUp
INFO: Adding OpenWebBeansPlugin : [OpenWebBeansJsfPlugin]
Feb 14, 2016 8:07:34 PM org.apache.openejb.cdi.BeansDeployer validateInjectionPoints
INFO: All injection points are validated successfully.
Feb 14, 2016 8:07:34 PM org.apache.openejb.cdi.OpenEJBLifecycle startApplication
INFO: OpenWebBeans Container has started, it took 8 ms.
Feb 14, 2016 8:07:34 PM org.apache.tomee.catalina.TomcatWebAppBuilder deployWebApps
INFO: using context file C:\Users\Home\Desktop\ProjekatISA\apache-tomee-plus-1.5.0\webapps\host-manager\META-INF\context.xml
Feb 14, 2016 8:07:34 PM org.apache.openejb.assembler.classic.Assembler createApplication
INFO: Deployed Application(path=C:\Users\Home\Desktop\ProjekatISA\apache-tomee-plus-1.5.0\webapps\host-manager)
Feb 14, 2016 8:07:34 PM org.apache.catalina.startup.HostConfig deployDirectory
INFO: Deploying web application directory C:\Users\Home\Desktop\ProjekatISA\apache-tomee-plus-1.5.0\webapps\manager
Feb 14, 2016 8:07:34 PM org.apache.tomee.catalina.TomcatWebAppBuilder init
INFO: -------------------------
TomcatWebAppBuilder.init /manager
Feb 14, 2016 8:07:34 PM org.apache.openejb.config.ConfigurationFactory configureApplication
INFO: Configuring enterprise application: C:\Users\Home\Desktop\ProjekatISA\apache-tomee-plus-1.5.0\webapps\manager
Feb 14, 2016 8:07:34 PM org.apache.openejb.config.AppInfoBuilder build
INFO: Enterprise application "C:\Users\Home\Desktop\ProjekatISA\apache-tomee-plus-1.5.0\webapps\manager" loaded.
Feb 14, 2016 8:07:34 PM org.apache.openejb.assembler.classic.Assembler createApplication
INFO: Assembling app: C:\Users\Home\Desktop\ProjekatISA\apache-tomee-plus-1.5.0\webapps\manager
Feb 14, 2016 8:07:34 PM org.apache.openejb.cdi.CdiBuilder initSingleton
INFO: Existing thread singleton service in SystemInstance() org.apache.openejb.cdi.ThreadSingletonServiceImpl@1aebe35
Feb 14, 2016 8:07:34 PM org.apache.openejb.cdi.OpenEJBLifecycle startApplication
INFO: OpenWebBeans Container is starting...
Feb 14, 2016 8:07:34 PM org.apache.webbeans.plugins.PluginLoader startUp
INFO: Adding OpenWebBeansPlugin : [CdiPlugin]
Feb 14, 2016 8:07:34 PM org.apache.webbeans.plugins.PluginLoader startUp
INFO: Adding OpenWebBeansPlugin : [OpenWebBeansJsfPlugin]
Feb 14, 2016 8:07:34 PM org.apache.openejb.cdi.BeansDeployer validateInjectionPoints
INFO: All injection points are validated successfully.
Feb 14, 2016 8:07:34 PM org.apache.openejb.cdi.OpenEJBLifecycle startApplication
INFO: OpenWebBeans Container has started, it took 9 ms.
Feb 14, 2016 8:07:34 PM org.apache.tomee.catalina.TomcatWebAppBuilder deployWebApps
INFO: using context file C:\Users\Home\Desktop\ProjekatISA\apache-tomee-plus-1.5.0\webapps\manager\META-INF\context.xml
Feb 14, 2016 8:07:34 PM org.apache.openejb.assembler.classic.Assembler createApplication
INFO: Deployed Application(path=C:\Users\Home\Desktop\ProjekatISA\apache-tomee-plus-1.5.0\webapps\manager)
Feb 14, 2016 8:07:34 PM org.apache.catalina.startup.HostConfig deployDirectory
INFO: Deploying web application directory C:\Users\Home\Desktop\ProjekatISA\apache-tomee-plus-1.5.0\webapps\ROOT
Feb 14, 2016 8:07:34 PM org.apache.tomee.catalina.TomcatWebAppBuilder init
INFO: -------------------------
TomcatWebAppBuilder.init 
Feb 14, 2016 8:07:35 PM org.apache.openejb.config.ConfigurationFactory configureApplication
INFO: Configuring enterprise application: C:\Users\Home\Desktop\ProjekatISA\apache-tomee-plus-1.5.0\webapps\ROOT
Feb 14, 2016 8:07:35 PM org.apache.openejb.config.AppInfoBuilder build
INFO: Enterprise application "C:\Users\Home\Desktop\ProjekatISA\apache-tomee-plus-1.5.0\webapps\ROOT" loaded.
Feb 14, 2016 8:07:35 PM org.apache.openejb.assembler.classic.Assembler createApplication
INFO: Assembling app: C:\Users\Home\Desktop\ProjekatISA\apache-tomee-plus-1.5.0\webapps\ROOT
Feb 14, 2016 8:07:35 PM org.apache.openejb.cdi.CdiBuilder initSingleton
INFO: Existing thread singleton service in SystemInstance() org.apache.openejb.cdi.ThreadSingletonServiceImpl@1aebe35
Feb 14, 2016 8:07:35 PM org.apache.openejb.cdi.OpenEJBLifecycle startApplication
INFO: OpenWebBeans Container is starting...
Feb 14, 2016 8:07:35 PM org.apache.webbeans.plugins.PluginLoader startUp
INFO: Adding OpenWebBeansPlugin : [CdiPlugin]
Feb 14, 2016 8:07:35 PM org.apache.webbeans.plugins.PluginLoader startUp
INFO: Adding OpenWebBeansPlugin : [OpenWebBeansJsfPlugin]
Feb 14, 2016 8:07:35 PM org.apache.openejb.cdi.BeansDeployer validateInjectionPoints
INFO: All injection points are validated successfully.
Feb 14, 2016 8:07:35 PM org.apache.openejb.cdi.OpenEJBLifecycle startApplication
INFO: OpenWebBeans Container has started, it took 8 ms.
Feb 14, 2016 8:07:35 PM org.apache.openejb.assembler.classic.Assembler createApplication
INFO: Deployed Application(path=C:\Users\Home\Desktop\ProjekatISA\apache-tomee-plus-1.5.0\webapps\ROOT)
Feb 14, 2016 8:07:35 PM org.apache.catalina.startup.HostConfig deployDirectory
INFO: Deploying web application directory C:\Users\Home\Desktop\ProjekatISA\apache-tomee-plus-1.5.0\webapps\tomee
Feb 14, 2016 8:07:35 PM org.apache.tomee.catalina.TomcatWebAppBuilder init
INFO: -------------------------
TomcatWebAppBuilder.init /tomee
Feb 14, 2016 8:07:35 PM org.apache.openejb.config.ConfigurationFactory configureApplication
INFO: Configuring enterprise application: C:\Users\Home\Desktop\ProjekatISA\apache-tomee-plus-1.5.0\webapps\tomee
Feb 14, 2016 8:07:35 PM org.apache.openejb.config.AppInfoBuilder build
INFO: Enterprise application "C:\Users\Home\Desktop\ProjekatISA\apache-tomee-plus-1.5.0\webapps\tomee" loaded.
Feb 14, 2016 8:07:35 PM org.apache.openejb.assembler.classic.Assembler createApplication
INFO: Assembling app: C:\Users\Home\Desktop\ProjekatISA\apache-tomee-plus-1.5.0\webapps\tomee
Feb 14, 2016 8:07:35 PM org.apache.openejb.cdi.CdiBuilder initSingleton
INFO: Existing thread singleton service in SystemInstance() org.apache.openejb.cdi.ThreadSingletonServiceImpl@1aebe35
Feb 14, 2016 8:07:35 PM org.apache.openejb.cdi.OpenEJBLifecycle startApplication
INFO: OpenWebBeans Container is starting...
Feb 14, 2016 8:07:35 PM org.apache.webbeans.plugins.PluginLoader startUp
INFO: Adding OpenWebBeansPlugin : [CdiPlugin]
Feb 14, 2016 8:07:35 PM org.apache.webbeans.plugins.PluginLoader startUp
INFO: Adding OpenWebBeansPlugin : [OpenWebBeansJsfPlugin]
Feb 14, 2016 8:07:35 PM org.apache.openejb.cdi.BeansDeployer validateInjectionPoints
INFO: All injection points are validated successfully.
Feb 14, 2016 8:07:35 PM org.apache.openejb.cdi.OpenEJBLifecycle startApplication
INFO: OpenWebBeans Container has started, it took 8 ms.
Feb 14, 2016 8:07:35 PM org.apache.openejb.assembler.classic.Assembler createApplication
INFO: Deployed Application(path=C:\Users\Home\Desktop\ProjekatISA\apache-tomee-plus-1.5.0\webapps\tomee)
Feb 14, 2016 8:07:35 PM org.apache.coyote.AbstractProtocol start
INFO: Starting ProtocolHandler ["http-bio-8080"]
Feb 14, 2016 8:07:35 PM org.apache.coyote.AbstractProtocol start
INFO: Starting ProtocolHandler ["ajp-bio-8009"]
Feb 14, 2016 8:07:35 PM org.apache.catalina.startup.Catalina start
INFO: Server startup in 1278 ms
Feb 14, 2016 8:10:25 PM org.apache.coyote.AbstractProtocol pause
INFO: Pausing ProtocolHandler ["http-bio-8080"]
Feb 14, 2016 8:10:25 PM org.apache.coyote.AbstractProtocol pause
INFO: Pausing ProtocolHandler ["ajp-bio-8009"]
Feb 14, 2016 8:10:25 PM org.apache.catalina.core.StandardService stopInternal
INFO: Stopping service Catalina
Feb 14, 2016 8:10:25 PM org.apache.openejb.assembler.classic.Assembler destroyApplication
INFO: Undeploying app: C:\Users\Home\Desktop\ProjekatISA\apache-tomee-plus-1.5.0\webapps\ROOT
Feb 14, 2016 8:20:54 PM org.apache.catalina.core.AprLifecycleListener init
INFO: The APR based Apache Tomcat Native library which allows optimal performance in production environments was not found on the java.library.path: C:\Program Files (x86)\Java\jdk1.7.0_79\bin;C:\WINDOWS\Sun\Java\bin;C:\WINDOWS\system32;C:\WINDOWS;C:\ProgramData\Oracle\Java\javapath;C:\WINDOWS\system32;C:\WINDOWS;C:\WINDOWS\System32\Wbem;C:\WINDOWS\System32\WindowsPowerShell\v1.0\;D:\Anaconda2;D:\Anaconda2\Scripts;D:\Anaconda2\Library\bin;C:\Program Files (x86)\Windows Kits\8.1\Windows Performance Toolkit\;C:\Program Files\Microsoft SQL Server\110\Tools\Binn\;C:\Program Files\Microsoft SQL Server\Client SDK\ODBC\110\Tools\Binn\;C:\Program Files (x86)\Microsoft SQL Server\120\Tools\Binn\ManagementStudio\;C:\Program Files (x86)\Microsoft SQL Server\120\Tools\Binn\;C:\Program Files\Microsoft SQL Server\120\Tools\Binn\;C:\Program Files (x86)\Microsoft SQL Server\120\DTS\Binn\;C:\Program Files\Microsoft SQL Server\120\DTS\Binn\;C:\Program Files (x86)\Java\jdk1.8.0_71;C:\Program Files\MySQL\MySQL Server 5.5\bin;.
Feb 14, 2016 8:20:55 PM org.apache.coyote.AbstractProtocol init
INFO: Initializing ProtocolHandler ["http-bio-8080"]
Feb 14, 2016 8:20:55 PM org.apache.coyote.AbstractProtocol init
INFO: Initializing ProtocolHandler ["ajp-bio-8009"]
Feb 14, 2016 8:20:55 PM org.apache.openejb.util.OptionsLog info
INFO: Using 'openejb.jdbc.datasource-creator=org.apache.tomee.jdbc.TomEEDataSourceCreator'
Feb 14, 2016 8:20:55 PM org.apache.openejb.OpenEJB$Instance <init>
INFO: ********************************************************************************
Feb 14, 2016 8:20:55 PM org.apache.openejb.OpenEJB$Instance <init>
INFO: OpenEJB http://openejb.apache.org/
Feb 14, 2016 8:20:55 PM org.apache.openejb.OpenEJB$Instance <init>
INFO: Startup: Sun Feb 14 20:20:55 CET 2016
Feb 14, 2016 8:20:55 PM org.apache.openejb.OpenEJB$Instance <init>
INFO: Copyright 1999-2012 (C) Apache OpenEJB Project, All Rights Reserved.
Feb 14, 2016 8:20:55 PM org.apache.openejb.OpenEJB$Instance <init>
INFO: Version: 4.5.0
Feb 14, 2016 8:20:55 PM org.apache.openejb.OpenEJB$Instance <init>
INFO: Build date: 20120928
Feb 14, 2016 8:20:55 PM org.apache.openejb.OpenEJB$Instance <init>
INFO: Build time: 08:12
Feb 14, 2016 8:20:55 PM org.apache.openejb.OpenEJB$Instance <init>
INFO: ********************************************************************************
Feb 14, 2016 8:20:55 PM org.apache.openejb.OpenEJB$Instance <init>
INFO: openejb.home = C:\Users\Home\Desktop\ProjekatISA\apache-tomee-plus-1.5.0
Feb 14, 2016 8:20:55 PM org.apache.openejb.OpenEJB$Instance <init>
INFO: openejb.base = C:\Users\Home\Desktop\ProjekatISA\apache-tomee-plus-1.5.0
Feb 14, 2016 8:20:55 PM org.apache.openejb.cdi.CdiBuilder initializeOWB
INFO: Created new singletonService org.apache.openejb.cdi.ThreadSingletonServiceImpl@a3b6c
Feb 14, 2016 8:20:55 PM org.apache.openejb.cdi.CdiBuilder initializeOWB
INFO: Succeeded in installing singleton service
Feb 14, 2016 8:20:55 PM org.apache.openejb.config.ConfigurationFactory init
INFO: openejb configuration file is 'C:\Users\Home\Desktop\ProjekatISA\apache-tomee-plus-1.5.0\conf\tomee.xml'
Feb 14, 2016 8:20:55 PM org.apache.openejb.util.OptionsLog info
INFO: Using 'openejb.provider.default=org.apache.tomee'
Feb 14, 2016 8:20:55 PM org.apache.openejb.config.ConfigurationFactory configureService
INFO: Configuring Service(id=Tomcat Security Service, type=SecurityService, provider-id=Tomcat Security Service)
Feb 14, 2016 8:20:55 PM org.apache.openejb.config.ConfigurationFactory configureService
INFO: Configuring Service(id=Default Transaction Manager, type=TransactionManager, provider-id=Default Transaction Manager)
Feb 14, 2016 8:20:55 PM org.apache.openejb.config.ConfigurationFactory configureService
INFO: Configuring Service(id=My Unmanaged DataSource, type=Resource, provider-id=Default JDBC Database)
Feb 14, 2016 8:20:55 PM org.apache.openejb.config.ConfigurationFactory configureService
INFO: Configuring Service(id=My DataSource, type=Resource, provider-id=Default JDBC Database)
Feb 14, 2016 8:20:55 PM org.apache.openejb.config.ConfigurationFactory configureService
INFO: Configuring Service(id=My Singleton Container, type=Container, provider-id=Default Singleton Container)
Feb 14, 2016 8:20:55 PM org.apache.openejb.config.ConfigurationFactory configureService
INFO: Configuring Service(id=My Stateful Container, type=Container, provider-id=Default Stateful Container)
Feb 14, 2016 8:20:55 PM org.apache.openejb.config.ConfigurationFactory configureService
INFO: Configuring Service(id=My Stateless Container, type=Container, provider-id=Default Stateless Container)
Feb 14, 2016 8:20:55 PM org.apache.openejb.util.OptionsLog info
INFO: Using 'openejb.system.apps=true'
Feb 14, 2016 8:20:55 PM org.apache.openejb.config.ConfigurationFactory configureApplication
INFO: Configuring enterprise application: null
Feb 14, 2016 8:20:56 PM org.apache.openejb.config.InitEjbDeployments deploy
INFO: Using openejb.deploymentId.format '{ejbName}'
Feb 14, 2016 8:20:56 PM org.apache.openejb.config.InitEjbDeployments deploy
INFO: Auto-deploying ejb openejb/Deployer: EjbDeployment(deployment-id=openejb/Deployer)
Feb 14, 2016 8:20:56 PM org.apache.openejb.config.InitEjbDeployments deploy
INFO: Auto-deploying ejb openejb/ConfigurationInfo: EjbDeployment(deployment-id=openejb/ConfigurationInfo)
Feb 14, 2016 8:20:56 PM org.apache.openejb.config.InitEjbDeployments deploy
INFO: Auto-deploying ejb MEJB: EjbDeployment(deployment-id=MEJB)
Feb 14, 2016 8:20:56 PM org.apache.openejb.config.AppInfoBuilder build
INFO: Enterprise application "openejb" loaded.
Feb 14, 2016 8:20:56 PM org.apache.openejb.assembler.classic.Assembler createRecipe
INFO: Creating TransactionManager(id=Default Transaction Manager)
Feb 14, 2016 8:20:56 PM org.apache.openejb.assembler.classic.Assembler createRecipe
INFO: Creating SecurityService(id=Tomcat Security Service)
Feb 14, 2016 8:20:56 PM org.apache.openejb.assembler.classic.Assembler createRecipe
INFO: Creating Resource(id=My Unmanaged DataSource)
Feb 14, 2016 8:20:56 PM org.apache.openejb.assembler.classic.Assembler createRecipe
INFO: Creating Resource(id=My DataSource)
Feb 14, 2016 8:20:56 PM org.apache.openejb.assembler.classic.Assembler createRecipe
INFO: Creating Container(id=My Singleton Container)
Feb 14, 2016 8:20:56 PM org.apache.openejb.assembler.classic.Assembler createRecipe
INFO: Creating Container(id=My Stateful Container)
Feb 14, 2016 8:20:56 PM org.apache.openejb.core.stateful.SimplePassivater init
INFO: Using directory C:\Users\Home\Desktop\ProjekatISA\apache-tomee-plus-1.5.0\temp for stateful session passivation
Feb 14, 2016 8:20:56 PM org.apache.openejb.assembler.classic.Assembler createRecipe
INFO: Creating Container(id=My Stateless Container)
Feb 14, 2016 8:20:56 PM org.apache.openejb.assembler.classic.Assembler createApplication
INFO: Assembling app: openejb
Feb 14, 2016 8:20:56 PM org.apache.openejb.util.OptionsLog info
INFO: Using 'openejb.jndiname.format={deploymentId}{interfaceType.openejbLegacyName}'
Feb 14, 2016 8:20:56 PM org.apache.openejb.assembler.classic.JndiBuilder bind
INFO: Jndi(name=openejb/DeployerBusinessRemote) --> Ejb(deployment-id=openejb/Deployer)
Feb 14, 2016 8:20:56 PM org.apache.openejb.assembler.classic.JndiBuilder bind
INFO: Jndi(name=global/openejb/openejb/Deployer!org.apache.openejb.assembler.Deployer) --> Ejb(deployment-id=openejb/Deployer)
Feb 14, 2016 8:20:56 PM org.apache.openejb.assembler.classic.JndiBuilder bind
INFO: Jndi(name=global/openejb/openejb/Deployer) --> Ejb(deployment-id=openejb/Deployer)
Feb 14, 2016 8:20:56 PM org.apache.openejb.assembler.classic.JndiBuilder bind
INFO: Jndi(name=openejb/ConfigurationInfoBusinessRemote) --> Ejb(deployment-id=openejb/ConfigurationInfo)
Feb 14, 2016 8:20:56 PM org.apache.openejb.assembler.classic.JndiBuilder bind
INFO: Jndi(name=global/openejb/openejb/ConfigurationInfo!org.apache.openejb.assembler.classic.cmd.ConfigurationInfo) --> Ejb(deployment-id=openejb/ConfigurationInfo)
Feb 14, 2016 8:20:56 PM org.apache.openejb.assembler.classic.JndiBuilder bind
INFO: Jndi(name=global/openejb/openejb/ConfigurationInfo) --> Ejb(deployment-id=openejb/ConfigurationInfo)
Feb 14, 2016 8:20:56 PM org.apache.openejb.assembler.classic.JndiBuilder bind
INFO: Jndi(name=MEJB) --> Ejb(deployment-id=MEJB)
Feb 14, 2016 8:20:56 PM org.apache.openejb.assembler.classic.JndiBuilder bind
INFO: Jndi(name=global/openejb/MEJB!javax.management.j2ee.ManagementHome) --> Ejb(deployment-id=MEJB)
Feb 14, 2016 8:20:56 PM org.apache.openejb.assembler.classic.JndiBuilder bind
INFO: Jndi(name=global/openejb/MEJB) --> Ejb(deployment-id=MEJB)
Feb 14, 2016 8:20:56 PM org.apache.openejb.cdi.CdiBuilder initSingleton
INFO: Existing thread singleton service in SystemInstance() org.apache.openejb.cdi.ThreadSingletonServiceImpl@a3b6c
Feb 14, 2016 8:20:56 PM org.apache.openejb.cdi.OpenEJBLifecycle startApplication
INFO: OpenWebBeans Container is starting...
Feb 14, 2016 8:20:56 PM org.apache.webbeans.plugins.PluginLoader startUp
INFO: Adding OpenWebBeansPlugin : [CdiPlugin]
Feb 14, 2016 8:20:56 PM org.apache.webbeans.plugins.PluginLoader startUp
INFO: Adding OpenWebBeansPlugin : [OpenWebBeansJsfPlugin]
Feb 14, 2016 8:20:56 PM org.apache.openejb.cdi.BeansDeployer validateInjectionPoints
INFO: All injection points are validated successfully.
Feb 14, 2016 8:20:56 PM org.apache.openejb.cdi.OpenEJBLifecycle startApplication
INFO: OpenWebBeans Container has started, it took 61 ms.
Feb 14, 2016 8:20:56 PM org.apache.openejb.assembler.classic.Assembler createApplication
INFO: Created Ejb(deployment-id=openejb/Deployer, ejb-name=openejb/Deployer, container=My Stateless Container)
Feb 14, 2016 8:20:56 PM org.apache.openejb.assembler.classic.Assembler createApplication
INFO: Created Ejb(deployment-id=MEJB, ejb-name=MEJB, container=My Stateless Container)
Feb 14, 2016 8:20:56 PM org.apache.openejb.assembler.classic.Assembler createApplication
INFO: Created Ejb(deployment-id=openejb/ConfigurationInfo, ejb-name=openejb/ConfigurationInfo, container=My Stateless Container)
Feb 14, 2016 8:20:56 PM org.apache.openejb.assembler.classic.Assembler createApplication
INFO: Started Ejb(deployment-id=openejb/Deployer, ejb-name=openejb/Deployer, container=My Stateless Container)
Feb 14, 2016 8:20:56 PM org.apache.openejb.assembler.classic.Assembler createApplication
INFO: Started Ejb(deployment-id=MEJB, ejb-name=MEJB, container=My Stateless Container)
Feb 14, 2016 8:20:56 PM org.apache.openejb.assembler.classic.Assembler createApplication
INFO: Started Ejb(deployment-id=openejb/ConfigurationInfo, ejb-name=openejb/ConfigurationInfo, container=My Stateless Container)
Feb 14, 2016 8:20:56 PM org.apache.openejb.assembler.classic.Assembler deployMBean
INFO: Deployed MBean(openejb.user.mbeans:application=openejb,group=org.apache.openejb.assembler.monitoring,name=JMXDeployer)
Feb 14, 2016 8:20:56 PM org.apache.openejb.assembler.classic.Assembler createApplication
INFO: Deployed Application(path=openejb)
Feb 14, 2016 8:20:56 PM org.apache.openejb.server.ServiceManager initServer
INFO: Creating ServerService(id=cxf)
Feb 14, 2016 8:20:56 PM org.apache.openejb.server.ServiceManager initServer
INFO: Creating ServerService(id=cxf-rs)
Feb 14, 2016 8:20:56 PM org.apache.openejb.server.SimpleServiceManager start
INFO: Starting service cxf
Feb 14, 2016 8:20:56 PM org.apache.openejb.server.SimpleServiceManager start
INFO: Started service cxf
Feb 14, 2016 8:20:56 PM org.apache.openejb.server.SimpleServiceManager start
INFO: Starting service cxf-rs
Feb 14, 2016 8:20:56 PM org.apache.openejb.server.SimpleServiceManager start
INFO: Started service cxf-rs
Feb 14, 2016 8:20:56 PM org.apache.openejb.server.SimpleServiceManager start
INFO:   ** Bound Services **
Feb 14, 2016 8:20:56 PM org.apache.openejb.server.SimpleServiceManager printRow
INFO:   NAME                 IP              PORT  
Feb 14, 2016 8:20:56 PM org.apache.openejb.server.SimpleServiceManager start
INFO: -------
Feb 14, 2016 8:20:56 PM org.apache.openejb.server.SimpleServiceManager start
INFO: Ready!
Feb 14, 2016 8:20:56 PM org.apache.catalina.startup.Catalina load
INFO: Initialization processed in 1992 ms
Feb 14, 2016 8:20:56 PM org.apache.tomee.catalina.OpenEJBNamingContextListener bindResource
INFO: Importing a Tomcat Resource with id 'UserDatabase' of type 'org.apache.catalina.UserDatabase'.
Feb 14, 2016 8:20:56 PM org.apache.openejb.assembler.classic.Assembler createRecipe
INFO: Creating Resource(id=UserDatabase)
Feb 14, 2016 8:20:56 PM org.apache.catalina.core.StandardService startInternal
INFO: Starting service Catalina
Feb 14, 2016 8:20:56 PM org.apache.catalina.core.StandardEngine startInternal
INFO: Starting Servlet Engine: Apache Tomcat/7.0.30
Feb 14, 2016 8:20:56 PM org.apache.catalina.startup.HostConfig deployDirectory
INFO: Deploying web application directory C:\Users\Home\Desktop\ProjekatISA\apache-tomee-plus-1.5.0\webapps\docs
Feb 14, 2016 8:20:56 PM org.apache.tomee.catalina.TomcatWebAppBuilder init
INFO: -------------------------
TomcatWebAppBuilder.init /docs
Feb 14, 2016 8:20:56 PM org.apache.openejb.config.ConfigurationFactory configureApplication
INFO: Configuring enterprise application: C:\Users\Home\Desktop\ProjekatISA\apache-tomee-plus-1.5.0\webapps\docs
Feb 14, 2016 8:20:56 PM org.apache.openejb.config.AppInfoBuilder build
INFO: Enterprise application "C:\Users\Home\Desktop\ProjekatISA\apache-tomee-plus-1.5.0\webapps\docs" loaded.
Feb 14, 2016 8:20:56 PM org.apache.openejb.assembler.classic.Assembler createApplication
INFO: Assembling app: C:\Users\Home\Desktop\ProjekatISA\apache-tomee-plus-1.5.0\webapps\docs
Feb 14, 2016 8:20:56 PM org.apache.openejb.cdi.CdiBuilder initSingleton
INFO: Existing thread singleton service in SystemInstance() org.apache.openejb.cdi.ThreadSingletonServiceImpl@a3b6c
Feb 14, 2016 8:20:56 PM org.apache.openejb.cdi.OpenEJBLifecycle startApplication
INFO: OpenWebBeans Container is starting...
Feb 14, 2016 8:20:56 PM org.apache.webbeans.plugins.PluginLoader startUp
INFO: Adding OpenWebBeansPlugin : [CdiPlugin]
Feb 14, 2016 8:20:56 PM org.apache.webbeans.plugins.PluginLoader startUp
INFO: Adding OpenWebBeansPlugin : [OpenWebBeansJsfPlugin]
Feb 14, 2016 8:20:56 PM org.apache.openejb.cdi.BeansDeployer validateInjectionPoints
INFO: All injection points are validated successfully.
Feb 14, 2016 8:20:56 PM org.apache.openejb.cdi.OpenEJBLifecycle startApplication
INFO: OpenWebBeans Container has started, it took 8 ms.
Feb 14, 2016 8:20:56 PM org.apache.openejb.assembler.classic.Assembler createApplication
INFO: Deployed Application(path=C:\Users\Home\Desktop\ProjekatISA\apache-tomee-plus-1.5.0\webapps\docs)
Feb 14, 2016 8:20:57 PM org.apache.catalina.startup.HostConfig deployDirectory
INFO: Deploying web application directory C:\Users\Home\Desktop\ProjekatISA\apache-tomee-plus-1.5.0\webapps\host-manager
Feb 14, 2016 8:20:57 PM org.apache.tomee.catalina.TomcatWebAppBuilder init
INFO: -------------------------
TomcatWebAppBuilder.init /host-manager
Feb 14, 2016 8:20:57 PM org.apache.openejb.config.ConfigurationFactory configureApplication
INFO: Configuring enterprise application: C:\Users\Home\Desktop\ProjekatISA\apache-tomee-plus-1.5.0\webapps\host-manager
Feb 14, 2016 8:20:57 PM org.apache.openejb.config.AppInfoBuilder build
INFO: Enterprise application "C:\Users\Home\Desktop\ProjekatISA\apache-tomee-plus-1.5.0\webapps\host-manager" loaded.
Feb 14, 2016 8:20:57 PM org.apache.openejb.assembler.classic.Assembler createApplication
INFO: Assembling app: C:\Users\Home\Desktop\ProjekatISA\apache-tomee-plus-1.5.0\webapps\host-manager
Feb 14, 2016 8:20:57 PM org.apache.openejb.cdi.CdiBuilder initSingleton
INFO: Existing thread singleton service in SystemInstance() org.apache.openejb.cdi.ThreadSingletonServiceImpl@a3b6c
Feb 14, 2016 8:20:57 PM org.apache.openejb.cdi.OpenEJBLifecycle startApplication
INFO: OpenWebBeans Container is starting...
Feb 14, 2016 8:20:57 PM org.apache.webbeans.plugins.PluginLoader startUp
INFO: Adding OpenWebBeansPlugin : [CdiPlugin]
Feb 14, 2016 8:20:57 PM org.apache.webbeans.plugins.PluginLoader startUp
INFO: Adding OpenWebBeansPlugin : [OpenWebBeansJsfPlugin]
Feb 14, 2016 8:20:57 PM org.apache.openejb.cdi.BeansDeployer validateInjectionPoints
INFO: All injection points are validated successfully.
Feb 14, 2016 8:20:57 PM org.apache.openejb.cdi.OpenEJBLifecycle startApplication
INFO: OpenWebBeans Container has started, it took 8 ms.
Feb 14, 2016 8:20:57 PM org.apache.tomee.catalina.TomcatWebAppBuilder deployWebApps
INFO: using context file C:\Users\Home\Desktop\ProjekatISA\apache-tomee-plus-1.5.0\webapps\host-manager\META-INF\context.xml
Feb 14, 2016 8:20:57 PM org.apache.openejb.assembler.classic.Assembler createApplication
INFO: Deployed Application(path=C:\Users\Home\Desktop\ProjekatISA\apache-tomee-plus-1.5.0\webapps\host-manager)
Feb 14, 2016 8:20:57 PM org.apache.catalina.startup.HostConfig deployDirectory
INFO: Deploying web application directory C:\Users\Home\Desktop\ProjekatISA\apache-tomee-plus-1.5.0\webapps\manager
Feb 14, 2016 8:20:57 PM org.apache.tomee.catalina.TomcatWebAppBuilder init
INFO: -------------------------
TomcatWebAppBuilder.init /manager
Feb 14, 2016 8:20:57 PM org.apache.openejb.config.ConfigurationFactory configureApplication
INFO: Configuring enterprise application: C:\Users\Home\Desktop\ProjekatISA\apache-tomee-plus-1.5.0\webapps\manager
Feb 14, 2016 8:20:57 PM org.apache.openejb.config.AppInfoBuilder build
INFO: Enterprise application "C:\Users\Home\Desktop\ProjekatISA\apache-tomee-plus-1.5.0\webapps\manager" loaded.
Feb 14, 2016 8:20:57 PM org.apache.openejb.assembler.classic.Assembler createApplication
INFO: Assembling app: C:\Users\Home\Desktop\ProjekatISA\apache-tomee-plus-1.5.0\webapps\manager
Feb 14, 2016 8:20:57 PM org.apache.openejb.cdi.CdiBuilder initSingleton
INFO: Existing thread singleton service in SystemInstance() org.apache.openejb.cdi.ThreadSingletonServiceImpl@a3b6c
Feb 14, 2016 8:20:57 PM org.apache.openejb.cdi.OpenEJBLifecycle startApplication
INFO: OpenWebBeans Container is starting...
Feb 14, 2016 8:20:57 PM org.apache.webbeans.plugins.PluginLoader startUp
INFO: Adding OpenWebBeansPlugin : [CdiPlugin]
Feb 14, 2016 8:20:57 PM org.apache.webbeans.plugins.PluginLoader startUp
INFO: Adding OpenWebBeansPlugin : [OpenWebBeansJsfPlugin]
Feb 14, 2016 8:20:57 PM org.apache.openejb.cdi.BeansDeployer validateInjectionPoints
INFO: All injection points are validated successfully.
Feb 14, 2016 8:20:57 PM org.apache.openejb.cdi.OpenEJBLifecycle startApplication
INFO: OpenWebBeans Container has started, it took 8 ms.
Feb 14, 2016 8:20:57 PM org.apache.tomee.catalina.TomcatWebAppBuilder deployWebApps
INFO: using context file C:\Users\Home\Desktop\ProjekatISA\apache-tomee-plus-1.5.0\webapps\manager\META-INF\context.xml
Feb 14, 2016 8:20:57 PM org.apache.openejb.assembler.classic.Assembler createApplication
INFO: Deployed Application(path=C:\Users\Home\Desktop\ProjekatISA\apache-tomee-plus-1.5.0\webapps\manager)
Feb 14, 2016 8:20:57 PM org.apache.catalina.startup.HostConfig deployDirectory
INFO: Deploying web application directory C:\Users\Home\Desktop\ProjekatISA\apache-tomee-plus-1.5.0\webapps\ROOT
Feb 14, 2016 8:20:57 PM org.apache.tomee.catalina.TomcatWebAppBuilder init
INFO: -------------------------
TomcatWebAppBuilder.init 
Feb 14, 2016 8:20:57 PM org.apache.openejb.config.ConfigurationFactory configureApplication
INFO: Configuring enterprise application: C:\Users\Home\Desktop\ProjekatISA\apache-tomee-plus-1.5.0\webapps\ROOT
Feb 14, 2016 8:20:57 PM org.apache.openejb.config.AppInfoBuilder build
INFO: Enterprise application "C:\Users\Home\Desktop\ProjekatISA\apache-tomee-plus-1.5.0\webapps\ROOT" loaded.
Feb 14, 2016 8:20:57 PM org.apache.openejb.assembler.classic.Assembler createApplication
INFO: Assembling app: C:\Users\Home\Desktop\ProjekatISA\apache-tomee-plus-1.5.0\webapps\ROOT
Feb 14, 2016 8:20:57 PM org.apache.openejb.cdi.CdiBuilder initSingleton
INFO: Existing thread singleton service in SystemInstance() org.apache.openejb.cdi.ThreadSingletonServiceImpl@a3b6c
Feb 14, 2016 8:20:57 PM org.apache.openejb.cdi.OpenEJBLifecycle startApplication
INFO: OpenWebBeans Container is starting...
Feb 14, 2016 8:20:57 PM org.apache.webbeans.plugins.PluginLoader startUp
INFO: Adding OpenWebBeansPlugin : [CdiPlugin]
Feb 14, 2016 8:20:57 PM org.apache.webbeans.plugins.PluginLoader startUp
INFO: Adding OpenWebBeansPlugin : [OpenWebBeansJsfPlugin]
Feb 14, 2016 8:20:57 PM org.apache.openejb.cdi.BeansDeployer validateInjectionPoints
INFO: All injection points are validated successfully.
Feb 14, 2016 8:20:57 PM org.apache.openejb.cdi.OpenEJBLifecycle startApplication
INFO: OpenWebBeans Container has started, it took 8 ms.
Feb 14, 2016 8:20:57 PM org.apache.openejb.assembler.classic.Assembler createApplication
INFO: Deployed Application(path=C:\Users\Home\Desktop\ProjekatISA\apache-tomee-plus-1.5.0\webapps\ROOT)
Feb 14, 2016 8:20:57 PM org.apache.catalina.startup.HostConfig deployDirectory
INFO: Deploying web application directory C:\Users\Home\Desktop\ProjekatISA\apache-tomee-plus-1.5.0\webapps\tomee
Feb 14, 2016 8:20:57 PM org.apache.tomee.catalina.TomcatWebAppBuilder init
INFO: -------------------------
TomcatWebAppBuilder.init /tomee
Feb 14, 2016 8:20:57 PM org.apache.openejb.config.ConfigurationFactory configureApplication
INFO: Configuring enterprise application: C:\Users\Home\Desktop\ProjekatISA\apache-tomee-plus-1.5.0\webapps\tomee
Feb 14, 2016 8:20:57 PM org.apache.openejb.config.AppInfoBuilder build
INFO: Enterprise application "C:\Users\Home\Desktop\ProjekatISA\apache-tomee-plus-1.5.0\webapps\tomee" loaded.
Feb 14, 2016 8:20:57 PM org.apache.openejb.assembler.classic.Assembler createApplication
INFO: Assembling app: C:\Users\Home\Desktop\ProjekatISA\apache-tomee-plus-1.5.0\webapps\tomee
Feb 14, 2016 8:20:57 PM org.apache.openejb.cdi.CdiBuilder initSingleton
INFO: Existing thread singleton service in SystemInstance() org.apache.openejb.cdi.ThreadSingletonServiceImpl@a3b6c
Feb 14, 2016 8:20:57 PM org.apache.openejb.cdi.OpenEJBLifecycle startApplication
INFO: OpenWebBeans Container is starting...
Feb 14, 2016 8:20:57 PM org.apache.webbeans.plugins.PluginLoader startUp
INFO: Adding OpenWebBeansPlugin : [CdiPlugin]
Feb 14, 2016 8:20:57 PM org.apache.webbeans.plugins.PluginLoader startUp
INFO: Adding OpenWebBeansPlugin : [OpenWebBeansJsfPlugin]
Feb 14, 2016 8:20:57 PM org.apache.openejb.cdi.BeansDeployer validateInjectionPoints
INFO: All injection points are validated successfully.
Feb 14, 2016 8:20:57 PM org.apache.openejb.cdi.OpenEJBLifecycle startApplication
INFO: OpenWebBeans Container has started, it took 8 ms.
Feb 14, 2016 8:20:57 PM org.apache.openejb.assembler.classic.Assembler createApplication
INFO: Deployed Application(path=C:\Users\Home\Desktop\ProjekatISA\apache-tomee-plus-1.5.0\webapps\tomee)
Feb 14, 2016 8:20:57 PM org.apache.coyote.AbstractProtocol start
INFO: Starting ProtocolHandler ["http-bio-8080"]
Feb 14, 2016 8:20:57 PM org.apache.coyote.AbstractProtocol start
INFO: Starting ProtocolHandler ["ajp-bio-8009"]
Feb 14, 2016 8:20:57 PM org.apache.catalina.startup.Catalina start
INFO: Server startup in 1120 ms
Feb 14, 2016 8:21:07 PM org.apache.openejb.util.JarExtractor extract
INFO: Extracting jar: C:\Users\Home\Desktop\ProjekatISA\apache-tomee-plus-1.5.0\webapps\Vezbe09.ear
Feb 14, 2016 8:21:07 PM org.apache.openejb.util.JarExtractor extract
INFO: Extracted path: C:\Users\Home\Desktop\ProjekatISA\apache-tomee-plus-1.5.0\webapps\Vezbe09
Feb 14, 2016 8:21:08 PM org.apache.openejb.util.JarExtractor extract
INFO: Extracting jar: C:\Users\Home\Desktop\ProjekatISA\apache-tomee-plus-1.5.0\webapps\Vezbe09\Vezbe09.war
Feb 14, 2016 8:21:08 PM org.apache.openejb.util.JarExtractor extract
INFO: Extracted path: C:\Users\Home\Desktop\ProjekatISA\apache-tomee-plus-1.5.0\webapps\Vezbe09\Vezbe09
Feb 14, 2016 8:21:08 PM org.apache.openejb.util.OptionsLog info
INFO: Using 'openejb.deployments.classpath.filter.systemapps=false'
Feb 14, 2016 8:21:08 PM org.apache.openejb.util.OptionsLog info
INFO: Using 'openejb.default.deployment-module=org.apache.openejb.config.WebModule'
Feb 14, 2016 8:21:08 PM org.apache.openejb.config.DeploymentLoader discoverModuleType
INFO: type for '/c:/users/home/desktop/projekatisa/apache-tomee-plus-1.5.0/lib' was not found, defaulting to WebModule
Feb 14, 2016 8:21:08 PM org.apache.openejb.util.OptionsLog info
INFO: Using 'openejb.default.deployment-module=org.apache.openejb.config.WebModule'
Feb 14, 2016 8:21:08 PM org.apache.openejb.config.ConfigurationFactory configureApplication
INFO: Configuring enterprise application: C:\Users\Home\Desktop\ProjekatISA\apache-tomee-plus-1.5.0\webapps\Vezbe09
Feb 14, 2016 8:21:08 PM org.apache.openejb.config.InitEjbDeployments deploy
INFO: Auto-deploying ejb ISAMenagerDaoBean: EjbDeployment(deployment-id=ISAMenagerDaoBean)
Feb 14, 2016 8:21:08 PM org.apache.openejb.config.InitEjbDeployments deploy
INFO: Auto-deploying ejb ISAAdminDaoBean: EjbDeployment(deployment-id=ISAAdminDaoBean)
Feb 14, 2016 8:21:08 PM org.apache.openejb.config.InitEjbDeployments deploy
INFO: Auto-deploying ejb InitBean: EjbDeployment(deployment-id=InitBean)
Feb 14, 2016 8:21:08 PM org.apache.openejb.config.InitEjbDeployments deploy
INFO: Auto-deploying ejb ISAKorisnikDaoBean: EjbDeployment(deployment-id=ISAKorisnikDaoBean)
Feb 14, 2016 8:21:08 PM org.apache.openejb.config.AutoConfig deploy
INFO: Configuring PersistenceUnit(name=Vezbe09, provider=org.apache.openjpa.persistence.PersistenceProviderImpl)
Feb 14, 2016 8:21:08 PM org.apache.openejb.config.AutoConfig setJtaDataSource
INFO: Adjusting PersistenceUnit Vezbe09 <jta-data-source> to Resource ID 'My DataSource' from 'null'
Feb 14, 2016 8:21:08 PM org.apache.openejb.config.AutoConfig setNonJtaDataSource
INFO: Adjusting PersistenceUnit Vezbe09 <non-jta-data-source> to Resource ID 'My Unmanaged DataSource' from 'null'
Feb 14, 2016 8:21:08 PM org.apache.openejb.config.AppInfoBuilder build
INFO: Enterprise application "C:\Users\Home\Desktop\ProjekatISA\apache-tomee-plus-1.5.0\webapps\Vezbe09" loaded.
Feb 14, 2016 8:21:08 PM org.apache.openejb.assembler.classic.Assembler createApplication
INFO: Assembling app: C:\Users\Home\Desktop\ProjekatISA\apache-tomee-plus-1.5.0\webapps\Vezbe09
Feb 14, 2016 8:21:08 PM org.apache.openejb.assembler.classic.PersistenceBuilder createEntityManagerFactory
INFO: PersistenceUnit(name=Vezbe09, provider=org.apache.openjpa.persistence.PersistenceProviderImpl) - provider time 174ms
Feb 14, 2016 8:21:08 PM org.apache.openejb.assembler.classic.JndiBuilder bind
INFO: Jndi(name=ISAMenagerDaoBeanLocal) --> Ejb(deployment-id=ISAMenagerDaoBean)
Feb 14, 2016 8:21:08 PM org.apache.openejb.assembler.classic.JndiBuilder bind
INFO: Jndi(name=global/Vezbe09/Vezbe09.jar/ISAMenagerDaoBean!rs.ac.uns.ftn.informatika.mbs2.vezbe09.primer01.server.session.ISAMenagerDaoLocal) --> Ejb(deployment-id=ISAMenagerDaoBean)
Feb 14, 2016 8:21:08 PM org.apache.openejb.assembler.classic.JndiBuilder bind
INFO: Jndi(name=global/Vezbe09/Vezbe09.jar/ISAMenagerDaoBean) --> Ejb(deployment-id=ISAMenagerDaoBean)
Feb 14, 2016 8:21:08 PM org.apache.openejb.assembler.classic.JndiBuilder bind
INFO: Jndi(name=ISAAdminDaoBeanLocal) --> Ejb(deployment-id=ISAAdminDaoBean)
Feb 14, 2016 8:21:08 PM org.apache.openejb.assembler.classic.JndiBuilder bind
INFO: Jndi(name=global/Vezbe09/Vezbe09.jar/ISAAdminDaoBean!rs.ac.uns.ftn.informatika.mbs2.vezbe09.primer01.server.session.ISAAdminDaoLocal) --> Ejb(deployment-id=ISAAdminDaoBean)
Feb 14, 2016 8:21:08 PM org.apache.openejb.assembler.classic.JndiBuilder bind
INFO: Jndi(name=global/Vezbe09/Vezbe09.jar/ISAAdminDaoBean) --> Ejb(deployment-id=ISAAdminDaoBean)
Feb 14, 2016 8:21:08 PM org.apache.openejb.assembler.classic.JndiBuilder bind
INFO: Jndi(name=InitBeanRemote) --> Ejb(deployment-id=InitBean)
Feb 14, 2016 8:21:08 PM org.apache.openejb.assembler.classic.JndiBuilder bind
INFO: Jndi(name=global/Vezbe09/Vezbe09.jar/InitBean!rs.ac.uns.ftn.informatika.mbs2.vezbe09.primer01.server.session.Init) --> Ejb(deployment-id=InitBean)
Feb 14, 2016 8:21:08 PM org.apache.openejb.assembler.classic.JndiBuilder bind
INFO: Jndi(name=global/Vezbe09/Vezbe09.jar/InitBean) --> Ejb(deployment-id=InitBean)
Feb 14, 2016 8:21:08 PM org.apache.openejb.assembler.classic.JndiBuilder bind
INFO: Jndi(name=ISAKorisnikDaoBeanLocal) --> Ejb(deployment-id=ISAKorisnikDaoBean)
Feb 14, 2016 8:21:08 PM org.apache.openejb.assembler.classic.JndiBuilder bind
INFO: Jndi(name=global/Vezbe09/Vezbe09.jar/ISAKorisnikDaoBean!rs.ac.uns.ftn.informatika.mbs2.vezbe09.primer01.server.session.ISAKorisnikDaoLocal) --> Ejb(deployment-id=ISAKorisnikDaoBean)
Feb 14, 2016 8:21:08 PM org.apache.openejb.assembler.classic.JndiBuilder bind
INFO: Jndi(name=global/Vezbe09/Vezbe09.jar/ISAKorisnikDaoBean) --> Ejb(deployment-id=ISAKorisnikDaoBean)
Feb 14, 2016 8:21:08 PM org.apache.openejb.cdi.CdiBuilder initSingleton
INFO: Existing thread singleton service in SystemInstance() org.apache.openejb.cdi.ThreadSingletonServiceImpl@a3b6c
Feb 14, 2016 8:21:08 PM org.apache.openejb.cdi.OpenEJBLifecycle startApplication
INFO: OpenWebBeans Container is starting...
Feb 14, 2016 8:21:08 PM org.apache.webbeans.plugins.PluginLoader startUp
INFO: Adding OpenWebBeansPlugin : [CdiPlugin]
Feb 14, 2016 8:21:08 PM org.apache.webbeans.plugins.PluginLoader startUp
INFO: Adding OpenWebBeansPlugin : [OpenWebBeansJsfPlugin]
Feb 14, 2016 8:21:08 PM org.apache.openejb.cdi.BeansDeployer validateInjectionPoints
INFO: All injection points are validated successfully.
Feb 14, 2016 8:21:08 PM org.apache.openejb.cdi.OpenEJBLifecycle startApplication
INFO: OpenWebBeans Container has started, it took 8 ms.
Feb 14, 2016 8:21:08 PM org.apache.openejb.assembler.classic.Assembler createApplication
INFO: Created Ejb(deployment-id=InitBean, ejb-name=InitBean, container=My Stateless Container)
Feb 14, 2016 8:21:08 PM org.apache.openejb.assembler.classic.Assembler createApplication
INFO: Created Ejb(deployment-id=ISAKorisnikDaoBean, ejb-name=ISAKorisnikDaoBean, container=My Stateless Container)
Feb 14, 2016 8:21:08 PM org.apache.openejb.assembler.classic.Assembler createApplication
INFO: Created Ejb(deployment-id=ISAMenagerDaoBean, ejb-name=ISAMenagerDaoBean, container=My Stateless Container)
Feb 14, 2016 8:21:08 PM org.apache.openejb.assembler.classic.Assembler createApplication
INFO: Created Ejb(deployment-id=ISAAdminDaoBean, ejb-name=ISAAdminDaoBean, container=My Stateless Container)
Feb 14, 2016 8:21:08 PM org.apache.openejb.assembler.classic.Assembler createApplication
INFO: Started Ejb(deployment-id=InitBean, ejb-name=InitBean, container=My Stateless Container)
Feb 14, 2016 8:21:08 PM org.apache.openejb.assembler.classic.Assembler createApplication
INFO: Started Ejb(deployment-id=ISAKorisnikDaoBean, ejb-name=ISAKorisnikDaoBean, container=My Stateless Container)
Feb 14, 2016 8:21:08 PM org.apache.openejb.assembler.classic.Assembler createApplication
INFO: Started Ejb(deployment-id=ISAMenagerDaoBean, ejb-name=ISAMenagerDaoBean, container=My Stateless Container)
Feb 14, 2016 8:21:08 PM org.apache.openejb.assembler.classic.Assembler createApplication
INFO: Started Ejb(deployment-id=ISAAdminDaoBean, ejb-name=ISAAdminDaoBean, container=My Stateless Container)
Feb 14, 2016 8:21:08 PM org.apache.tomee.catalina.TomcatWebAppBuilder init
INFO: -------------------------
TomcatWebAppBuilder.init /Vezbe09
Feb 14, 2016 8:21:08 PM org.apache.openejb.cdi.CdiBuilder initSingleton
INFO: Existing thread singleton service in SystemInstance() org.apache.openejb.cdi.ThreadSingletonServiceImpl@a3b6c
Feb 14, 2016 8:21:08 PM org.apache.openejb.cdi.OpenEJBLifecycle startApplication
INFO: OpenWebBeans Container is starting...
Feb 14, 2016 8:21:08 PM org.apache.webbeans.plugins.PluginLoader startUp
INFO: Adding OpenWebBeansPlugin : [CdiPlugin]
Feb 14, 2016 8:21:08 PM org.apache.webbeans.plugins.PluginLoader startUp
INFO: Adding OpenWebBeansPlugin : [OpenWebBeansJsfPlugin]
Feb 14, 2016 8:21:08 PM org.apache.openejb.cdi.BeansDeployer validateInjectionPoints
INFO: All injection points are validated successfully.
Feb 14, 2016 8:21:08 PM org.apache.openejb.cdi.OpenEJBLifecycle startApplication
INFO: OpenWebBeans Container has started, it took 7 ms.
Feb 14, 2016 8:21:09 PM org.apache.openejb.assembler.classic.Assembler createApplication
INFO: Deployed Application(path=C:\Users\Home\Desktop\ProjekatISA\apache-tomee-plus-1.5.0\webapps\Vezbe09)
