Feb 17, 2016 12:30:03 PM org.apache.catalina.core.AprLifecycleListener init
INFO: The APR based Apache Tomcat Native library which allows optimal performance in production environments was not found on the java.library.path: C:\Program Files (x86)\Java\jdk1.7.0_79\bin;C:\WINDOWS\Sun\Java\bin;C:\WINDOWS\system32;C:\WINDOWS;C:\ProgramData\Oracle\Java\javapath;C:\WINDOWS\system32;C:\WINDOWS;C:\WINDOWS\System32\Wbem;C:\WINDOWS\System32\WindowsPowerShell\v1.0\;D:\Anaconda2;D:\Anaconda2\Scripts;D:\Anaconda2\Library\bin;C:\Program Files (x86)\Windows Kits\8.1\Windows Performance Toolkit\;C:\Program Files\Microsoft SQL Server\110\Tools\Binn\;C:\Program Files\Microsoft SQL Server\Client SDK\ODBC\110\Tools\Binn\;C:\Program Files (x86)\Microsoft SQL Server\120\Tools\Binn\ManagementStudio\;C:\Program Files (x86)\Microsoft SQL Server\120\Tools\Binn\;C:\Program Files\Microsoft SQL Server\120\Tools\Binn\;C:\Program Files (x86)\Microsoft SQL Server\120\DTS\Binn\;C:\Program Files\Microsoft SQL Server\120\DTS\Binn\;C:\Program Files\MySQL\MySQL Server 5.5\bin;C:\Program Files (x86)\Java\jdk1.7.0_79;.
Feb 17, 2016 12:30:03 PM org.apache.coyote.AbstractProtocol init
INFO: Initializing ProtocolHandler ["http-bio-8080"]
Feb 17, 2016 12:30:03 PM org.apache.coyote.AbstractProtocol init
INFO: Initializing ProtocolHandler ["ajp-bio-8009"]
Feb 17, 2016 12:30:04 PM org.apache.openejb.util.OptionsLog info
INFO: Using 'openejb.jdbc.datasource-creator=org.apache.tomee.jdbc.TomEEDataSourceCreator'
Feb 17, 2016 12:30:04 PM org.apache.openejb.OpenEJB$Instance <init>
INFO: ********************************************************************************
Feb 17, 2016 12:30:04 PM org.apache.openejb.OpenEJB$Instance <init>
INFO: OpenEJB http://openejb.apache.org/
Feb 17, 2016 12:30:04 PM org.apache.openejb.OpenEJB$Instance <init>
INFO: Startup: Wed Feb 17 12:30:04 CET 2016
Feb 17, 2016 12:30:04 PM org.apache.openejb.OpenEJB$Instance <init>
INFO: Copyright 1999-2012 (C) Apache OpenEJB Project, All Rights Reserved.
Feb 17, 2016 12:30:04 PM org.apache.openejb.OpenEJB$Instance <init>
INFO: Version: 4.5.0
Feb 17, 2016 12:30:04 PM org.apache.openejb.OpenEJB$Instance <init>
INFO: Build date: 20120928
Feb 17, 2016 12:30:04 PM org.apache.openejb.OpenEJB$Instance <init>
INFO: Build time: 08:12
Feb 17, 2016 12:30:04 PM org.apache.openejb.OpenEJB$Instance <init>
INFO: ********************************************************************************
Feb 17, 2016 12:30:04 PM org.apache.openejb.OpenEJB$Instance <init>
INFO: openejb.home = C:\Users\Home\Desktop\ProjekatISA\apache-tomee-plus-1.5.0
Feb 17, 2016 12:30:04 PM org.apache.openejb.OpenEJB$Instance <init>
INFO: openejb.base = C:\Users\Home\Desktop\ProjekatISA\apache-tomee-plus-1.5.0
Feb 17, 2016 12:30:04 PM org.apache.openejb.cdi.CdiBuilder initializeOWB
INFO: Created new singletonService org.apache.openejb.cdi.ThreadSingletonServiceImpl@6fcae2
Feb 17, 2016 12:30:04 PM org.apache.openejb.cdi.CdiBuilder initializeOWB
INFO: Succeeded in installing singleton service
Feb 17, 2016 12:30:04 PM org.apache.openejb.config.ConfigurationFactory init
INFO: openejb configuration file is 'C:\Users\Home\Desktop\ProjekatISA\apache-tomee-plus-1.5.0\conf\tomee.xml'
Feb 17, 2016 12:30:04 PM org.apache.openejb.util.OptionsLog info
INFO: Using 'openejb.provider.default=org.apache.tomee'
Feb 17, 2016 12:30:04 PM org.apache.openejb.config.ConfigurationFactory configureService
INFO: Configuring Service(id=Tomcat Security Service, type=SecurityService, provider-id=Tomcat Security Service)
Feb 17, 2016 12:30:04 PM org.apache.openejb.config.ConfigurationFactory configureService
INFO: Configuring Service(id=Default Transaction Manager, type=TransactionManager, provider-id=Default Transaction Manager)
Feb 17, 2016 12:30:04 PM org.apache.openejb.config.ConfigurationFactory configureService
INFO: Configuring Service(id=My Unmanaged DataSource, type=Resource, provider-id=Default JDBC Database)
Feb 17, 2016 12:30:04 PM org.apache.openejb.config.ConfigurationFactory configureService
INFO: Configuring Service(id=My DataSource, type=Resource, provider-id=Default JDBC Database)
Feb 17, 2016 12:30:04 PM org.apache.openejb.config.ConfigurationFactory configureService
INFO: Configuring Service(id=My Singleton Container, type=Container, provider-id=Default Singleton Container)
Feb 17, 2016 12:30:04 PM org.apache.openejb.config.ConfigurationFactory configureService
INFO: Configuring Service(id=My Stateful Container, type=Container, provider-id=Default Stateful Container)
Feb 17, 2016 12:30:04 PM org.apache.openejb.config.ConfigurationFactory configureService
INFO: Configuring Service(id=My Stateless Container, type=Container, provider-id=Default Stateless Container)
Feb 17, 2016 12:30:04 PM org.apache.openejb.util.OptionsLog info
INFO: Using 'openejb.system.apps=true'
Feb 17, 2016 12:30:04 PM org.apache.openejb.config.ConfigurationFactory configureApplication
INFO: Configuring enterprise application: null
Feb 17, 2016 12:30:04 PM org.apache.openejb.config.InitEjbDeployments deploy
INFO: Using openejb.deploymentId.format '{ejbName}'
Feb 17, 2016 12:30:04 PM org.apache.openejb.config.InitEjbDeployments deploy
INFO: Auto-deploying ejb openejb/Deployer: EjbDeployment(deployment-id=openejb/Deployer)
Feb 17, 2016 12:30:04 PM org.apache.openejb.config.InitEjbDeployments deploy
INFO: Auto-deploying ejb openejb/ConfigurationInfo: EjbDeployment(deployment-id=openejb/ConfigurationInfo)
Feb 17, 2016 12:30:04 PM org.apache.openejb.config.InitEjbDeployments deploy
INFO: Auto-deploying ejb MEJB: EjbDeployment(deployment-id=MEJB)
Feb 17, 2016 12:30:05 PM org.apache.openejb.config.AppInfoBuilder build
INFO: Enterprise application "openejb" loaded.
Feb 17, 2016 12:30:05 PM org.apache.openejb.assembler.classic.Assembler createRecipe
INFO: Creating TransactionManager(id=Default Transaction Manager)
Feb 17, 2016 12:30:05 PM org.apache.openejb.assembler.classic.Assembler createRecipe
INFO: Creating SecurityService(id=Tomcat Security Service)
Feb 17, 2016 12:30:05 PM org.apache.openejb.assembler.classic.Assembler createRecipe
INFO: Creating Resource(id=My Unmanaged DataSource)
Feb 17, 2016 12:30:05 PM org.apache.openejb.assembler.classic.Assembler createRecipe
INFO: Creating Resource(id=My DataSource)
Feb 17, 2016 12:30:05 PM org.apache.openejb.assembler.classic.Assembler createRecipe
INFO: Creating Container(id=My Singleton Container)
Feb 17, 2016 12:30:05 PM org.apache.openejb.assembler.classic.Assembler createRecipe
INFO: Creating Container(id=My Stateful Container)
Feb 17, 2016 12:30:05 PM org.apache.openejb.core.stateful.SimplePassivater init
INFO: Using directory C:\Users\Home\Desktop\ProjekatISA\apache-tomee-plus-1.5.0\temp for stateful session passivation
Feb 17, 2016 12:30:05 PM org.apache.openejb.assembler.classic.Assembler createRecipe
INFO: Creating Container(id=My Stateless Container)
Feb 17, 2016 12:30:05 PM org.apache.openejb.assembler.classic.Assembler createApplication
INFO: Assembling app: openejb
Feb 17, 2016 12:30:05 PM org.apache.openejb.util.OptionsLog info
INFO: Using 'openejb.jndiname.format={deploymentId}{interfaceType.openejbLegacyName}'
Feb 17, 2016 12:30:05 PM org.apache.openejb.assembler.classic.JndiBuilder bind
INFO: Jndi(name=openejb/DeployerBusinessRemote) --> Ejb(deployment-id=openejb/Deployer)
Feb 17, 2016 12:30:05 PM org.apache.openejb.assembler.classic.JndiBuilder bind
INFO: Jndi(name=global/openejb/openejb/Deployer!org.apache.openejb.assembler.Deployer) --> Ejb(deployment-id=openejb/Deployer)
Feb 17, 2016 12:30:05 PM org.apache.openejb.assembler.classic.JndiBuilder bind
INFO: Jndi(name=global/openejb/openejb/Deployer) --> Ejb(deployment-id=openejb/Deployer)
Feb 17, 2016 12:30:05 PM org.apache.openejb.assembler.classic.JndiBuilder bind
INFO: Jndi(name=openejb/ConfigurationInfoBusinessRemote) --> Ejb(deployment-id=openejb/ConfigurationInfo)
Feb 17, 2016 12:30:05 PM org.apache.openejb.assembler.classic.JndiBuilder bind
INFO: Jndi(name=global/openejb/openejb/ConfigurationInfo!org.apache.openejb.assembler.classic.cmd.ConfigurationInfo) --> Ejb(deployment-id=openejb/ConfigurationInfo)
Feb 17, 2016 12:30:05 PM org.apache.openejb.assembler.classic.JndiBuilder bind
INFO: Jndi(name=global/openejb/openejb/ConfigurationInfo) --> Ejb(deployment-id=openejb/ConfigurationInfo)
Feb 17, 2016 12:30:05 PM org.apache.openejb.assembler.classic.JndiBuilder bind
INFO: Jndi(name=MEJB) --> Ejb(deployment-id=MEJB)
Feb 17, 2016 12:30:05 PM org.apache.openejb.assembler.classic.JndiBuilder bind
INFO: Jndi(name=global/openejb/MEJB!javax.management.j2ee.ManagementHome) --> Ejb(deployment-id=MEJB)
Feb 17, 2016 12:30:05 PM org.apache.openejb.assembler.classic.JndiBuilder bind
INFO: Jndi(name=global/openejb/MEJB) --> Ejb(deployment-id=MEJB)
Feb 17, 2016 12:30:05 PM org.apache.openejb.cdi.CdiBuilder initSingleton
INFO: Existing thread singleton service in SystemInstance() org.apache.openejb.cdi.ThreadSingletonServiceImpl@6fcae2
Feb 17, 2016 12:30:05 PM org.apache.openejb.cdi.OpenEJBLifecycle startApplication
INFO: OpenWebBeans Container is starting...
Feb 17, 2016 12:30:05 PM org.apache.webbeans.plugins.PluginLoader startUp
INFO: Adding OpenWebBeansPlugin : [CdiPlugin]
Feb 17, 2016 12:30:05 PM org.apache.webbeans.plugins.PluginLoader startUp
INFO: Adding OpenWebBeansPlugin : [OpenWebBeansJsfPlugin]
Feb 17, 2016 12:30:05 PM org.apache.openejb.cdi.BeansDeployer validateInjectionPoints
INFO: All injection points are validated successfully.
Feb 17, 2016 12:30:05 PM org.apache.openejb.cdi.OpenEJBLifecycle startApplication
INFO: OpenWebBeans Container has started, it took 73 ms.
Feb 17, 2016 12:30:05 PM org.apache.openejb.assembler.classic.Assembler createApplication
INFO: Created Ejb(deployment-id=openejb/Deployer, ejb-name=openejb/Deployer, container=My Stateless Container)
Feb 17, 2016 12:30:05 PM org.apache.openejb.assembler.classic.Assembler createApplication
INFO: Created Ejb(deployment-id=MEJB, ejb-name=MEJB, container=My Stateless Container)
Feb 17, 2016 12:30:05 PM org.apache.openejb.assembler.classic.Assembler createApplication
INFO: Created Ejb(deployment-id=openejb/ConfigurationInfo, ejb-name=openejb/ConfigurationInfo, container=My Stateless Container)
Feb 17, 2016 12:30:05 PM org.apache.openejb.assembler.classic.Assembler createApplication
INFO: Started Ejb(deployment-id=openejb/Deployer, ejb-name=openejb/Deployer, container=My Stateless Container)
Feb 17, 2016 12:30:05 PM org.apache.openejb.assembler.classic.Assembler createApplication
INFO: Started Ejb(deployment-id=MEJB, ejb-name=MEJB, container=My Stateless Container)
Feb 17, 2016 12:30:05 PM org.apache.openejb.assembler.classic.Assembler createApplication
INFO: Started Ejb(deployment-id=openejb/ConfigurationInfo, ejb-name=openejb/ConfigurationInfo, container=My Stateless Container)
Feb 17, 2016 12:30:05 PM org.apache.openejb.assembler.classic.Assembler deployMBean
INFO: Deployed MBean(openejb.user.mbeans:application=openejb,group=org.apache.openejb.assembler.monitoring,name=JMXDeployer)
Feb 17, 2016 12:30:05 PM org.apache.openejb.assembler.classic.Assembler createApplication
INFO: Deployed Application(path=openejb)
Feb 17, 2016 12:30:05 PM org.apache.openejb.server.ServiceManager initServer
INFO: Creating ServerService(id=cxf)
Feb 17, 2016 12:30:05 PM org.apache.openejb.server.ServiceManager initServer
INFO: Creating ServerService(id=cxf-rs)
Feb 17, 2016 12:30:05 PM org.apache.openejb.server.SimpleServiceManager start
INFO: Starting service cxf
Feb 17, 2016 12:30:05 PM org.apache.openejb.server.SimpleServiceManager start
INFO: Started service cxf
Feb 17, 2016 12:30:05 PM org.apache.openejb.server.SimpleServiceManager start
INFO: Starting service cxf-rs
Feb 17, 2016 12:30:05 PM org.apache.openejb.server.SimpleServiceManager start
INFO: Started service cxf-rs
Feb 17, 2016 12:30:05 PM org.apache.openejb.server.SimpleServiceManager start
INFO:   ** Bound Services **
Feb 17, 2016 12:30:05 PM org.apache.openejb.server.SimpleServiceManager printRow
INFO:   NAME                 IP              PORT  
Feb 17, 2016 12:30:05 PM org.apache.openejb.server.SimpleServiceManager start
INFO: -------
Feb 17, 2016 12:30:05 PM org.apache.openejb.server.SimpleServiceManager start
INFO: Ready!
Feb 17, 2016 12:30:05 PM org.apache.catalina.startup.Catalina load
INFO: Initialization processed in 2478 ms
Feb 17, 2016 12:30:05 PM org.apache.tomee.catalina.OpenEJBNamingContextListener bindResource
INFO: Importing a Tomcat Resource with id 'UserDatabase' of type 'org.apache.catalina.UserDatabase'.
Feb 17, 2016 12:30:05 PM org.apache.openejb.assembler.classic.Assembler createRecipe
INFO: Creating Resource(id=UserDatabase)
Feb 17, 2016 12:30:05 PM org.apache.catalina.core.StandardService startInternal
INFO: Starting service Catalina
Feb 17, 2016 12:30:05 PM org.apache.catalina.core.StandardEngine startInternal
INFO: Starting Servlet Engine: Apache Tomcat/7.0.30
Feb 17, 2016 12:30:05 PM org.apache.catalina.startup.HostConfig deployDirectory
INFO: Deploying web application directory C:\Users\Home\Desktop\ProjekatISA\apache-tomee-plus-1.5.0\webapps\docs
Feb 17, 2016 12:30:05 PM org.apache.tomee.catalina.TomcatWebAppBuilder init
INFO: -------------------------
TomcatWebAppBuilder.init /docs
Feb 17, 2016 12:30:06 PM org.apache.openejb.config.ConfigurationFactory configureApplication
INFO: Configuring enterprise application: C:\Users\Home\Desktop\ProjekatISA\apache-tomee-plus-1.5.0\webapps\docs
Feb 17, 2016 12:30:06 PM org.apache.openejb.config.AppInfoBuilder build
INFO: Enterprise application "C:\Users\Home\Desktop\ProjekatISA\apache-tomee-plus-1.5.0\webapps\docs" loaded.
Feb 17, 2016 12:30:06 PM org.apache.openejb.assembler.classic.Assembler createApplication
INFO: Assembling app: C:\Users\Home\Desktop\ProjekatISA\apache-tomee-plus-1.5.0\webapps\docs
Feb 17, 2016 12:30:06 PM org.apache.openejb.cdi.CdiBuilder initSingleton
INFO: Existing thread singleton service in SystemInstance() org.apache.openejb.cdi.ThreadSingletonServiceImpl@6fcae2
Feb 17, 2016 12:30:06 PM org.apache.openejb.cdi.OpenEJBLifecycle startApplication
INFO: OpenWebBeans Container is starting...
Feb 17, 2016 12:30:06 PM org.apache.webbeans.plugins.PluginLoader startUp
INFO: Adding OpenWebBeansPlugin : [CdiPlugin]
Feb 17, 2016 12:30:06 PM org.apache.webbeans.plugins.PluginLoader startUp
INFO: Adding OpenWebBeansPlugin : [OpenWebBeansJsfPlugin]
Feb 17, 2016 12:30:06 PM org.apache.openejb.cdi.BeansDeployer validateInjectionPoints
INFO: All injection points are validated successfully.
Feb 17, 2016 12:30:06 PM org.apache.openejb.cdi.OpenEJBLifecycle startApplication
INFO: OpenWebBeans Container has started, it took 13 ms.
Feb 17, 2016 12:30:06 PM org.apache.openejb.assembler.classic.Assembler createApplication
INFO: Deployed Application(path=C:\Users\Home\Desktop\ProjekatISA\apache-tomee-plus-1.5.0\webapps\docs)
Feb 17, 2016 12:30:06 PM org.apache.catalina.startup.HostConfig deployDirectory
INFO: Deploying web application directory C:\Users\Home\Desktop\ProjekatISA\apache-tomee-plus-1.5.0\webapps\host-manager
Feb 17, 2016 12:30:06 PM org.apache.tomee.catalina.TomcatWebAppBuilder init
INFO: -------------------------
TomcatWebAppBuilder.init /host-manager
Feb 17, 2016 12:30:06 PM org.apache.openejb.config.ConfigurationFactory configureApplication
INFO: Configuring enterprise application: C:\Users\Home\Desktop\ProjekatISA\apache-tomee-plus-1.5.0\webapps\host-manager
Feb 17, 2016 12:30:06 PM org.apache.openejb.config.AppInfoBuilder build
INFO: Enterprise application "C:\Users\Home\Desktop\ProjekatISA\apache-tomee-plus-1.5.0\webapps\host-manager" loaded.
Feb 17, 2016 12:30:06 PM org.apache.openejb.assembler.classic.Assembler createApplication
INFO: Assembling app: C:\Users\Home\Desktop\ProjekatISA\apache-tomee-plus-1.5.0\webapps\host-manager
Feb 17, 2016 12:30:06 PM org.apache.openejb.cdi.CdiBuilder initSingleton
INFO: Existing thread singleton service in SystemInstance() org.apache.openejb.cdi.ThreadSingletonServiceImpl@6fcae2
Feb 17, 2016 12:30:06 PM org.apache.openejb.cdi.OpenEJBLifecycle startApplication
INFO: OpenWebBeans Container is starting...
Feb 17, 2016 12:30:06 PM org.apache.webbeans.plugins.PluginLoader startUp
INFO: Adding OpenWebBeansPlugin : [CdiPlugin]
Feb 17, 2016 12:30:06 PM org.apache.webbeans.plugins.PluginLoader startUp
INFO: Adding OpenWebBeansPlugin : [OpenWebBeansJsfPlugin]
Feb 17, 2016 12:30:06 PM org.apache.openejb.cdi.BeansDeployer validateInjectionPoints
INFO: All injection points are validated successfully.
Feb 17, 2016 12:30:06 PM org.apache.openejb.cdi.OpenEJBLifecycle startApplication
INFO: OpenWebBeans Container has started, it took 8 ms.
Feb 17, 2016 12:30:06 PM org.apache.tomee.catalina.TomcatWebAppBuilder deployWebApps
INFO: using context file C:\Users\Home\Desktop\ProjekatISA\apache-tomee-plus-1.5.0\webapps\host-manager\META-INF\context.xml
Feb 17, 2016 12:30:06 PM org.apache.openejb.assembler.classic.Assembler createApplication
INFO: Deployed Application(path=C:\Users\Home\Desktop\ProjekatISA\apache-tomee-plus-1.5.0\webapps\host-manager)
Feb 17, 2016 12:30:06 PM org.apache.catalina.startup.HostConfig deployDirectory
INFO: Deploying web application directory C:\Users\Home\Desktop\ProjekatISA\apache-tomee-plus-1.5.0\webapps\manager
Feb 17, 2016 12:30:06 PM org.apache.tomee.catalina.TomcatWebAppBuilder init
INFO: -------------------------
TomcatWebAppBuilder.init /manager
Feb 17, 2016 12:30:06 PM org.apache.openejb.config.ConfigurationFactory configureApplication
INFO: Configuring enterprise application: C:\Users\Home\Desktop\ProjekatISA\apache-tomee-plus-1.5.0\webapps\manager
Feb 17, 2016 12:30:06 PM org.apache.openejb.config.AppInfoBuilder build
INFO: Enterprise application "C:\Users\Home\Desktop\ProjekatISA\apache-tomee-plus-1.5.0\webapps\manager" loaded.
Feb 17, 2016 12:30:06 PM org.apache.openejb.assembler.classic.Assembler createApplication
INFO: Assembling app: C:\Users\Home\Desktop\ProjekatISA\apache-tomee-plus-1.5.0\webapps\manager
Feb 17, 2016 12:30:06 PM org.apache.openejb.cdi.CdiBuilder initSingleton
INFO: Existing thread singleton service in SystemInstance() org.apache.openejb.cdi.ThreadSingletonServiceImpl@6fcae2
Feb 17, 2016 12:30:06 PM org.apache.openejb.cdi.OpenEJBLifecycle startApplication
INFO: OpenWebBeans Container is starting...
Feb 17, 2016 12:30:06 PM org.apache.webbeans.plugins.PluginLoader startUp
INFO: Adding OpenWebBeansPlugin : [CdiPlugin]
Feb 17, 2016 12:30:06 PM org.apache.webbeans.plugins.PluginLoader startUp
INFO: Adding OpenWebBeansPlugin : [OpenWebBeansJsfPlugin]
Feb 17, 2016 12:30:06 PM org.apache.openejb.cdi.BeansDeployer validateInjectionPoints
INFO: All injection points are validated successfully.
Feb 17, 2016 12:30:06 PM org.apache.openejb.cdi.OpenEJBLifecycle startApplication
INFO: OpenWebBeans Container has started, it took 13 ms.
Feb 17, 2016 12:30:06 PM org.apache.tomee.catalina.TomcatWebAppBuilder deployWebApps
INFO: using context file C:\Users\Home\Desktop\ProjekatISA\apache-tomee-plus-1.5.0\webapps\manager\META-INF\context.xml
Feb 17, 2016 12:30:06 PM org.apache.openejb.assembler.classic.Assembler createApplication
INFO: Deployed Application(path=C:\Users\Home\Desktop\ProjekatISA\apache-tomee-plus-1.5.0\webapps\manager)
Feb 17, 2016 12:30:06 PM org.apache.catalina.startup.HostConfig deployDirectory
INFO: Deploying web application directory C:\Users\Home\Desktop\ProjekatISA\apache-tomee-plus-1.5.0\webapps\ROOT
Feb 17, 2016 12:30:06 PM org.apache.tomee.catalina.TomcatWebAppBuilder init
INFO: -------------------------
TomcatWebAppBuilder.init 
Feb 17, 2016 12:30:06 PM org.apache.openejb.config.ConfigurationFactory configureApplication
INFO: Configuring enterprise application: C:\Users\Home\Desktop\ProjekatISA\apache-tomee-plus-1.5.0\webapps\ROOT
Feb 17, 2016 12:30:06 PM org.apache.openejb.config.AppInfoBuilder build
INFO: Enterprise application "C:\Users\Home\Desktop\ProjekatISA\apache-tomee-plus-1.5.0\webapps\ROOT" loaded.
Feb 17, 2016 12:30:06 PM org.apache.openejb.assembler.classic.Assembler createApplication
INFO: Assembling app: C:\Users\Home\Desktop\ProjekatISA\apache-tomee-plus-1.5.0\webapps\ROOT
Feb 17, 2016 12:30:06 PM org.apache.openejb.cdi.CdiBuilder initSingleton
INFO: Existing thread singleton service in SystemInstance() org.apache.openejb.cdi.ThreadSingletonServiceImpl@6fcae2
Feb 17, 2016 12:30:06 PM org.apache.openejb.cdi.OpenEJBLifecycle startApplication
INFO: OpenWebBeans Container is starting...
Feb 17, 2016 12:30:06 PM org.apache.webbeans.plugins.PluginLoader startUp
INFO: Adding OpenWebBeansPlugin : [CdiPlugin]
Feb 17, 2016 12:30:06 PM org.apache.webbeans.plugins.PluginLoader startUp
INFO: Adding OpenWebBeansPlugin : [OpenWebBeansJsfPlugin]
Feb 17, 2016 12:30:06 PM org.apache.openejb.cdi.BeansDeployer validateInjectionPoints
INFO: All injection points are validated successfully.
Feb 17, 2016 12:30:06 PM org.apache.openejb.cdi.OpenEJBLifecycle startApplication
INFO: OpenWebBeans Container has started, it took 15 ms.
Feb 17, 2016 12:30:07 PM org.apache.openejb.assembler.classic.Assembler createApplication
INFO: Deployed Application(path=C:\Users\Home\Desktop\ProjekatISA\apache-tomee-plus-1.5.0\webapps\ROOT)
Feb 17, 2016 12:33:50 PM org.apache.catalina.core.AprLifecycleListener init
INFO: The APR based Apache Tomcat Native library which allows optimal performance in production environments was not found on the java.library.path: C:\Program Files (x86)\Java\jdk1.7.0_79\bin;C:\WINDOWS\Sun\Java\bin;C:\WINDOWS\system32;C:\WINDOWS;C:\ProgramData\Oracle\Java\javapath;C:\WINDOWS\system32;C:\WINDOWS;C:\WINDOWS\System32\Wbem;C:\WINDOWS\System32\WindowsPowerShell\v1.0\;D:\Anaconda2;D:\Anaconda2\Scripts;D:\Anaconda2\Library\bin;C:\Program Files (x86)\Windows Kits\8.1\Windows Performance Toolkit\;C:\Program Files\Microsoft SQL Server\110\Tools\Binn\;C:\Program Files\Microsoft SQL Server\Client SDK\ODBC\110\Tools\Binn\;C:\Program Files (x86)\Microsoft SQL Server\120\Tools\Binn\ManagementStudio\;C:\Program Files (x86)\Microsoft SQL Server\120\Tools\Binn\;C:\Program Files\Microsoft SQL Server\120\Tools\Binn\;C:\Program Files (x86)\Microsoft SQL Server\120\DTS\Binn\;C:\Program Files\Microsoft SQL Server\120\DTS\Binn\;C:\Program Files\MySQL\MySQL Server 5.5\bin;C:\Program Files (x86)\Java\jdk1.7.0_79;.
Feb 17, 2016 12:33:51 PM org.apache.coyote.AbstractProtocol init
INFO: Initializing ProtocolHandler ["http-bio-8080"]
Feb 17, 2016 12:33:51 PM org.apache.coyote.AbstractProtocol init
INFO: Initializing ProtocolHandler ["ajp-bio-8009"]
Feb 17, 2016 12:33:51 PM org.apache.openejb.util.OptionsLog info
INFO: Using 'openejb.jdbc.datasource-creator=org.apache.tomee.jdbc.TomEEDataSourceCreator'
Feb 17, 2016 12:33:52 PM org.apache.openejb.OpenEJB$Instance <init>
INFO: ********************************************************************************
Feb 17, 2016 12:33:52 PM org.apache.openejb.OpenEJB$Instance <init>
INFO: OpenEJB http://openejb.apache.org/
Feb 17, 2016 12:33:52 PM org.apache.openejb.OpenEJB$Instance <init>
INFO: Startup: Wed Feb 17 12:33:52 CET 2016
Feb 17, 2016 12:33:52 PM org.apache.openejb.OpenEJB$Instance <init>
INFO: Copyright 1999-2012 (C) Apache OpenEJB Project, All Rights Reserved.
Feb 17, 2016 12:33:52 PM org.apache.openejb.OpenEJB$Instance <init>
INFO: Version: 4.5.0
Feb 17, 2016 12:33:52 PM org.apache.openejb.OpenEJB$Instance <init>
INFO: Build date: 20120928
Feb 17, 2016 12:33:52 PM org.apache.openejb.OpenEJB$Instance <init>
INFO: Build time: 08:12
Feb 17, 2016 12:33:52 PM org.apache.openejb.OpenEJB$Instance <init>
INFO: ********************************************************************************
Feb 17, 2016 12:33:52 PM org.apache.openejb.OpenEJB$Instance <init>
INFO: openejb.home = C:\Users\Home\Desktop\ProjekatISA\apache-tomee-plus-1.5.0
Feb 17, 2016 12:33:52 PM org.apache.openejb.OpenEJB$Instance <init>
INFO: openejb.base = C:\Users\Home\Desktop\ProjekatISA\apache-tomee-plus-1.5.0
Feb 17, 2016 12:33:52 PM org.apache.openejb.cdi.CdiBuilder initializeOWB
INFO: Created new singletonService org.apache.openejb.cdi.ThreadSingletonServiceImpl@14a545d
Feb 17, 2016 12:33:52 PM org.apache.openejb.cdi.CdiBuilder initializeOWB
INFO: Succeeded in installing singleton service
Feb 17, 2016 12:33:52 PM org.apache.openejb.config.ConfigurationFactory init
INFO: openejb configuration file is 'C:\Users\Home\Desktop\ProjekatISA\apache-tomee-plus-1.5.0\conf\tomee.xml'
Feb 17, 2016 12:33:52 PM org.apache.openejb.util.OptionsLog info
INFO: Using 'openejb.provider.default=org.apache.tomee'
Feb 17, 2016 12:33:52 PM org.apache.openejb.config.ConfigurationFactory configureService
INFO: Configuring Service(id=Tomcat Security Service, type=SecurityService, provider-id=Tomcat Security Service)
Feb 17, 2016 12:33:52 PM org.apache.openejb.config.ConfigurationFactory configureService
INFO: Configuring Service(id=Default Transaction Manager, type=TransactionManager, provider-id=Default Transaction Manager)
Feb 17, 2016 12:33:52 PM org.apache.openejb.config.ConfigurationFactory configureService
INFO: Configuring Service(id=My Unmanaged DataSource, type=Resource, provider-id=Default JDBC Database)
Feb 17, 2016 12:33:52 PM org.apache.openejb.config.ConfigurationFactory configureService
INFO: Configuring Service(id=My DataSource, type=Resource, provider-id=Default JDBC Database)
Feb 17, 2016 12:33:52 PM org.apache.openejb.config.ConfigurationFactory configureService
INFO: Configuring Service(id=My Singleton Container, type=Container, provider-id=Default Singleton Container)
Feb 17, 2016 12:33:52 PM org.apache.openejb.config.ConfigurationFactory configureService
INFO: Configuring Service(id=My Stateful Container, type=Container, provider-id=Default Stateful Container)
Feb 17, 2016 12:33:52 PM org.apache.openejb.config.ConfigurationFactory configureService
INFO: Configuring Service(id=My Stateless Container, type=Container, provider-id=Default Stateless Container)
Feb 17, 2016 12:33:52 PM org.apache.openejb.util.OptionsLog info
INFO: Using 'openejb.system.apps=true'
Feb 17, 2016 12:33:52 PM org.apache.openejb.config.ConfigurationFactory configureApplication
INFO: Configuring enterprise application: null
Feb 17, 2016 12:33:52 PM org.apache.openejb.config.InitEjbDeployments deploy
INFO: Using openejb.deploymentId.format '{ejbName}'
Feb 17, 2016 12:33:52 PM org.apache.openejb.config.InitEjbDeployments deploy
INFO: Auto-deploying ejb openejb/Deployer: EjbDeployment(deployment-id=openejb/Deployer)
Feb 17, 2016 12:33:52 PM org.apache.openejb.config.InitEjbDeployments deploy
INFO: Auto-deploying ejb openejb/ConfigurationInfo: EjbDeployment(deployment-id=openejb/ConfigurationInfo)
Feb 17, 2016 12:33:52 PM org.apache.openejb.config.InitEjbDeployments deploy
INFO: Auto-deploying ejb MEJB: EjbDeployment(deployment-id=MEJB)
Feb 17, 2016 12:33:52 PM org.apache.openejb.config.AppInfoBuilder build
INFO: Enterprise application "openejb" loaded.
Feb 17, 2016 12:33:52 PM org.apache.openejb.assembler.classic.Assembler createRecipe
INFO: Creating TransactionManager(id=Default Transaction Manager)
Feb 17, 2016 12:33:52 PM org.apache.openejb.assembler.classic.Assembler createRecipe
INFO: Creating SecurityService(id=Tomcat Security Service)
Feb 17, 2016 12:33:52 PM org.apache.openejb.assembler.classic.Assembler createRecipe
INFO: Creating Resource(id=My Unmanaged DataSource)
Feb 17, 2016 12:33:52 PM org.apache.openejb.assembler.classic.Assembler createRecipe
INFO: Creating Resource(id=My DataSource)
Feb 17, 2016 12:33:52 PM org.apache.openejb.assembler.classic.Assembler createRecipe
INFO: Creating Container(id=My Singleton Container)
Feb 17, 2016 12:33:52 PM org.apache.openejb.assembler.classic.Assembler createRecipe
INFO: Creating Container(id=My Stateful Container)
Feb 17, 2016 12:33:52 PM org.apache.openejb.core.stateful.SimplePassivater init
INFO: Using directory C:\Users\Home\Desktop\ProjekatISA\apache-tomee-plus-1.5.0\temp for stateful session passivation
Feb 17, 2016 12:33:52 PM org.apache.openejb.assembler.classic.Assembler createRecipe
INFO: Creating Container(id=My Stateless Container)
Feb 17, 2016 12:33:52 PM org.apache.openejb.assembler.classic.Assembler createApplication
INFO: Assembling app: openejb
Feb 17, 2016 12:33:53 PM org.apache.openejb.util.OptionsLog info
INFO: Using 'openejb.jndiname.format={deploymentId}{interfaceType.openejbLegacyName}'
Feb 17, 2016 12:33:53 PM org.apache.openejb.assembler.classic.JndiBuilder bind
INFO: Jndi(name=openejb/DeployerBusinessRemote) --> Ejb(deployment-id=openejb/Deployer)
Feb 17, 2016 12:33:53 PM org.apache.openejb.assembler.classic.JndiBuilder bind
INFO: Jndi(name=global/openejb/openejb/Deployer!org.apache.openejb.assembler.Deployer) --> Ejb(deployment-id=openejb/Deployer)
Feb 17, 2016 12:33:53 PM org.apache.openejb.assembler.classic.JndiBuilder bind
INFO: Jndi(name=global/openejb/openejb/Deployer) --> Ejb(deployment-id=openejb/Deployer)
Feb 17, 2016 12:33:53 PM org.apache.openejb.assembler.classic.JndiBuilder bind
INFO: Jndi(name=openejb/ConfigurationInfoBusinessRemote) --> Ejb(deployment-id=openejb/ConfigurationInfo)
Feb 17, 2016 12:33:53 PM org.apache.openejb.assembler.classic.JndiBuilder bind
INFO: Jndi(name=global/openejb/openejb/ConfigurationInfo!org.apache.openejb.assembler.classic.cmd.ConfigurationInfo) --> Ejb(deployment-id=openejb/ConfigurationInfo)
Feb 17, 2016 12:33:53 PM org.apache.openejb.assembler.classic.JndiBuilder bind
INFO: Jndi(name=global/openejb/openejb/ConfigurationInfo) --> Ejb(deployment-id=openejb/ConfigurationInfo)
Feb 17, 2016 12:33:53 PM org.apache.openejb.assembler.classic.JndiBuilder bind
INFO: Jndi(name=MEJB) --> Ejb(deployment-id=MEJB)
Feb 17, 2016 12:33:53 PM org.apache.openejb.assembler.classic.JndiBuilder bind
INFO: Jndi(name=global/openejb/MEJB!javax.management.j2ee.ManagementHome) --> Ejb(deployment-id=MEJB)
Feb 17, 2016 12:33:53 PM org.apache.openejb.assembler.classic.JndiBuilder bind
INFO: Jndi(name=global/openejb/MEJB) --> Ejb(deployment-id=MEJB)
Feb 17, 2016 12:33:53 PM org.apache.openejb.cdi.CdiBuilder initSingleton
INFO: Existing thread singleton service in SystemInstance() org.apache.openejb.cdi.ThreadSingletonServiceImpl@14a545d
Feb 17, 2016 12:33:53 PM org.apache.openejb.cdi.OpenEJBLifecycle startApplication
INFO: OpenWebBeans Container is starting...
Feb 17, 2016 12:33:53 PM org.apache.webbeans.plugins.PluginLoader startUp
INFO: Adding OpenWebBeansPlugin : [CdiPlugin]
Feb 17, 2016 12:33:53 PM org.apache.webbeans.plugins.PluginLoader startUp
INFO: Adding OpenWebBeansPlugin : [OpenWebBeansJsfPlugin]
Feb 17, 2016 12:33:53 PM org.apache.openejb.cdi.BeansDeployer validateInjectionPoints
INFO: All injection points are validated successfully.
Feb 17, 2016 12:33:53 PM org.apache.openejb.cdi.OpenEJBLifecycle startApplication
INFO: OpenWebBeans Container has started, it took 73 ms.
Feb 17, 2016 12:33:53 PM org.apache.openejb.assembler.classic.Assembler createApplication
INFO: Created Ejb(deployment-id=openejb/Deployer, ejb-name=openejb/Deployer, container=My Stateless Container)
Feb 17, 2016 12:33:53 PM org.apache.openejb.assembler.classic.Assembler createApplication
INFO: Created Ejb(deployment-id=MEJB, ejb-name=MEJB, container=My Stateless Container)
Feb 17, 2016 12:33:53 PM org.apache.openejb.assembler.classic.Assembler createApplication
INFO: Created Ejb(deployment-id=openejb/ConfigurationInfo, ejb-name=openejb/ConfigurationInfo, container=My Stateless Container)
Feb 17, 2016 12:33:53 PM org.apache.openejb.assembler.classic.Assembler createApplication
INFO: Started Ejb(deployment-id=openejb/Deployer, ejb-name=openejb/Deployer, container=My Stateless Container)
Feb 17, 2016 12:33:53 PM org.apache.openejb.assembler.classic.Assembler createApplication
INFO: Started Ejb(deployment-id=MEJB, ejb-name=MEJB, container=My Stateless Container)
Feb 17, 2016 12:33:53 PM org.apache.openejb.assembler.classic.Assembler createApplication
INFO: Started Ejb(deployment-id=openejb/ConfigurationInfo, ejb-name=openejb/ConfigurationInfo, container=My Stateless Container)
Feb 17, 2016 12:33:53 PM org.apache.openejb.assembler.classic.Assembler deployMBean
INFO: Deployed MBean(openejb.user.mbeans:application=openejb,group=org.apache.openejb.assembler.monitoring,name=JMXDeployer)
Feb 17, 2016 12:33:53 PM org.apache.openejb.assembler.classic.Assembler createApplication
INFO: Deployed Application(path=openejb)
Feb 17, 2016 12:33:53 PM org.apache.openejb.server.ServiceManager initServer
INFO: Creating ServerService(id=cxf)
Feb 17, 2016 12:33:53 PM org.apache.openejb.server.ServiceManager initServer
INFO: Creating ServerService(id=cxf-rs)
Feb 17, 2016 12:33:53 PM org.apache.openejb.server.SimpleServiceManager start
INFO: Starting service cxf
Feb 17, 2016 12:33:53 PM org.apache.openejb.server.SimpleServiceManager start
INFO: Started service cxf
Feb 17, 2016 12:33:53 PM org.apache.openejb.server.SimpleServiceManager start
INFO: Starting service cxf-rs
Feb 17, 2016 12:33:53 PM org.apache.openejb.server.SimpleServiceManager start
INFO: Started service cxf-rs
Feb 17, 2016 12:33:53 PM org.apache.openejb.server.SimpleServiceManager start
INFO:   ** Bound Services **
Feb 17, 2016 12:33:53 PM org.apache.openejb.server.SimpleServiceManager printRow
INFO:   NAME                 IP              PORT  
Feb 17, 2016 12:33:53 PM org.apache.openejb.server.SimpleServiceManager start
INFO: -------
Feb 17, 2016 12:33:53 PM org.apache.openejb.server.SimpleServiceManager start
INFO: Ready!
Feb 17, 2016 12:33:53 PM org.apache.catalina.startup.Catalina load
INFO: Initialization processed in 2772 ms
Feb 17, 2016 12:33:53 PM org.apache.tomee.catalina.OpenEJBNamingContextListener bindResource
INFO: Importing a Tomcat Resource with id 'UserDatabase' of type 'org.apache.catalina.UserDatabase'.
Feb 17, 2016 12:33:53 PM org.apache.openejb.assembler.classic.Assembler createRecipe
INFO: Creating Resource(id=UserDatabase)
Feb 17, 2016 12:33:53 PM org.apache.catalina.core.StandardService startInternal
INFO: Starting service Catalina
Feb 17, 2016 12:33:53 PM org.apache.catalina.core.StandardEngine startInternal
INFO: Starting Servlet Engine: Apache Tomcat/7.0.30
Feb 17, 2016 12:33:53 PM org.apache.catalina.startup.HostConfig deployDirectory
INFO: Deploying web application directory C:\Users\Home\Desktop\ProjekatISA\apache-tomee-plus-1.5.0\webapps\docs
Feb 17, 2016 12:33:53 PM org.apache.tomee.catalina.TomcatWebAppBuilder init
INFO: -------------------------
TomcatWebAppBuilder.init /docs
Feb 17, 2016 12:33:53 PM org.apache.openejb.config.ConfigurationFactory configureApplication
INFO: Configuring enterprise application: C:\Users\Home\Desktop\ProjekatISA\apache-tomee-plus-1.5.0\webapps\docs
Feb 17, 2016 12:33:53 PM org.apache.openejb.config.AppInfoBuilder build
INFO: Enterprise application "C:\Users\Home\Desktop\ProjekatISA\apache-tomee-plus-1.5.0\webapps\docs" loaded.
Feb 17, 2016 12:33:53 PM org.apache.openejb.assembler.classic.Assembler createApplication
INFO: Assembling app: C:\Users\Home\Desktop\ProjekatISA\apache-tomee-plus-1.5.0\webapps\docs
Feb 17, 2016 12:33:53 PM org.apache.openejb.cdi.CdiBuilder initSingleton
INFO: Existing thread singleton service in SystemInstance() org.apache.openejb.cdi.ThreadSingletonServiceImpl@14a545d
Feb 17, 2016 12:33:53 PM org.apache.openejb.cdi.OpenEJBLifecycle startApplication
INFO: OpenWebBeans Container is starting...
Feb 17, 2016 12:33:53 PM org.apache.webbeans.plugins.PluginLoader startUp
INFO: Adding OpenWebBeansPlugin : [CdiPlugin]
Feb 17, 2016 12:33:53 PM org.apache.webbeans.plugins.PluginLoader startUp
INFO: Adding OpenWebBeansPlugin : [OpenWebBeansJsfPlugin]
Feb 17, 2016 12:33:53 PM org.apache.openejb.cdi.BeansDeployer validateInjectionPoints
INFO: All injection points are validated successfully.
Feb 17, 2016 12:33:53 PM org.apache.openejb.cdi.OpenEJBLifecycle startApplication
INFO: OpenWebBeans Container has started, it took 11 ms.
Feb 17, 2016 12:33:53 PM org.apache.openejb.assembler.classic.Assembler createApplication
INFO: Deployed Application(path=C:\Users\Home\Desktop\ProjekatISA\apache-tomee-plus-1.5.0\webapps\docs)
Feb 17, 2016 12:33:54 PM org.apache.catalina.startup.HostConfig deployDirectory
INFO: Deploying web application directory C:\Users\Home\Desktop\ProjekatISA\apache-tomee-plus-1.5.0\webapps\host-manager
Feb 17, 2016 12:33:54 PM org.apache.tomee.catalina.TomcatWebAppBuilder init
INFO: -------------------------
TomcatWebAppBuilder.init /host-manager
Feb 17, 2016 12:33:54 PM org.apache.openejb.config.ConfigurationFactory configureApplication
INFO: Configuring enterprise application: C:\Users\Home\Desktop\ProjekatISA\apache-tomee-plus-1.5.0\webapps\host-manager
Feb 17, 2016 12:33:54 PM org.apache.openejb.config.AppInfoBuilder build
INFO: Enterprise application "C:\Users\Home\Desktop\ProjekatISA\apache-tomee-plus-1.5.0\webapps\host-manager" loaded.
Feb 17, 2016 12:33:54 PM org.apache.openejb.assembler.classic.Assembler createApplication
INFO: Assembling app: C:\Users\Home\Desktop\ProjekatISA\apache-tomee-plus-1.5.0\webapps\host-manager
Feb 17, 2016 12:33:54 PM org.apache.openejb.cdi.CdiBuilder initSingleton
INFO: Existing thread singleton service in SystemInstance() org.apache.openejb.cdi.ThreadSingletonServiceImpl@14a545d
Feb 17, 2016 12:33:54 PM org.apache.openejb.cdi.OpenEJBLifecycle startApplication
INFO: OpenWebBeans Container is starting...
Feb 17, 2016 12:33:54 PM org.apache.webbeans.plugins.PluginLoader startUp
INFO: Adding OpenWebBeansPlugin : [CdiPlugin]
Feb 17, 2016 12:33:54 PM org.apache.webbeans.plugins.PluginLoader startUp
INFO: Adding OpenWebBeansPlugin : [OpenWebBeansJsfPlugin]
Feb 17, 2016 12:33:54 PM org.apache.openejb.cdi.BeansDeployer validateInjectionPoints
INFO: All injection points are validated successfully.
Feb 17, 2016 12:33:54 PM org.apache.openejb.cdi.OpenEJBLifecycle startApplication
INFO: OpenWebBeans Container has started, it took 15 ms.
Feb 17, 2016 12:33:54 PM org.apache.tomee.catalina.TomcatWebAppBuilder deployWebApps
INFO: using context file C:\Users\Home\Desktop\ProjekatISA\apache-tomee-plus-1.5.0\webapps\host-manager\META-INF\context.xml
Feb 17, 2016 12:33:54 PM org.apache.openejb.assembler.classic.Assembler createApplication
INFO: Deployed Application(path=C:\Users\Home\Desktop\ProjekatISA\apache-tomee-plus-1.5.0\webapps\host-manager)
Feb 17, 2016 12:33:54 PM org.apache.catalina.startup.HostConfig deployDirectory
INFO: Deploying web application directory C:\Users\Home\Desktop\ProjekatISA\apache-tomee-plus-1.5.0\webapps\manager
Feb 17, 2016 12:33:54 PM org.apache.tomee.catalina.TomcatWebAppBuilder init
INFO: -------------------------
TomcatWebAppBuilder.init /manager
Feb 17, 2016 12:33:54 PM org.apache.openejb.config.ConfigurationFactory configureApplication
INFO: Configuring enterprise application: C:\Users\Home\Desktop\ProjekatISA\apache-tomee-plus-1.5.0\webapps\manager
Feb 17, 2016 12:33:54 PM org.apache.openejb.config.AppInfoBuilder build
INFO: Enterprise application "C:\Users\Home\Desktop\ProjekatISA\apache-tomee-plus-1.5.0\webapps\manager" loaded.
Feb 17, 2016 12:33:54 PM org.apache.openejb.assembler.classic.Assembler createApplication
INFO: Assembling app: C:\Users\Home\Desktop\ProjekatISA\apache-tomee-plus-1.5.0\webapps\manager
Feb 17, 2016 12:33:54 PM org.apache.openejb.cdi.CdiBuilder initSingleton
INFO: Existing thread singleton service in SystemInstance() org.apache.openejb.cdi.ThreadSingletonServiceImpl@14a545d
Feb 17, 2016 12:33:54 PM org.apache.openejb.cdi.OpenEJBLifecycle startApplication
INFO: OpenWebBeans Container is starting...
Feb 17, 2016 12:33:54 PM org.apache.webbeans.plugins.PluginLoader startUp
INFO: Adding OpenWebBeansPlugin : [CdiPlugin]
Feb 17, 2016 12:33:54 PM org.apache.webbeans.plugins.PluginLoader startUp
INFO: Adding OpenWebBeansPlugin : [OpenWebBeansJsfPlugin]
Feb 17, 2016 12:33:54 PM org.apache.openejb.cdi.BeansDeployer validateInjectionPoints
INFO: All injection points are validated successfully.
Feb 17, 2016 12:33:54 PM org.apache.openejb.cdi.OpenEJBLifecycle startApplication
INFO: OpenWebBeans Container has started, it took 19 ms.
Feb 17, 2016 12:33:54 PM org.apache.tomee.catalina.TomcatWebAppBuilder deployWebApps
INFO: using context file C:\Users\Home\Desktop\ProjekatISA\apache-tomee-plus-1.5.0\webapps\manager\META-INF\context.xml
Feb 17, 2016 12:33:54 PM org.apache.openejb.assembler.classic.Assembler createApplication
INFO: Deployed Application(path=C:\Users\Home\Desktop\ProjekatISA\apache-tomee-plus-1.5.0\webapps\manager)
Feb 17, 2016 12:33:54 PM org.apache.catalina.startup.HostConfig deployDirectory
INFO: Deploying web application directory C:\Users\Home\Desktop\ProjekatISA\apache-tomee-plus-1.5.0\webapps\ROOT
Feb 17, 2016 12:33:54 PM org.apache.tomee.catalina.TomcatWebAppBuilder init
INFO: -------------------------
TomcatWebAppBuilder.init 
Feb 17, 2016 12:33:54 PM org.apache.openejb.config.ConfigurationFactory configureApplication
INFO: Configuring enterprise application: C:\Users\Home\Desktop\ProjekatISA\apache-tomee-plus-1.5.0\webapps\ROOT
Feb 17, 2016 12:33:54 PM org.apache.openejb.config.AppInfoBuilder build
INFO: Enterprise application "C:\Users\Home\Desktop\ProjekatISA\apache-tomee-plus-1.5.0\webapps\ROOT" loaded.
Feb 17, 2016 12:33:54 PM org.apache.openejb.assembler.classic.Assembler createApplication
INFO: Assembling app: C:\Users\Home\Desktop\ProjekatISA\apache-tomee-plus-1.5.0\webapps\ROOT
Feb 17, 2016 12:33:54 PM org.apache.openejb.cdi.CdiBuilder initSingleton
INFO: Existing thread singleton service in SystemInstance() org.apache.openejb.cdi.ThreadSingletonServiceImpl@14a545d
Feb 17, 2016 12:33:54 PM org.apache.openejb.cdi.OpenEJBLifecycle startApplication
INFO: OpenWebBeans Container is starting...
Feb 17, 2016 12:33:54 PM org.apache.webbeans.plugins.PluginLoader startUp
INFO: Adding OpenWebBeansPlugin : [CdiPlugin]
Feb 17, 2016 12:33:54 PM org.apache.webbeans.plugins.PluginLoader startUp
INFO: Adding OpenWebBeansPlugin : [OpenWebBeansJsfPlugin]
Feb 17, 2016 12:33:54 PM org.apache.openejb.cdi.BeansDeployer validateInjectionPoints
INFO: All injection points are validated successfully.
Feb 17, 2016 12:33:54 PM org.apache.openejb.cdi.OpenEJBLifecycle startApplication
INFO: OpenWebBeans Container has started, it took 7 ms.
Feb 17, 2016 12:33:54 PM org.apache.openejb.assembler.classic.Assembler createApplication
INFO: Deployed Application(path=C:\Users\Home\Desktop\ProjekatISA\apache-tomee-plus-1.5.0\webapps\ROOT)
Feb 17, 2016 12:33:54 PM org.apache.catalina.startup.HostConfig deployDirectory
INFO: Deploying web application directory C:\Users\Home\Desktop\ProjekatISA\apache-tomee-plus-1.5.0\webapps\tomee
Feb 17, 2016 12:33:54 PM org.apache.tomee.catalina.TomcatWebAppBuilder init
INFO: -------------------------
TomcatWebAppBuilder.init /tomee
Feb 17, 2016 12:33:54 PM org.apache.openejb.config.ConfigurationFactory configureApplication
INFO: Configuring enterprise application: C:\Users\Home\Desktop\ProjekatISA\apache-tomee-plus-1.5.0\webapps\tomee
Feb 17, 2016 12:33:54 PM org.apache.openejb.config.AppInfoBuilder build
INFO: Enterprise application "C:\Users\Home\Desktop\ProjekatISA\apache-tomee-plus-1.5.0\webapps\tomee" loaded.
Feb 17, 2016 12:33:54 PM org.apache.openejb.assembler.classic.Assembler createApplication
INFO: Assembling app: C:\Users\Home\Desktop\ProjekatISA\apache-tomee-plus-1.5.0\webapps\tomee
Feb 17, 2016 12:33:54 PM org.apache.openejb.cdi.CdiBuilder initSingleton
INFO: Existing thread singleton service in SystemInstance() org.apache.openejb.cdi.ThreadSingletonServiceImpl@14a545d
Feb 17, 2016 12:33:54 PM org.apache.openejb.cdi.OpenEJBLifecycle startApplication
INFO: OpenWebBeans Container is starting...
Feb 17, 2016 12:33:54 PM org.apache.webbeans.plugins.PluginLoader startUp
INFO: Adding OpenWebBeansPlugin : [CdiPlugin]
Feb 17, 2016 12:33:54 PM org.apache.webbeans.plugins.PluginLoader startUp
INFO: Adding OpenWebBeansPlugin : [OpenWebBeansJsfPlugin]
Feb 17, 2016 12:33:54 PM org.apache.openejb.cdi.BeansDeployer validateInjectionPoints
INFO: All injection points are validated successfully.
Feb 17, 2016 12:33:54 PM org.apache.openejb.cdi.OpenEJBLifecycle startApplication
INFO: OpenWebBeans Container has started, it took 19 ms.
Feb 17, 2016 12:33:54 PM org.apache.openejb.assembler.classic.Assembler createApplication
INFO: Deployed Application(path=C:\Users\Home\Desktop\ProjekatISA\apache-tomee-plus-1.5.0\webapps\tomee)
Feb 17, 2016 12:33:54 PM org.apache.coyote.AbstractProtocol start
INFO: Starting ProtocolHandler ["http-bio-8080"]
Feb 17, 2016 12:33:54 PM org.apache.coyote.AbstractProtocol start
INFO: Starting ProtocolHandler ["ajp-bio-8009"]
Feb 17, 2016 12:33:54 PM org.apache.catalina.startup.Catalina start
INFO: Server startup in 1411 ms
Feb 17, 2016 12:34:04 PM org.apache.openejb.util.JarExtractor extract
INFO: Extracting jar: C:\Users\Home\Desktop\ProjekatISA\apache-tomee-plus-1.5.0\webapps\Vezbe09.ear
Feb 17, 2016 12:34:05 PM org.apache.openejb.util.JarExtractor extract
INFO: Extracted path: C:\Users\Home\Desktop\ProjekatISA\apache-tomee-plus-1.5.0\webapps\Vezbe09
Feb 17, 2016 12:34:05 PM org.apache.openejb.util.JarExtractor extract
INFO: Extracting jar: C:\Users\Home\Desktop\ProjekatISA\apache-tomee-plus-1.5.0\webapps\Vezbe09\Vezbe09.war
Feb 17, 2016 12:34:05 PM org.apache.openejb.util.JarExtractor extract
INFO: Extracted path: C:\Users\Home\Desktop\ProjekatISA\apache-tomee-plus-1.5.0\webapps\Vezbe09\Vezbe09
Feb 17, 2016 12:34:05 PM org.apache.openejb.util.OptionsLog info
INFO: Using 'openejb.deployments.classpath.filter.systemapps=false'
Feb 17, 2016 12:34:05 PM org.apache.openejb.util.OptionsLog info
INFO: Using 'openejb.default.deployment-module=org.apache.openejb.config.WebModule'
Feb 17, 2016 12:34:05 PM org.apache.openejb.config.DeploymentLoader discoverModuleType
INFO: type for '/c:/users/home/desktop/projekatisa/apache-tomee-plus-1.5.0/lib' was not found, defaulting to WebModule
Feb 17, 2016 12:34:05 PM org.apache.openejb.util.OptionsLog info
INFO: Using 'openejb.default.deployment-module=org.apache.openejb.config.WebModule'
Feb 17, 2016 12:34:05 PM org.apache.openejb.config.ConfigurationFactory configureApplication
INFO: Configuring enterprise application: C:\Users\Home\Desktop\ProjekatISA\apache-tomee-plus-1.5.0\webapps\Vezbe09
Feb 17, 2016 12:34:05 PM org.apache.openejb.config.InitEjbDeployments deploy
INFO: Auto-deploying ejb ManagerDaoBean: EjbDeployment(deployment-id=ManagerDaoBean)
Feb 17, 2016 12:34:05 PM org.apache.openejb.config.InitEjbDeployments deploy
INFO: Auto-deploying ejb InitBean: EjbDeployment(deployment-id=InitBean)
Feb 17, 2016 12:34:05 PM org.apache.openejb.config.InitEjbDeployments deploy
INFO: Auto-deploying ejb AdminDaoBean: EjbDeployment(deployment-id=AdminDaoBean)
Feb 17, 2016 12:34:05 PM org.apache.openejb.config.InitEjbDeployments deploy
INFO: Auto-deploying ejb RestoranDaoBean: EjbDeployment(deployment-id=RestoranDaoBean)
Feb 17, 2016 12:34:05 PM org.apache.openejb.config.InitEjbDeployments deploy
INFO: Auto-deploying ejb GostDaoBean: EjbDeployment(deployment-id=GostDaoBean)
Feb 17, 2016 12:34:05 PM org.apache.openejb.config.AutoConfig deploy
INFO: Configuring PersistenceUnit(name=Vezbe09, provider=org.apache.openjpa.persistence.PersistenceProviderImpl)
Feb 17, 2016 12:34:05 PM org.apache.openejb.config.AutoConfig setJtaDataSource
INFO: Adjusting PersistenceUnit Vezbe09 <jta-data-source> to Resource ID 'My DataSource' from 'null'
Feb 17, 2016 12:34:05 PM org.apache.openejb.config.AutoConfig setNonJtaDataSource
INFO: Adjusting PersistenceUnit Vezbe09 <non-jta-data-source> to Resource ID 'My Unmanaged DataSource' from 'null'
Feb 17, 2016 12:34:05 PM org.apache.openejb.config.AppInfoBuilder build
INFO: Enterprise application "C:\Users\Home\Desktop\ProjekatISA\apache-tomee-plus-1.5.0\webapps\Vezbe09" loaded.
Feb 17, 2016 12:34:05 PM org.apache.openejb.assembler.classic.Assembler createApplication
INFO: Assembling app: C:\Users\Home\Desktop\ProjekatISA\apache-tomee-plus-1.5.0\webapps\Vezbe09
Feb 17, 2016 12:34:06 PM org.apache.openejb.assembler.classic.PersistenceBuilder createEntityManagerFactory
INFO: PersistenceUnit(name=Vezbe09, provider=org.apache.openjpa.persistence.PersistenceProviderImpl) - provider time 224ms
Feb 17, 2016 12:34:06 PM org.apache.openejb.assembler.classic.JndiBuilder bind
INFO: Jndi(name=ManagerDaoBeanLocal) --> Ejb(deployment-id=ManagerDaoBean)
Feb 17, 2016 12:34:06 PM org.apache.openejb.assembler.classic.JndiBuilder bind
INFO: Jndi(name=global/Vezbe09/Vezbe09.jar/ManagerDaoBean!rs.ac.uns.ftn.informatika.mbs2.vezbe09.primer01.server.session.ManagerDaoLocal) --> Ejb(deployment-id=ManagerDaoBean)
Feb 17, 2016 12:34:06 PM org.apache.openejb.assembler.classic.JndiBuilder bind
INFO: Jndi(name=global/Vezbe09/Vezbe09.jar/ManagerDaoBean) --> Ejb(deployment-id=ManagerDaoBean)
Feb 17, 2016 12:34:06 PM org.apache.openejb.assembler.classic.JndiBuilder bind
INFO: Jndi(name=InitBeanRemote) --> Ejb(deployment-id=InitBean)
Feb 17, 2016 12:34:06 PM org.apache.openejb.assembler.classic.JndiBuilder bind
INFO: Jndi(name=global/Vezbe09/Vezbe09.jar/InitBean!rs.ac.uns.ftn.informatika.mbs2.vezbe09.primer01.server.session.Init) --> Ejb(deployment-id=InitBean)
Feb 17, 2016 12:34:06 PM org.apache.openejb.assembler.classic.JndiBuilder bind
INFO: Jndi(name=global/Vezbe09/Vezbe09.jar/InitBean) --> Ejb(deployment-id=InitBean)
Feb 17, 2016 12:34:06 PM org.apache.openejb.assembler.classic.JndiBuilder bind
INFO: Jndi(name=AdminDaoBeanLocal) --> Ejb(deployment-id=AdminDaoBean)
Feb 17, 2016 12:34:06 PM org.apache.openejb.assembler.classic.JndiBuilder bind
INFO: Jndi(name=global/Vezbe09/Vezbe09.jar/AdminDaoBean!rs.ac.uns.ftn.informatika.mbs2.vezbe09.primer01.server.session.AdminDaoLocal) --> Ejb(deployment-id=AdminDaoBean)
Feb 17, 2016 12:34:06 PM org.apache.openejb.assembler.classic.JndiBuilder bind
INFO: Jndi(name=global/Vezbe09/Vezbe09.jar/AdminDaoBean) --> Ejb(deployment-id=AdminDaoBean)
Feb 17, 2016 12:34:06 PM org.apache.openejb.assembler.classic.JndiBuilder bind
INFO: Jndi(name=RestoranDaoBeanLocal) --> Ejb(deployment-id=RestoranDaoBean)
Feb 17, 2016 12:34:06 PM org.apache.openejb.assembler.classic.JndiBuilder bind
INFO: Jndi(name=global/Vezbe09/Vezbe09.jar/RestoranDaoBean!rs.ac.uns.ftn.informatika.mbs2.vezbe09.primer01.server.session.RestoranDaoLocal) --> Ejb(deployment-id=RestoranDaoBean)
Feb 17, 2016 12:34:06 PM org.apache.openejb.assembler.classic.JndiBuilder bind
INFO: Jndi(name=global/Vezbe09/Vezbe09.jar/RestoranDaoBean) --> Ejb(deployment-id=RestoranDaoBean)
Feb 17, 2016 12:34:06 PM org.apache.openejb.assembler.classic.JndiBuilder bind
INFO: Jndi(name=GostDaoBeanLocal) --> Ejb(deployment-id=GostDaoBean)
Feb 17, 2016 12:34:06 PM org.apache.openejb.assembler.classic.JndiBuilder bind
INFO: Jndi(name=global/Vezbe09/Vezbe09.jar/GostDaoBean!rs.ac.uns.ftn.informatika.mbs2.vezbe09.primer01.server.session.GostDaoLocal) --> Ejb(deployment-id=GostDaoBean)
Feb 17, 2016 12:34:06 PM org.apache.openejb.assembler.classic.JndiBuilder bind
INFO: Jndi(name=global/Vezbe09/Vezbe09.jar/GostDaoBean) --> Ejb(deployment-id=GostDaoBean)
Feb 17, 2016 12:34:06 PM org.apache.openejb.cdi.CdiBuilder initSingleton
INFO: Existing thread singleton service in SystemInstance() org.apache.openejb.cdi.ThreadSingletonServiceImpl@14a545d
Feb 17, 2016 12:34:06 PM org.apache.openejb.cdi.OpenEJBLifecycle startApplication
INFO: OpenWebBeans Container is starting...
Feb 17, 2016 12:34:06 PM org.apache.webbeans.plugins.PluginLoader startUp
INFO: Adding OpenWebBeansPlugin : [CdiPlugin]
Feb 17, 2016 12:34:06 PM org.apache.webbeans.plugins.PluginLoader startUp
INFO: Adding OpenWebBeansPlugin : [OpenWebBeansJsfPlugin]
Feb 17, 2016 12:34:06 PM org.apache.openejb.cdi.BeansDeployer validateInjectionPoints
INFO: All injection points are validated successfully.
Feb 17, 2016 12:34:06 PM org.apache.openejb.cdi.OpenEJBLifecycle startApplication
INFO: OpenWebBeans Container has started, it took 21 ms.
Feb 17, 2016 12:34:06 PM org.apache.openejb.assembler.classic.Assembler createApplication
INFO: Created Ejb(deployment-id=InitBean, ejb-name=InitBean, container=My Stateless Container)
Feb 17, 2016 12:34:06 PM org.apache.openejb.assembler.classic.Assembler createApplication
INFO: Created Ejb(deployment-id=AdminDaoBean, ejb-name=AdminDaoBean, container=My Stateless Container)
Feb 17, 2016 12:34:06 PM org.apache.openejb.assembler.classic.Assembler createApplication
INFO: Created Ejb(deployment-id=GostDaoBean, ejb-name=GostDaoBean, container=My Stateless Container)
Feb 17, 2016 12:34:06 PM org.apache.openejb.assembler.classic.Assembler createApplication
INFO: Created Ejb(deployment-id=RestoranDaoBean, ejb-name=RestoranDaoBean, container=My Stateless Container)
Feb 17, 2016 12:34:06 PM org.apache.openejb.assembler.classic.Assembler createApplication
INFO: Created Ejb(deployment-id=ManagerDaoBean, ejb-name=ManagerDaoBean, container=My Stateless Container)
Feb 17, 2016 12:34:06 PM org.apache.openejb.assembler.classic.Assembler createApplication
INFO: Started Ejb(deployment-id=InitBean, ejb-name=InitBean, container=My Stateless Container)
Feb 17, 2016 12:34:06 PM org.apache.openejb.assembler.classic.Assembler createApplication
INFO: Started Ejb(deployment-id=AdminDaoBean, ejb-name=AdminDaoBean, container=My Stateless Container)
Feb 17, 2016 12:34:06 PM org.apache.openejb.assembler.classic.Assembler createApplication
INFO: Started Ejb(deployment-id=GostDaoBean, ejb-name=GostDaoBean, container=My Stateless Container)
Feb 17, 2016 12:34:06 PM org.apache.openejb.assembler.classic.Assembler createApplication
INFO: Started Ejb(deployment-id=RestoranDaoBean, ejb-name=RestoranDaoBean, container=My Stateless Container)
Feb 17, 2016 12:34:06 PM org.apache.openejb.assembler.classic.Assembler createApplication
INFO: Started Ejb(deployment-id=ManagerDaoBean, ejb-name=ManagerDaoBean, container=My Stateless Container)
Feb 17, 2016 12:34:06 PM org.apache.tomee.catalina.TomcatWebAppBuilder init
INFO: -------------------------
TomcatWebAppBuilder.init /Vezbe09
Feb 17, 2016 12:34:06 PM org.apache.openejb.cdi.CdiBuilder initSingleton
INFO: Existing thread singleton service in SystemInstance() org.apache.openejb.cdi.ThreadSingletonServiceImpl@14a545d
Feb 17, 2016 12:34:06 PM org.apache.openejb.cdi.OpenEJBLifecycle startApplication
INFO: OpenWebBeans Container is starting...
Feb 17, 2016 12:34:06 PM org.apache.webbeans.plugins.PluginLoader startUp
INFO: Adding OpenWebBeansPlugin : [CdiPlugin]
Feb 17, 2016 12:34:06 PM org.apache.webbeans.plugins.PluginLoader startUp
INFO: Adding OpenWebBeansPlugin : [OpenWebBeansJsfPlugin]
Feb 17, 2016 12:34:06 PM org.apache.openejb.cdi.BeansDeployer validateInjectionPoints
INFO: All injection points are validated successfully.
Feb 17, 2016 12:34:06 PM org.apache.openejb.cdi.OpenEJBLifecycle startApplication
INFO: OpenWebBeans Container has started, it took 19 ms.
Feb 17, 2016 12:34:07 PM org.apache.openejb.assembler.classic.Assembler createApplication
INFO: Deployed Application(path=C:\Users\Home\Desktop\ProjekatISA\apache-tomee-plus-1.5.0\webapps\Vezbe09)
Feb 17, 2016 12:42:49 PM org.apache.coyote.AbstractProtocol pause
INFO: Pausing ProtocolHandler ["http-bio-8080"]
Feb 17, 2016 12:42:49 PM org.apache.coyote.AbstractProtocol pause
INFO: Pausing ProtocolHandler ["ajp-bio-8009"]
Feb 17, 2016 12:42:49 PM org.apache.catalina.core.StandardService stopInternal
INFO: Stopping service Catalina
Feb 17, 2016 12:42:49 PM org.apache.openejb.assembler.classic.Assembler destroyApplication
INFO: Undeploying app: C:\Users\Home\Desktop\ProjekatISA\apache-tomee-plus-1.5.0\webapps\ROOT
