Feb 21, 2016 11:03:03 AM org.apache.catalina.core.StandardWrapperValve invoke
SEVERE: Servlet.service() for servlet [DodajPrijatelja] in context with path [/Vezbe09] threw exception
java.lang.IllegalStateException: Cannot forward after response has been committed
	at org.apache.catalina.core.ApplicationDispatcher.doForward(ApplicationDispatcher.java:349)
	at org.apache.catalina.core.ApplicationDispatcher.forward(ApplicationDispatcher.java:339)
	at rs.ac.uns.ftn.informatika.mbs2.vezbe09.primer01.server.servlet.DodajPrijatelja.doGet(DodajPrijatelja.java:56)
	at javax.servlet.http.HttpServlet.service(HttpServlet.java:621)
	at javax.servlet.http.HttpServlet.service(HttpServlet.java:722)
	at org.apache.catalina.core.ApplicationFilterChain.internalDoFilter(ApplicationFilterChain.java:305)
	at org.apache.catalina.core.ApplicationFilterChain.doFilter(ApplicationFilterChain.java:210)
	at org.apache.catalina.core.StandardWrapperValve.invoke(StandardWrapperValve.java:222)
	at org.apache.catalina.core.StandardContextValve.invoke(StandardContextValve.java:123)
	at org.apache.tomee.catalina.OpenEJBValve.invoke(OpenEJBValve.java:45)
	at org.apache.catalina.authenticator.AuthenticatorBase.invoke(AuthenticatorBase.java:472)
	at org.apache.catalina.core.StandardHostValve.invoke(StandardHostValve.java:168)
	at org.apache.catalina.valves.ErrorReportValve.invoke(ErrorReportValve.java:99)
	at org.apache.catalina.valves.AccessLogValve.invoke(AccessLogValve.java:929)
	at org.apache.catalina.core.StandardEngineValve.invoke(StandardEngineValve.java:118)
	at org.apache.catalina.connector.CoyoteAdapter.service(CoyoteAdapter.java:407)
	at org.apache.coyote.http11.AbstractHttp11Processor.process(AbstractHttp11Processor.java:1002)
	at org.apache.coyote.AbstractProtocol$AbstractConnectionHandler.process(AbstractProtocol.java:585)
	at org.apache.tomcat.util.net.JIoEndpoint$SocketProcessor.run(JIoEndpoint.java:312)
	at java.util.concurrent.ThreadPoolExecutor.runWorker(ThreadPoolExecutor.java:1145)
	at java.util.concurrent.ThreadPoolExecutor$Worker.run(ThreadPoolExecutor.java:615)
	at java.lang.Thread.run(Thread.java:745)

Feb 21, 2016 1:48:26 PM org.apache.catalina.core.StandardWrapperValve invoke
SEVERE: Servlet.service() for servlet [DodajPrijatelja] in context with path [/Vezbe09] threw exception
javax.ejb.EJBException: The bean encountered a non-application exception; nested exception is: 
	<openjpa-2.2.0-r422266:1244990 nonfatal store error> org.apache.openjpa.persistence.EntityExistsException: Attempt to persist detached object "rs.ac.uns.ftn.informatika.mbs2.vezbe09.primer01.server.entity.Gost-1".  If this is a new instance, make sure any version and/or auto-generated primary key fields are null/default when persisting.
FailedObject: rs.ac.uns.ftn.informatika.mbs2.vezbe09.primer01.server.entity.Gost-1
	at org.apache.openejb.core.ivm.BaseEjbProxyHandler.convertException(BaseEjbProxyHandler.java:363)
	at org.apache.openejb.core.ivm.BaseEjbProxyHandler.invoke(BaseEjbProxyHandler.java:283)
	at com.sun.proxy.$Proxy82.persist(Unknown Source)
	at rs.ac.uns.ftn.informatika.mbs2.vezbe09.primer01.server.servlet.DodajPrijatelja.doGet(DodajPrijatelja.java:54)
	at javax.servlet.http.HttpServlet.service(HttpServlet.java:621)
	at javax.servlet.http.HttpServlet.service(HttpServlet.java:722)
	at org.apache.catalina.core.ApplicationFilterChain.internalDoFilter(ApplicationFilterChain.java:305)
	at org.apache.catalina.core.ApplicationFilterChain.doFilter(ApplicationFilterChain.java:210)
	at org.apache.catalina.core.StandardWrapperValve.invoke(StandardWrapperValve.java:222)
	at org.apache.catalina.core.StandardContextValve.invoke(StandardContextValve.java:123)
	at org.apache.tomee.catalina.OpenEJBValve.invoke(OpenEJBValve.java:45)
	at org.apache.catalina.authenticator.AuthenticatorBase.invoke(AuthenticatorBase.java:472)
	at org.apache.catalina.core.StandardHostValve.invoke(StandardHostValve.java:168)
	at org.apache.catalina.valves.ErrorReportValve.invoke(ErrorReportValve.java:99)
	at org.apache.catalina.valves.AccessLogValve.invoke(AccessLogValve.java:929)
	at org.apache.catalina.core.StandardEngineValve.invoke(StandardEngineValve.java:118)
	at org.apache.catalina.connector.CoyoteAdapter.service(CoyoteAdapter.java:407)
	at org.apache.coyote.http11.AbstractHttp11Processor.process(AbstractHttp11Processor.java:1002)
	at org.apache.coyote.AbstractProtocol$AbstractConnectionHandler.process(AbstractProtocol.java:585)
	at org.apache.tomcat.util.net.JIoEndpoint$SocketProcessor.run(JIoEndpoint.java:312)
	at java.util.concurrent.ThreadPoolExecutor.runWorker(ThreadPoolExecutor.java:1145)
	at java.util.concurrent.ThreadPoolExecutor$Worker.run(ThreadPoolExecutor.java:615)
	at java.lang.Thread.run(Thread.java:745)
Caused by: <openjpa-2.2.0-r422266:1244990 nonfatal store error> org.apache.openjpa.persistence.EntityExistsException: Attempt to persist detached object "rs.ac.uns.ftn.informatika.mbs2.vezbe09.primer01.server.entity.Gost-1".  If this is a new instance, make sure any version and/or auto-generated primary key fields are null/default when persisting.
FailedObject: rs.ac.uns.ftn.informatika.mbs2.vezbe09.primer01.server.entity.Gost-1
	at org.apache.openjpa.kernel.BrokerImpl.persistInternal(BrokerImpl.java:2628)
	at org.apache.openjpa.kernel.BrokerImpl.persist(BrokerImpl.java:2571)
	at org.apache.openjpa.kernel.BrokerImpl.persist(BrokerImpl.java:2554)
	at org.apache.openjpa.kernel.BrokerImpl.persist(BrokerImpl.java:2458)
	at org.apache.openjpa.kernel.DelegatingBroker.persist(DelegatingBroker.java:1077)
	at org.apache.openjpa.persistence.EntityManagerImpl.persist(EntityManagerImpl.java:716)
	at org.apache.openejb.persistence.JtaEntityManager.persist(JtaEntityManager.java:126)
	at rs.ac.uns.ftn.informatika.mbs2.vezbe09.primer01.server.session.GenericDaoBean.persist(GenericDaoBean.java:50)
	at sun.reflect.NativeMethodAccessorImpl.invoke0(Native Method)
	at sun.reflect.NativeMethodAccessorImpl.invoke(NativeMethodAccessorImpl.java:57)
	at sun.reflect.DelegatingMethodAccessorImpl.invoke(DelegatingMethodAccessorImpl.java:43)
	at java.lang.reflect.Method.invoke(Method.java:606)
	at org.apache.openejb.core.interceptor.ReflectionInvocationContext$Invocation.invoke(ReflectionInvocationContext.java:181)
	at org.apache.openejb.core.interceptor.ReflectionInvocationContext.proceed(ReflectionInvocationContext.java:163)
	at org.apache.openejb.cdi.CdiInterceptor.invoke(CdiInterceptor.java:128)
	at org.apache.openejb.cdi.CdiInterceptor.access$000(CdiInterceptor.java:43)
	at org.apache.openejb.cdi.CdiInterceptor$1.call(CdiInterceptor.java:64)
	at org.apache.openejb.cdi.CdiInterceptor.aroundInvoke(CdiInterceptor.java:70)
	at sun.reflect.NativeMethodAccessorImpl.invoke0(Native Method)
	at sun.reflect.NativeMethodAccessorImpl.invoke(NativeMethodAccessorImpl.java:57)
	at sun.reflect.DelegatingMethodAccessorImpl.invoke(DelegatingMethodAccessorImpl.java:43)
	at java.lang.reflect.Method.invoke(Method.java:606)
	at org.apache.openejb.core.interceptor.ReflectionInvocationContext$Invocation.invoke(ReflectionInvocationContext.java:181)
	at org.apache.openejb.core.interceptor.ReflectionInvocationContext.proceed(ReflectionInvocationContext.java:163)
	at org.apache.openejb.monitoring.StatsInterceptor.record(StatsInterceptor.java:176)
	at org.apache.openejb.monitoring.StatsInterceptor.invoke(StatsInterceptor.java:95)
	at sun.reflect.NativeMethodAccessorImpl.invoke0(Native Method)
	at sun.reflect.NativeMethodAccessorImpl.invoke(NativeMethodAccessorImpl.java:57)
	at sun.reflect.DelegatingMethodAccessorImpl.invoke(DelegatingMethodAccessorImpl.java:43)
	at java.lang.reflect.Method.invoke(Method.java:606)
	at org.apache.openejb.core.interceptor.ReflectionInvocationContext$Invocation.invoke(ReflectionInvocationContext.java:181)
	at org.apache.openejb.core.interceptor.ReflectionInvocationContext.proceed(ReflectionInvocationContext.java:163)
	at org.apache.openejb.core.interceptor.InterceptorStack.invoke(InterceptorStack.java:138)
	at org.apache.openejb.core.stateless.StatelessContainer._invoke(StatelessContainer.java:237)
	at org.apache.openejb.core.stateless.StatelessContainer.invoke(StatelessContainer.java:189)
	at org.apache.openejb.core.ivm.EjbObjectProxyHandler.synchronizedBusinessMethod(EjbObjectProxyHandler.java:253)
	at org.apache.openejb.core.ivm.EjbObjectProxyHandler.businessMethod(EjbObjectProxyHandler.java:248)
	at org.apache.openejb.core.ivm.EjbObjectProxyHandler._invoke(EjbObjectProxyHandler.java:92)
	at org.apache.openejb.core.ivm.BaseEjbProxyHandler.invoke(BaseEjbProxyHandler.java:279)
	... 21 more

Feb 21, 2016 2:10:00 PM org.apache.catalina.core.StandardWrapperValve invoke
SEVERE: Servlet.service() for servlet [ObrisiJelovnik] in context with path [/Vezbe09] threw exception
javax.ejb.EJBException: The bean encountered a non-application exception; nested exception is: 
	java.lang.NullPointerException
	at org.apache.openejb.core.ivm.BaseEjbProxyHandler.convertException(BaseEjbProxyHandler.java:363)
	at org.apache.openejb.core.ivm.BaseEjbProxyHandler.invoke(BaseEjbProxyHandler.java:283)
	at com.sun.proxy.$Proxy81.findMeniuRestoranu(Unknown Source)
	at rs.ac.uns.ftn.informatika.mbs2.vezbe09.primer01.server.servlet.ObrisiJelovnik.doGet(ObrisiJelovnik.java:35)
	at javax.servlet.http.HttpServlet.service(HttpServlet.java:621)
	at javax.servlet.http.HttpServlet.service(HttpServlet.java:722)
	at org.apache.catalina.core.ApplicationFilterChain.internalDoFilter(ApplicationFilterChain.java:305)
	at org.apache.catalina.core.ApplicationFilterChain.doFilter(ApplicationFilterChain.java:210)
	at org.apache.catalina.core.StandardWrapperValve.invoke(StandardWrapperValve.java:222)
	at org.apache.catalina.core.StandardContextValve.invoke(StandardContextValve.java:123)
	at org.apache.tomee.catalina.OpenEJBValve.invoke(OpenEJBValve.java:45)
	at org.apache.catalina.authenticator.AuthenticatorBase.invoke(AuthenticatorBase.java:472)
	at org.apache.catalina.core.StandardHostValve.invoke(StandardHostValve.java:168)
	at org.apache.catalina.valves.ErrorReportValve.invoke(ErrorReportValve.java:99)
	at org.apache.catalina.valves.AccessLogValve.invoke(AccessLogValve.java:929)
	at org.apache.catalina.core.StandardEngineValve.invoke(StandardEngineValve.java:118)
	at org.apache.catalina.connector.CoyoteAdapter.service(CoyoteAdapter.java:407)
	at org.apache.coyote.http11.AbstractHttp11Processor.process(AbstractHttp11Processor.java:1002)
	at org.apache.coyote.AbstractProtocol$AbstractConnectionHandler.process(AbstractProtocol.java:585)
	at org.apache.tomcat.util.net.JIoEndpoint$SocketProcessor.run(JIoEndpoint.java:312)
	at java.util.concurrent.ThreadPoolExecutor.runWorker(ThreadPoolExecutor.java:1145)
	at java.util.concurrent.ThreadPoolExecutor$Worker.run(ThreadPoolExecutor.java:615)
	at java.lang.Thread.run(Thread.java:745)
Caused by: java.lang.NullPointerException
	at rs.ac.uns.ftn.informatika.mbs2.vezbe09.primer01.server.session.RestoranDaoBean.findMeniuRestoranu(RestoranDaoBean.java:30)
	at sun.reflect.NativeMethodAccessorImpl.invoke0(Native Method)
	at sun.reflect.NativeMethodAccessorImpl.invoke(NativeMethodAccessorImpl.java:57)
	at sun.reflect.DelegatingMethodAccessorImpl.invoke(DelegatingMethodAccessorImpl.java:43)
	at java.lang.reflect.Method.invoke(Method.java:606)
	at org.apache.openejb.core.interceptor.ReflectionInvocationContext$Invocation.invoke(ReflectionInvocationContext.java:181)
	at org.apache.openejb.core.interceptor.ReflectionInvocationContext.proceed(ReflectionInvocationContext.java:163)
	at org.apache.openejb.cdi.CdiInterceptor.invoke(CdiInterceptor.java:128)
	at org.apache.openejb.cdi.CdiInterceptor.access$000(CdiInterceptor.java:43)
	at org.apache.openejb.cdi.CdiInterceptor$1.call(CdiInterceptor.java:64)
	at org.apache.openejb.cdi.CdiInterceptor.aroundInvoke(CdiInterceptor.java:70)
	at sun.reflect.NativeMethodAccessorImpl.invoke0(Native Method)
	at sun.reflect.NativeMethodAccessorImpl.invoke(NativeMethodAccessorImpl.java:57)
	at sun.reflect.DelegatingMethodAccessorImpl.invoke(DelegatingMethodAccessorImpl.java:43)
	at java.lang.reflect.Method.invoke(Method.java:606)
	at org.apache.openejb.core.interceptor.ReflectionInvocationContext$Invocation.invoke(ReflectionInvocationContext.java:181)
	at org.apache.openejb.core.interceptor.ReflectionInvocationContext.proceed(ReflectionInvocationContext.java:163)
	at org.apache.openejb.monitoring.StatsInterceptor.record(StatsInterceptor.java:176)
	at org.apache.openejb.monitoring.StatsInterceptor.invoke(StatsInterceptor.java:95)
	at sun.reflect.NativeMethodAccessorImpl.invoke0(Native Method)
	at sun.reflect.NativeMethodAccessorImpl.invoke(NativeMethodAccessorImpl.java:57)
	at sun.reflect.DelegatingMethodAccessorImpl.invoke(DelegatingMethodAccessorImpl.java:43)
	at java.lang.reflect.Method.invoke(Method.java:606)
	at org.apache.openejb.core.interceptor.ReflectionInvocationContext$Invocation.invoke(ReflectionInvocationContext.java:181)
	at org.apache.openejb.core.interceptor.ReflectionInvocationContext.proceed(ReflectionInvocationContext.java:163)
	at org.apache.openejb.core.interceptor.InterceptorStack.invoke(InterceptorStack.java:138)
	at org.apache.openejb.core.stateless.StatelessContainer._invoke(StatelessContainer.java:237)
	at org.apache.openejb.core.stateless.StatelessContainer.invoke(StatelessContainer.java:189)
	at org.apache.openejb.core.ivm.EjbObjectProxyHandler.synchronizedBusinessMethod(EjbObjectProxyHandler.java:253)
	at org.apache.openejb.core.ivm.EjbObjectProxyHandler.businessMethod(EjbObjectProxyHandler.java:248)
	at org.apache.openejb.core.ivm.EjbObjectProxyHandler._invoke(EjbObjectProxyHandler.java:92)
	at org.apache.openejb.core.ivm.BaseEjbProxyHandler.invoke(BaseEjbProxyHandler.java:279)
	... 21 more

Feb 21, 2016 2:13:55 PM org.apache.catalina.core.StandardWrapperValve invoke
SEVERE: Servlet.service() for servlet [ObrisiJelovnik] in context with path [/Vezbe09] threw exception
javax.ejb.EJBException: The bean encountered a non-application exception; nested exception is: 
	java.lang.NullPointerException
	at org.apache.openejb.core.ivm.BaseEjbProxyHandler.convertException(BaseEjbProxyHandler.java:363)
	at org.apache.openejb.core.ivm.BaseEjbProxyHandler.invoke(BaseEjbProxyHandler.java:283)
	at com.sun.proxy.$Proxy81.findMeniuRestoranu(Unknown Source)
	at rs.ac.uns.ftn.informatika.mbs2.vezbe09.primer01.server.servlet.ObrisiJelovnik.doGet(ObrisiJelovnik.java:35)
	at javax.servlet.http.HttpServlet.service(HttpServlet.java:621)
	at javax.servlet.http.HttpServlet.service(HttpServlet.java:722)
	at org.apache.catalina.core.ApplicationFilterChain.internalDoFilter(ApplicationFilterChain.java:305)
	at org.apache.catalina.core.ApplicationFilterChain.doFilter(ApplicationFilterChain.java:210)
	at org.apache.catalina.core.StandardWrapperValve.invoke(StandardWrapperValve.java:222)
	at org.apache.catalina.core.StandardContextValve.invoke(StandardContextValve.java:123)
	at org.apache.tomee.catalina.OpenEJBValve.invoke(OpenEJBValve.java:45)
	at org.apache.catalina.authenticator.AuthenticatorBase.invoke(AuthenticatorBase.java:472)
	at org.apache.catalina.core.StandardHostValve.invoke(StandardHostValve.java:168)
	at org.apache.catalina.valves.ErrorReportValve.invoke(ErrorReportValve.java:99)
	at org.apache.catalina.valves.AccessLogValve.invoke(AccessLogValve.java:929)
	at org.apache.catalina.core.StandardEngineValve.invoke(StandardEngineValve.java:118)
	at org.apache.catalina.connector.CoyoteAdapter.service(CoyoteAdapter.java:407)
	at org.apache.coyote.http11.AbstractHttp11Processor.process(AbstractHttp11Processor.java:1002)
	at org.apache.coyote.AbstractProtocol$AbstractConnectionHandler.process(AbstractProtocol.java:585)
	at org.apache.tomcat.util.net.JIoEndpoint$SocketProcessor.run(JIoEndpoint.java:312)
	at java.util.concurrent.ThreadPoolExecutor.runWorker(ThreadPoolExecutor.java:1145)
	at java.util.concurrent.ThreadPoolExecutor$Worker.run(ThreadPoolExecutor.java:615)
	at java.lang.Thread.run(Thread.java:745)
Caused by: java.lang.NullPointerException
	at rs.ac.uns.ftn.informatika.mbs2.vezbe09.primer01.server.session.RestoranDaoBean.findMeniuRestoranu(RestoranDaoBean.java:30)
	at sun.reflect.NativeMethodAccessorImpl.invoke0(Native Method)
	at sun.reflect.NativeMethodAccessorImpl.invoke(NativeMethodAccessorImpl.java:57)
	at sun.reflect.DelegatingMethodAccessorImpl.invoke(DelegatingMethodAccessorImpl.java:43)
	at java.lang.reflect.Method.invoke(Method.java:606)
	at org.apache.openejb.core.interceptor.ReflectionInvocationContext$Invocation.invoke(ReflectionInvocationContext.java:181)
	at org.apache.openejb.core.interceptor.ReflectionInvocationContext.proceed(ReflectionInvocationContext.java:163)
	at org.apache.openejb.cdi.CdiInterceptor.invoke(CdiInterceptor.java:128)
	at org.apache.openejb.cdi.CdiInterceptor.access$000(CdiInterceptor.java:43)
	at org.apache.openejb.cdi.CdiInterceptor$1.call(CdiInterceptor.java:64)
	at org.apache.openejb.cdi.CdiInterceptor.aroundInvoke(CdiInterceptor.java:70)
	at sun.reflect.NativeMethodAccessorImpl.invoke0(Native Method)
	at sun.reflect.NativeMethodAccessorImpl.invoke(NativeMethodAccessorImpl.java:57)
	at sun.reflect.DelegatingMethodAccessorImpl.invoke(DelegatingMethodAccessorImpl.java:43)
	at java.lang.reflect.Method.invoke(Method.java:606)
	at org.apache.openejb.core.interceptor.ReflectionInvocationContext$Invocation.invoke(ReflectionInvocationContext.java:181)
	at org.apache.openejb.core.interceptor.ReflectionInvocationContext.proceed(ReflectionInvocationContext.java:163)
	at org.apache.openejb.monitoring.StatsInterceptor.record(StatsInterceptor.java:176)
	at org.apache.openejb.monitoring.StatsInterceptor.invoke(StatsInterceptor.java:95)
	at sun.reflect.NativeMethodAccessorImpl.invoke0(Native Method)
	at sun.reflect.NativeMethodAccessorImpl.invoke(NativeMethodAccessorImpl.java:57)
	at sun.reflect.DelegatingMethodAccessorImpl.invoke(DelegatingMethodAccessorImpl.java:43)
	at java.lang.reflect.Method.invoke(Method.java:606)
	at org.apache.openejb.core.interceptor.ReflectionInvocationContext$Invocation.invoke(ReflectionInvocationContext.java:181)
	at org.apache.openejb.core.interceptor.ReflectionInvocationContext.proceed(ReflectionInvocationContext.java:163)
	at org.apache.openejb.core.interceptor.InterceptorStack.invoke(InterceptorStack.java:138)
	at org.apache.openejb.core.stateless.StatelessContainer._invoke(StatelessContainer.java:237)
	at org.apache.openejb.core.stateless.StatelessContainer.invoke(StatelessContainer.java:189)
	at org.apache.openejb.core.ivm.EjbObjectProxyHandler.synchronizedBusinessMethod(EjbObjectProxyHandler.java:253)
	at org.apache.openejb.core.ivm.EjbObjectProxyHandler.businessMethod(EjbObjectProxyHandler.java:248)
	at org.apache.openejb.core.ivm.EjbObjectProxyHandler._invoke(EjbObjectProxyHandler.java:92)
	at org.apache.openejb.core.ivm.BaseEjbProxyHandler.invoke(BaseEjbProxyHandler.java:279)
	... 21 more

Feb 21, 2016 2:19:29 PM org.apache.catalina.core.StandardWrapperValve invoke
SEVERE: Servlet.service() for servlet [DodajPrijatelja] in context with path [/Vezbe09] threw exception
javax.ejb.EJBException: The bean encountered a non-application exception; nested exception is: 
	<openjpa-2.2.0-r422266:1244990 nonfatal store error> org.apache.openjpa.persistence.EntityExistsException: Attempt to persist detached object "rs.ac.uns.ftn.informatika.mbs2.vezbe09.primer01.server.entity.Gost-1".  If this is a new instance, make sure any version and/or auto-generated primary key fields are null/default when persisting.
FailedObject: rs.ac.uns.ftn.informatika.mbs2.vezbe09.primer01.server.entity.Gost-1
	at org.apache.openejb.core.ivm.BaseEjbProxyHandler.convertException(BaseEjbProxyHandler.java:363)
	at org.apache.openejb.core.ivm.BaseEjbProxyHandler.invoke(BaseEjbProxyHandler.java:283)
	at com.sun.proxy.$Proxy82.persist(Unknown Source)
	at rs.ac.uns.ftn.informatika.mbs2.vezbe09.primer01.server.servlet.DodajPrijatelja.doGet(DodajPrijatelja.java:54)
	at javax.servlet.http.HttpServlet.service(HttpServlet.java:621)
	at javax.servlet.http.HttpServlet.service(HttpServlet.java:722)
	at org.apache.catalina.core.ApplicationFilterChain.internalDoFilter(ApplicationFilterChain.java:305)
	at org.apache.catalina.core.ApplicationFilterChain.doFilter(ApplicationFilterChain.java:210)
	at org.apache.catalina.core.StandardWrapperValve.invoke(StandardWrapperValve.java:222)
	at org.apache.catalina.core.StandardContextValve.invoke(StandardContextValve.java:123)
	at org.apache.tomee.catalina.OpenEJBValve.invoke(OpenEJBValve.java:45)
	at org.apache.catalina.authenticator.AuthenticatorBase.invoke(AuthenticatorBase.java:472)
	at org.apache.catalina.core.StandardHostValve.invoke(StandardHostValve.java:168)
	at org.apache.catalina.valves.ErrorReportValve.invoke(ErrorReportValve.java:99)
	at org.apache.catalina.valves.AccessLogValve.invoke(AccessLogValve.java:929)
	at org.apache.catalina.core.StandardEngineValve.invoke(StandardEngineValve.java:118)
	at org.apache.catalina.connector.CoyoteAdapter.service(CoyoteAdapter.java:407)
	at org.apache.coyote.http11.AbstractHttp11Processor.process(AbstractHttp11Processor.java:1002)
	at org.apache.coyote.AbstractProtocol$AbstractConnectionHandler.process(AbstractProtocol.java:585)
	at org.apache.tomcat.util.net.JIoEndpoint$SocketProcessor.run(JIoEndpoint.java:312)
	at java.util.concurrent.ThreadPoolExecutor.runWorker(ThreadPoolExecutor.java:1145)
	at java.util.concurrent.ThreadPoolExecutor$Worker.run(ThreadPoolExecutor.java:615)
	at java.lang.Thread.run(Thread.java:745)
Caused by: <openjpa-2.2.0-r422266:1244990 nonfatal store error> org.apache.openjpa.persistence.EntityExistsException: Attempt to persist detached object "rs.ac.uns.ftn.informatika.mbs2.vezbe09.primer01.server.entity.Gost-1".  If this is a new instance, make sure any version and/or auto-generated primary key fields are null/default when persisting.
FailedObject: rs.ac.uns.ftn.informatika.mbs2.vezbe09.primer01.server.entity.Gost-1
	at org.apache.openjpa.kernel.BrokerImpl.persistInternal(BrokerImpl.java:2628)
	at org.apache.openjpa.kernel.BrokerImpl.persist(BrokerImpl.java:2571)
	at org.apache.openjpa.kernel.BrokerImpl.persist(BrokerImpl.java:2554)
	at org.apache.openjpa.kernel.BrokerImpl.persist(BrokerImpl.java:2458)
	at org.apache.openjpa.kernel.DelegatingBroker.persist(DelegatingBroker.java:1077)
	at org.apache.openjpa.persistence.EntityManagerImpl.persist(EntityManagerImpl.java:716)
	at org.apache.openejb.persistence.JtaEntityManager.persist(JtaEntityManager.java:126)
	at rs.ac.uns.ftn.informatika.mbs2.vezbe09.primer01.server.session.GenericDaoBean.persist(GenericDaoBean.java:50)
	at sun.reflect.NativeMethodAccessorImpl.invoke0(Native Method)
	at sun.reflect.NativeMethodAccessorImpl.invoke(NativeMethodAccessorImpl.java:57)
	at sun.reflect.DelegatingMethodAccessorImpl.invoke(DelegatingMethodAccessorImpl.java:43)
	at java.lang.reflect.Method.invoke(Method.java:606)
	at org.apache.openejb.core.interceptor.ReflectionInvocationContext$Invocation.invoke(ReflectionInvocationContext.java:181)
	at org.apache.openejb.core.interceptor.ReflectionInvocationContext.proceed(ReflectionInvocationContext.java:163)
	at org.apache.openejb.cdi.CdiInterceptor.invoke(CdiInterceptor.java:128)
	at org.apache.openejb.cdi.CdiInterceptor.access$000(CdiInterceptor.java:43)
	at org.apache.openejb.cdi.CdiInterceptor$1.call(CdiInterceptor.java:64)
	at org.apache.openejb.cdi.CdiInterceptor.aroundInvoke(CdiInterceptor.java:70)
	at sun.reflect.NativeMethodAccessorImpl.invoke0(Native Method)
	at sun.reflect.NativeMethodAccessorImpl.invoke(NativeMethodAccessorImpl.java:57)
	at sun.reflect.DelegatingMethodAccessorImpl.invoke(DelegatingMethodAccessorImpl.java:43)
	at java.lang.reflect.Method.invoke(Method.java:606)
	at org.apache.openejb.core.interceptor.ReflectionInvocationContext$Invocation.invoke(ReflectionInvocationContext.java:181)
	at org.apache.openejb.core.interceptor.ReflectionInvocationContext.proceed(ReflectionInvocationContext.java:163)
	at org.apache.openejb.monitoring.StatsInterceptor.record(StatsInterceptor.java:176)
	at org.apache.openejb.monitoring.StatsInterceptor.invoke(StatsInterceptor.java:95)
	at sun.reflect.NativeMethodAccessorImpl.invoke0(Native Method)
	at sun.reflect.NativeMethodAccessorImpl.invoke(NativeMethodAccessorImpl.java:57)
	at sun.reflect.DelegatingMethodAccessorImpl.invoke(DelegatingMethodAccessorImpl.java:43)
	at java.lang.reflect.Method.invoke(Method.java:606)
	at org.apache.openejb.core.interceptor.ReflectionInvocationContext$Invocation.invoke(ReflectionInvocationContext.java:181)
	at org.apache.openejb.core.interceptor.ReflectionInvocationContext.proceed(ReflectionInvocationContext.java:163)
	at org.apache.openejb.core.interceptor.InterceptorStack.invoke(InterceptorStack.java:138)
	at org.apache.openejb.core.stateless.StatelessContainer._invoke(StatelessContainer.java:237)
	at org.apache.openejb.core.stateless.StatelessContainer.invoke(StatelessContainer.java:189)
	at org.apache.openejb.core.ivm.EjbObjectProxyHandler.synchronizedBusinessMethod(EjbObjectProxyHandler.java:253)
	at org.apache.openejb.core.ivm.EjbObjectProxyHandler.businessMethod(EjbObjectProxyHandler.java:248)
	at org.apache.openejb.core.ivm.EjbObjectProxyHandler._invoke(EjbObjectProxyHandler.java:92)
	at org.apache.openejb.core.ivm.BaseEjbProxyHandler.invoke(BaseEjbProxyHandler.java:279)
	... 21 more

Feb 21, 2016 2:24:31 PM org.apache.catalina.core.StandardWrapperValve invoke
SEVERE: Servlet.service() for servlet [DodajPrijatelja] in context with path [/Vezbe09] threw exception
javax.ejb.EJBException: The bean encountered a non-application exception; nested exception is: 
	<openjpa-2.2.0-r422266:1244990 nonfatal store error> org.apache.openjpa.persistence.EntityExistsException: Attempt to persist detached object "rs.ac.uns.ftn.informatika.mbs2.vezbe09.primer01.server.entity.Gost-1".  If this is a new instance, make sure any version and/or auto-generated primary key fields are null/default when persisting.
FailedObject: rs.ac.uns.ftn.informatika.mbs2.vezbe09.primer01.server.entity.Gost-1
	at org.apache.openejb.core.ivm.BaseEjbProxyHandler.convertException(BaseEjbProxyHandler.java:363)
	at org.apache.openejb.core.ivm.BaseEjbProxyHandler.invoke(BaseEjbProxyHandler.java:283)
	at com.sun.proxy.$Proxy82.persist(Unknown Source)
	at rs.ac.uns.ftn.informatika.mbs2.vezbe09.primer01.server.servlet.DodajPrijatelja.doGet(DodajPrijatelja.java:59)
	at javax.servlet.http.HttpServlet.service(HttpServlet.java:621)
	at javax.servlet.http.HttpServlet.service(HttpServlet.java:722)
	at org.apache.catalina.core.ApplicationFilterChain.internalDoFilter(ApplicationFilterChain.java:305)
	at org.apache.catalina.core.ApplicationFilterChain.doFilter(ApplicationFilterChain.java:210)
	at org.apache.catalina.core.StandardWrapperValve.invoke(StandardWrapperValve.java:222)
	at org.apache.catalina.core.StandardContextValve.invoke(StandardContextValve.java:123)
	at org.apache.tomee.catalina.OpenEJBValve.invoke(OpenEJBValve.java:45)
	at org.apache.catalina.authenticator.AuthenticatorBase.invoke(AuthenticatorBase.java:472)
	at org.apache.catalina.core.StandardHostValve.invoke(StandardHostValve.java:168)
	at org.apache.catalina.valves.ErrorReportValve.invoke(ErrorReportValve.java:99)
	at org.apache.catalina.valves.AccessLogValve.invoke(AccessLogValve.java:929)
	at org.apache.catalina.core.StandardEngineValve.invoke(StandardEngineValve.java:118)
	at org.apache.catalina.connector.CoyoteAdapter.service(CoyoteAdapter.java:407)
	at org.apache.coyote.http11.AbstractHttp11Processor.process(AbstractHttp11Processor.java:1002)
	at org.apache.coyote.AbstractProtocol$AbstractConnectionHandler.process(AbstractProtocol.java:585)
	at org.apache.tomcat.util.net.JIoEndpoint$SocketProcessor.run(JIoEndpoint.java:312)
	at java.util.concurrent.ThreadPoolExecutor.runWorker(ThreadPoolExecutor.java:1145)
	at java.util.concurrent.ThreadPoolExecutor$Worker.run(ThreadPoolExecutor.java:615)
	at java.lang.Thread.run(Thread.java:745)
Caused by: <openjpa-2.2.0-r422266:1244990 nonfatal store error> org.apache.openjpa.persistence.EntityExistsException: Attempt to persist detached object "rs.ac.uns.ftn.informatika.mbs2.vezbe09.primer01.server.entity.Gost-1".  If this is a new instance, make sure any version and/or auto-generated primary key fields are null/default when persisting.
FailedObject: rs.ac.uns.ftn.informatika.mbs2.vezbe09.primer01.server.entity.Gost-1
	at org.apache.openjpa.kernel.BrokerImpl.persistInternal(BrokerImpl.java:2628)
	at org.apache.openjpa.kernel.BrokerImpl.persist(BrokerImpl.java:2571)
	at org.apache.openjpa.kernel.BrokerImpl.persist(BrokerImpl.java:2554)
	at org.apache.openjpa.kernel.BrokerImpl.persist(BrokerImpl.java:2458)
	at org.apache.openjpa.kernel.DelegatingBroker.persist(DelegatingBroker.java:1077)
	at org.apache.openjpa.persistence.EntityManagerImpl.persist(EntityManagerImpl.java:716)
	at org.apache.openejb.persistence.JtaEntityManager.persist(JtaEntityManager.java:126)
	at rs.ac.uns.ftn.informatika.mbs2.vezbe09.primer01.server.session.GenericDaoBean.persist(GenericDaoBean.java:50)
	at sun.reflect.NativeMethodAccessorImpl.invoke0(Native Method)
	at sun.reflect.NativeMethodAccessorImpl.invoke(NativeMethodAccessorImpl.java:57)
	at sun.reflect.DelegatingMethodAccessorImpl.invoke(DelegatingMethodAccessorImpl.java:43)
	at java.lang.reflect.Method.invoke(Method.java:606)
	at org.apache.openejb.core.interceptor.ReflectionInvocationContext$Invocation.invoke(ReflectionInvocationContext.java:181)
	at org.apache.openejb.core.interceptor.ReflectionInvocationContext.proceed(ReflectionInvocationContext.java:163)
	at org.apache.openejb.cdi.CdiInterceptor.invoke(CdiInterceptor.java:128)
	at org.apache.openejb.cdi.CdiInterceptor.access$000(CdiInterceptor.java:43)
	at org.apache.openejb.cdi.CdiInterceptor$1.call(CdiInterceptor.java:64)
	at org.apache.openejb.cdi.CdiInterceptor.aroundInvoke(CdiInterceptor.java:70)
	at sun.reflect.NativeMethodAccessorImpl.invoke0(Native Method)
	at sun.reflect.NativeMethodAccessorImpl.invoke(NativeMethodAccessorImpl.java:57)
	at sun.reflect.DelegatingMethodAccessorImpl.invoke(DelegatingMethodAccessorImpl.java:43)
	at java.lang.reflect.Method.invoke(Method.java:606)
	at org.apache.openejb.core.interceptor.ReflectionInvocationContext$Invocation.invoke(ReflectionInvocationContext.java:181)
	at org.apache.openejb.core.interceptor.ReflectionInvocationContext.proceed(ReflectionInvocationContext.java:163)
	at org.apache.openejb.monitoring.StatsInterceptor.record(StatsInterceptor.java:176)
	at org.apache.openejb.monitoring.StatsInterceptor.invoke(StatsInterceptor.java:95)
	at sun.reflect.NativeMethodAccessorImpl.invoke0(Native Method)
	at sun.reflect.NativeMethodAccessorImpl.invoke(NativeMethodAccessorImpl.java:57)
	at sun.reflect.DelegatingMethodAccessorImpl.invoke(DelegatingMethodAccessorImpl.java:43)
	at java.lang.reflect.Method.invoke(Method.java:606)
	at org.apache.openejb.core.interceptor.ReflectionInvocationContext$Invocation.invoke(ReflectionInvocationContext.java:181)
	at org.apache.openejb.core.interceptor.ReflectionInvocationContext.proceed(ReflectionInvocationContext.java:163)
	at org.apache.openejb.core.interceptor.InterceptorStack.invoke(InterceptorStack.java:138)
	at org.apache.openejb.core.stateless.StatelessContainer._invoke(StatelessContainer.java:237)
	at org.apache.openejb.core.stateless.StatelessContainer.invoke(StatelessContainer.java:189)
	at org.apache.openejb.core.ivm.EjbObjectProxyHandler.synchronizedBusinessMethod(EjbObjectProxyHandler.java:253)
	at org.apache.openejb.core.ivm.EjbObjectProxyHandler.businessMethod(EjbObjectProxyHandler.java:248)
	at org.apache.openejb.core.ivm.EjbObjectProxyHandler._invoke(EjbObjectProxyHandler.java:92)
	at org.apache.openejb.core.ivm.BaseEjbProxyHandler.invoke(BaseEjbProxyHandler.java:279)
	... 21 more

Feb 21, 2016 3:54:34 PM org.apache.catalina.core.StandardWrapperValve invoke
SEVERE: Servlet.service() for servlet [ObrisiJelovnik] in context with path [/Vezbe09] threw exception
javax.ejb.EJBException: The bean encountered a non-application exception; nested exception is: 
	java.lang.NullPointerException
	at org.apache.openejb.core.ivm.BaseEjbProxyHandler.convertException(BaseEjbProxyHandler.java:363)
	at org.apache.openejb.core.ivm.BaseEjbProxyHandler.invoke(BaseEjbProxyHandler.java:283)
	at com.sun.proxy.$Proxy81.findMeniuRestoranu(Unknown Source)
	at rs.ac.uns.ftn.informatika.mbs2.vezbe09.primer01.server.servlet.ObrisiJelovnik.doGet(ObrisiJelovnik.java:35)
	at javax.servlet.http.HttpServlet.service(HttpServlet.java:621)
	at javax.servlet.http.HttpServlet.service(HttpServlet.java:722)
	at org.apache.catalina.core.ApplicationFilterChain.internalDoFilter(ApplicationFilterChain.java:305)
	at org.apache.catalina.core.ApplicationFilterChain.doFilter(ApplicationFilterChain.java:210)
	at org.apache.catalina.core.StandardWrapperValve.invoke(StandardWrapperValve.java:222)
	at org.apache.catalina.core.StandardContextValve.invoke(StandardContextValve.java:123)
	at org.apache.tomee.catalina.OpenEJBValve.invoke(OpenEJBValve.java:45)
	at org.apache.catalina.authenticator.AuthenticatorBase.invoke(AuthenticatorBase.java:472)
	at org.apache.catalina.core.StandardHostValve.invoke(StandardHostValve.java:168)
	at org.apache.catalina.valves.ErrorReportValve.invoke(ErrorReportValve.java:99)
	at org.apache.catalina.valves.AccessLogValve.invoke(AccessLogValve.java:929)
	at org.apache.catalina.core.StandardEngineValve.invoke(StandardEngineValve.java:118)
	at org.apache.catalina.connector.CoyoteAdapter.service(CoyoteAdapter.java:407)
	at org.apache.coyote.http11.AbstractHttp11Processor.process(AbstractHttp11Processor.java:1002)
	at org.apache.coyote.AbstractProtocol$AbstractConnectionHandler.process(AbstractProtocol.java:585)
	at org.apache.tomcat.util.net.JIoEndpoint$SocketProcessor.run(JIoEndpoint.java:312)
	at java.util.concurrent.ThreadPoolExecutor.runWorker(ThreadPoolExecutor.java:1145)
	at java.util.concurrent.ThreadPoolExecutor$Worker.run(ThreadPoolExecutor.java:615)
	at java.lang.Thread.run(Thread.java:745)
Caused by: java.lang.NullPointerException
	at rs.ac.uns.ftn.informatika.mbs2.vezbe09.primer01.server.session.RestoranDaoBean.findMeniuRestoranu(RestoranDaoBean.java:31)
	at sun.reflect.NativeMethodAccessorImpl.invoke0(Native Method)
	at sun.reflect.NativeMethodAccessorImpl.invoke(NativeMethodAccessorImpl.java:57)
	at sun.reflect.DelegatingMethodAccessorImpl.invoke(DelegatingMethodAccessorImpl.java:43)
	at java.lang.reflect.Method.invoke(Method.java:606)
	at org.apache.openejb.core.interceptor.ReflectionInvocationContext$Invocation.invoke(ReflectionInvocationContext.java:181)
	at org.apache.openejb.core.interceptor.ReflectionInvocationContext.proceed(ReflectionInvocationContext.java:163)
	at org.apache.openejb.cdi.CdiInterceptor.invoke(CdiInterceptor.java:128)
	at org.apache.openejb.cdi.CdiInterceptor.access$000(CdiInterceptor.java:43)
	at org.apache.openejb.cdi.CdiInterceptor$1.call(CdiInterceptor.java:64)
	at org.apache.openejb.cdi.CdiInterceptor.aroundInvoke(CdiInterceptor.java:70)
	at sun.reflect.GeneratedMethodAccessor64.invoke(Unknown Source)
	at sun.reflect.DelegatingMethodAccessorImpl.invoke(DelegatingMethodAccessorImpl.java:43)
	at java.lang.reflect.Method.invoke(Method.java:606)
	at org.apache.openejb.core.interceptor.ReflectionInvocationContext$Invocation.invoke(ReflectionInvocationContext.java:181)
	at org.apache.openejb.core.interceptor.ReflectionInvocationContext.proceed(ReflectionInvocationContext.java:163)
	at org.apache.openejb.monitoring.StatsInterceptor.record(StatsInterceptor.java:176)
	at org.apache.openejb.monitoring.StatsInterceptor.invoke(StatsInterceptor.java:95)
	at sun.reflect.GeneratedMethodAccessor63.invoke(Unknown Source)
	at sun.reflect.DelegatingMethodAccessorImpl.invoke(DelegatingMethodAccessorImpl.java:43)
	at java.lang.reflect.Method.invoke(Method.java:606)
	at org.apache.openejb.core.interceptor.ReflectionInvocationContext$Invocation.invoke(ReflectionInvocationContext.java:181)
	at org.apache.openejb.core.interceptor.ReflectionInvocationContext.proceed(ReflectionInvocationContext.java:163)
	at org.apache.openejb.core.interceptor.InterceptorStack.invoke(InterceptorStack.java:138)
	at org.apache.openejb.core.stateless.StatelessContainer._invoke(StatelessContainer.java:237)
	at org.apache.openejb.core.stateless.StatelessContainer.invoke(StatelessContainer.java:189)
	at org.apache.openejb.core.ivm.EjbObjectProxyHandler.synchronizedBusinessMethod(EjbObjectProxyHandler.java:253)
	at org.apache.openejb.core.ivm.EjbObjectProxyHandler.businessMethod(EjbObjectProxyHandler.java:248)
	at org.apache.openejb.core.ivm.EjbObjectProxyHandler._invoke(EjbObjectProxyHandler.java:92)
	at org.apache.openejb.core.ivm.BaseEjbProxyHandler.invoke(BaseEjbProxyHandler.java:279)
	... 21 more

Feb 21, 2016 4:51:38 PM org.apache.catalina.core.StandardWrapperValve invoke
SEVERE: Servlet.service() for servlet [ObrisiJelovnik] in context with path [/Vezbe09] threw exception
javax.ejb.EJBException: The bean encountered a non-application exception; nested exception is: 
	java.lang.NullPointerException
	at org.apache.openejb.core.ivm.BaseEjbProxyHandler.convertException(BaseEjbProxyHandler.java:363)
	at org.apache.openejb.core.ivm.BaseEjbProxyHandler.invoke(BaseEjbProxyHandler.java:283)
	at com.sun.proxy.$Proxy81.izbrisiMeni(Unknown Source)
	at rs.ac.uns.ftn.informatika.mbs2.vezbe09.primer01.server.servlet.ObrisiJelovnik.doGet(ObrisiJelovnik.java:34)
	at javax.servlet.http.HttpServlet.service(HttpServlet.java:621)
	at javax.servlet.http.HttpServlet.service(HttpServlet.java:722)
	at org.apache.catalina.core.ApplicationFilterChain.internalDoFilter(ApplicationFilterChain.java:305)
	at org.apache.catalina.core.ApplicationFilterChain.doFilter(ApplicationFilterChain.java:210)
	at org.apache.catalina.core.StandardWrapperValve.invoke(StandardWrapperValve.java:222)
	at org.apache.catalina.core.StandardContextValve.invoke(StandardContextValve.java:123)
	at org.apache.tomee.catalina.OpenEJBValve.invoke(OpenEJBValve.java:45)
	at org.apache.catalina.authenticator.AuthenticatorBase.invoke(AuthenticatorBase.java:472)
	at org.apache.catalina.core.StandardHostValve.invoke(StandardHostValve.java:168)
	at org.apache.catalina.valves.ErrorReportValve.invoke(ErrorReportValve.java:99)
	at org.apache.catalina.valves.AccessLogValve.invoke(AccessLogValve.java:929)
	at org.apache.catalina.core.StandardEngineValve.invoke(StandardEngineValve.java:118)
	at org.apache.catalina.connector.CoyoteAdapter.service(CoyoteAdapter.java:407)
	at org.apache.coyote.http11.AbstractHttp11Processor.process(AbstractHttp11Processor.java:1002)
	at org.apache.coyote.AbstractProtocol$AbstractConnectionHandler.process(AbstractProtocol.java:585)
	at org.apache.tomcat.util.net.JIoEndpoint$SocketProcessor.run(JIoEndpoint.java:312)
	at java.util.concurrent.ThreadPoolExecutor.runWorker(ThreadPoolExecutor.java:1145)
	at java.util.concurrent.ThreadPoolExecutor$Worker.run(ThreadPoolExecutor.java:615)
	at java.lang.Thread.run(Thread.java:745)
Caused by: java.lang.NullPointerException
	at rs.ac.uns.ftn.informatika.mbs2.vezbe09.primer01.server.session.RestoranDaoBean.izbrisiMeni(RestoranDaoBean.java:52)
	at sun.reflect.NativeMethodAccessorImpl.invoke0(Native Method)
	at sun.reflect.NativeMethodAccessorImpl.invoke(NativeMethodAccessorImpl.java:57)
	at sun.reflect.DelegatingMethodAccessorImpl.invoke(DelegatingMethodAccessorImpl.java:43)
	at java.lang.reflect.Method.invoke(Method.java:606)
	at org.apache.openejb.core.interceptor.ReflectionInvocationContext$Invocation.invoke(ReflectionInvocationContext.java:181)
	at org.apache.openejb.core.interceptor.ReflectionInvocationContext.proceed(ReflectionInvocationContext.java:163)
	at org.apache.openejb.cdi.CdiInterceptor.invoke(CdiInterceptor.java:128)
	at org.apache.openejb.cdi.CdiInterceptor.access$000(CdiInterceptor.java:43)
	at org.apache.openejb.cdi.CdiInterceptor$1.call(CdiInterceptor.java:64)
	at org.apache.openejb.cdi.CdiInterceptor.aroundInvoke(CdiInterceptor.java:70)
	at sun.reflect.GeneratedMethodAccessor61.invoke(Unknown Source)
	at sun.reflect.DelegatingMethodAccessorImpl.invoke(DelegatingMethodAccessorImpl.java:43)
	at java.lang.reflect.Method.invoke(Method.java:606)
	at org.apache.openejb.core.interceptor.ReflectionInvocationContext$Invocation.invoke(ReflectionInvocationContext.java:181)
	at org.apache.openejb.core.interceptor.ReflectionInvocationContext.proceed(ReflectionInvocationContext.java:163)
	at org.apache.openejb.monitoring.StatsInterceptor.record(StatsInterceptor.java:176)
	at org.apache.openejb.monitoring.StatsInterceptor.invoke(StatsInterceptor.java:95)
	at sun.reflect.GeneratedMethodAccessor60.invoke(Unknown Source)
	at sun.reflect.DelegatingMethodAccessorImpl.invoke(DelegatingMethodAccessorImpl.java:43)
	at java.lang.reflect.Method.invoke(Method.java:606)
	at org.apache.openejb.core.interceptor.ReflectionInvocationContext$Invocation.invoke(ReflectionInvocationContext.java:181)
	at org.apache.openejb.core.interceptor.ReflectionInvocationContext.proceed(ReflectionInvocationContext.java:163)
	at org.apache.openejb.core.interceptor.InterceptorStack.invoke(InterceptorStack.java:138)
	at org.apache.openejb.core.stateless.StatelessContainer._invoke(StatelessContainer.java:237)
	at org.apache.openejb.core.stateless.StatelessContainer.invoke(StatelessContainer.java:189)
	at org.apache.openejb.core.ivm.EjbObjectProxyHandler.synchronizedBusinessMethod(EjbObjectProxyHandler.java:253)
	at org.apache.openejb.core.ivm.EjbObjectProxyHandler.businessMethod(EjbObjectProxyHandler.java:248)
	at org.apache.openejb.core.ivm.EjbObjectProxyHandler._invoke(EjbObjectProxyHandler.java:92)
	at org.apache.openejb.core.ivm.BaseEjbProxyHandler.invoke(BaseEjbProxyHandler.java:279)
	... 21 more

Feb 21, 2016 4:58:21 PM org.apache.catalina.core.StandardWrapperValve invoke
SEVERE: Servlet.service() for servlet [ObrisiJelovnik] in context with path [/Vezbe09] threw exception
javax.ejb.EJBException: The bean encountered a non-application exception; nested exception is: 
	java.lang.NullPointerException
	at org.apache.openejb.core.ivm.BaseEjbProxyHandler.convertException(BaseEjbProxyHandler.java:363)
	at org.apache.openejb.core.ivm.BaseEjbProxyHandler.invoke(BaseEjbProxyHandler.java:283)
	at com.sun.proxy.$Proxy81.findMeniuRestoranu(Unknown Source)
	at rs.ac.uns.ftn.informatika.mbs2.vezbe09.primer01.server.servlet.ObrisiJelovnik.doGet(ObrisiJelovnik.java:41)
	at javax.servlet.http.HttpServlet.service(HttpServlet.java:621)
	at javax.servlet.http.HttpServlet.service(HttpServlet.java:722)
	at org.apache.catalina.core.ApplicationFilterChain.internalDoFilter(ApplicationFilterChain.java:305)
	at org.apache.catalina.core.ApplicationFilterChain.doFilter(ApplicationFilterChain.java:210)
	at org.apache.catalina.core.StandardWrapperValve.invoke(StandardWrapperValve.java:222)
	at org.apache.catalina.core.StandardContextValve.invoke(StandardContextValve.java:123)
	at org.apache.tomee.catalina.OpenEJBValve.invoke(OpenEJBValve.java:45)
	at org.apache.catalina.authenticator.AuthenticatorBase.invoke(AuthenticatorBase.java:472)
	at org.apache.catalina.core.StandardHostValve.invoke(StandardHostValve.java:168)
	at org.apache.catalina.valves.ErrorReportValve.invoke(ErrorReportValve.java:99)
	at org.apache.catalina.valves.AccessLogValve.invoke(AccessLogValve.java:929)
	at org.apache.catalina.core.StandardEngineValve.invoke(StandardEngineValve.java:118)
	at org.apache.catalina.connector.CoyoteAdapter.service(CoyoteAdapter.java:407)
	at org.apache.coyote.http11.AbstractHttp11Processor.process(AbstractHttp11Processor.java:1002)
	at org.apache.coyote.AbstractProtocol$AbstractConnectionHandler.process(AbstractProtocol.java:585)
	at org.apache.tomcat.util.net.JIoEndpoint$SocketProcessor.run(JIoEndpoint.java:312)
	at java.util.concurrent.ThreadPoolExecutor.runWorker(ThreadPoolExecutor.java:1145)
	at java.util.concurrent.ThreadPoolExecutor$Worker.run(ThreadPoolExecutor.java:615)
	at java.lang.Thread.run(Thread.java:745)
Caused by: java.lang.NullPointerException
	at rs.ac.uns.ftn.informatika.mbs2.vezbe09.primer01.server.session.RestoranDaoBean.findMeniuRestoranu(RestoranDaoBean.java:31)
	at sun.reflect.NativeMethodAccessorImpl.invoke0(Native Method)
	at sun.reflect.NativeMethodAccessorImpl.invoke(NativeMethodAccessorImpl.java:57)
	at sun.reflect.DelegatingMethodAccessorImpl.invoke(DelegatingMethodAccessorImpl.java:43)
	at java.lang.reflect.Method.invoke(Method.java:606)
	at org.apache.openejb.core.interceptor.ReflectionInvocationContext$Invocation.invoke(ReflectionInvocationContext.java:181)
	at org.apache.openejb.core.interceptor.ReflectionInvocationContext.proceed(ReflectionInvocationContext.java:163)
	at org.apache.openejb.cdi.CdiInterceptor.invoke(CdiInterceptor.java:128)
	at org.apache.openejb.cdi.CdiInterceptor.access$000(CdiInterceptor.java:43)
	at org.apache.openejb.cdi.CdiInterceptor$1.call(CdiInterceptor.java:64)
	at org.apache.openejb.cdi.CdiInterceptor.aroundInvoke(CdiInterceptor.java:70)
	at sun.reflect.NativeMethodAccessorImpl.invoke0(Native Method)
	at sun.reflect.NativeMethodAccessorImpl.invoke(NativeMethodAccessorImpl.java:57)
	at sun.reflect.DelegatingMethodAccessorImpl.invoke(DelegatingMethodAccessorImpl.java:43)
	at java.lang.reflect.Method.invoke(Method.java:606)
	at org.apache.openejb.core.interceptor.ReflectionInvocationContext$Invocation.invoke(ReflectionInvocationContext.java:181)
	at org.apache.openejb.core.interceptor.ReflectionInvocationContext.proceed(ReflectionInvocationContext.java:163)
	at org.apache.openejb.monitoring.StatsInterceptor.record(StatsInterceptor.java:176)
	at org.apache.openejb.monitoring.StatsInterceptor.invoke(StatsInterceptor.java:95)
	at sun.reflect.NativeMethodAccessorImpl.invoke0(Native Method)
	at sun.reflect.NativeMethodAccessorImpl.invoke(NativeMethodAccessorImpl.java:57)
	at sun.reflect.DelegatingMethodAccessorImpl.invoke(DelegatingMethodAccessorImpl.java:43)
	at java.lang.reflect.Method.invoke(Method.java:606)
	at org.apache.openejb.core.interceptor.ReflectionInvocationContext$Invocation.invoke(ReflectionInvocationContext.java:181)
	at org.apache.openejb.core.interceptor.ReflectionInvocationContext.proceed(ReflectionInvocationContext.java:163)
	at org.apache.openejb.core.interceptor.InterceptorStack.invoke(InterceptorStack.java:138)
	at org.apache.openejb.core.stateless.StatelessContainer._invoke(StatelessContainer.java:237)
	at org.apache.openejb.core.stateless.StatelessContainer.invoke(StatelessContainer.java:189)
	at org.apache.openejb.core.ivm.EjbObjectProxyHandler.synchronizedBusinessMethod(EjbObjectProxyHandler.java:253)
	at org.apache.openejb.core.ivm.EjbObjectProxyHandler.businessMethod(EjbObjectProxyHandler.java:248)
	at org.apache.openejb.core.ivm.EjbObjectProxyHandler._invoke(EjbObjectProxyHandler.java:92)
	at org.apache.openejb.core.ivm.BaseEjbProxyHandler.invoke(BaseEjbProxyHandler.java:279)
	... 21 more

Feb 21, 2016 7:25:33 PM org.apache.catalina.core.StandardWrapperValve invoke
SEVERE: Servlet.service() for servlet [DodajJelovnik] in context with path [/Vezbe09] threw exception
java.lang.NullPointerException
	at rs.ac.uns.ftn.informatika.mbs2.vezbe09.primer01.server.servlet.DodajJelovnik.doGet(DodajJelovnik.java:35)
	at javax.servlet.http.HttpServlet.service(HttpServlet.java:621)
	at javax.servlet.http.HttpServlet.service(HttpServlet.java:722)
	at org.apache.catalina.core.ApplicationFilterChain.internalDoFilter(ApplicationFilterChain.java:305)
	at org.apache.catalina.core.ApplicationFilterChain.doFilter(ApplicationFilterChain.java:210)
	at org.apache.catalina.core.StandardWrapperValve.invoke(StandardWrapperValve.java:222)
	at org.apache.catalina.core.StandardContextValve.invoke(StandardContextValve.java:123)
	at org.apache.tomee.catalina.OpenEJBValve.invoke(OpenEJBValve.java:45)
	at org.apache.catalina.authenticator.AuthenticatorBase.invoke(AuthenticatorBase.java:472)
	at org.apache.catalina.core.StandardHostValve.invoke(StandardHostValve.java:168)
	at org.apache.catalina.valves.ErrorReportValve.invoke(ErrorReportValve.java:99)
	at org.apache.catalina.valves.AccessLogValve.invoke(AccessLogValve.java:929)
	at org.apache.catalina.core.StandardEngineValve.invoke(StandardEngineValve.java:118)
	at org.apache.catalina.connector.CoyoteAdapter.service(CoyoteAdapter.java:407)
	at org.apache.coyote.http11.AbstractHttp11Processor.process(AbstractHttp11Processor.java:1002)
	at org.apache.coyote.AbstractProtocol$AbstractConnectionHandler.process(AbstractProtocol.java:585)
	at org.apache.tomcat.util.net.JIoEndpoint$SocketProcessor.run(JIoEndpoint.java:312)
	at java.util.concurrent.ThreadPoolExecutor.runWorker(ThreadPoolExecutor.java:1145)
	at java.util.concurrent.ThreadPoolExecutor$Worker.run(ThreadPoolExecutor.java:615)
	at java.lang.Thread.run(Thread.java:745)

